Aldec, Inc. VHDL Compiler, build 10.5.217.6767
VLM Initialized with path: "C:\Users\lucas\Documents\fpga\lab2\Lab2_afterlab\Lab2\lab2_3_1\library.cfg".
DAGGEN WARNING DAGGEN_0523: "The source is compiled without the -dbg switch. Line breakpoints and assertion debug will not be available."
COMP96 File: C:\Xilinx\Vivado\2019.2\data\ip\xilinx\axi_msg_v1_0\hdl\axi_msg_v1_0_rfs.vhd
COMP96 Compile Package "axi_msg_pkg"
COMP96 Compile Package Body "axi_msg_pkg"
COMP96 Compile Entity "axi_msg_bmg_ctrl"
COMP96 Compile Architecture "implementation" of Entity "axi_msg_bmg_ctrl"
COMP96 Compile Entity "axi_msg_bmg"
COMP96 Compile Architecture "blk_mem_gen_0_arch" of Entity "axi_msg_bmg"
COMP96 Compile Entity "axi_msg_reset"
COMP96 Compile Architecture "implementation" of Entity "axi_msg_reset"
COMP96 Compile Entity "axi_msg_sfifo_autord"
COMP96 Compile Architecture "imp" of Entity "axi_msg_sfifo_autord"
COMP96 Compile Entity "axi_msg_afifo_autord"
COMP96 Compile Architecture "imp" of Entity "axi_msg_afifo_autord"
COMP96 Compile Entity "axi_msg_fifo"
COMP96 Compile Architecture "imp" of Entity "axi_msg_fifo"
COMP96 Compile Entity "axi_msg_cmd_status"
COMP96 Compile Architecture "implementation" of Entity "axi_msg_cmd_status"
COMP96 Compile Entity "axi_msg_rdmux"
COMP96 Compile Architecture "implementation" of Entity "axi_msg_rdmux"
COMP96 Compile Entity "axi_msg_addr_cntl"
COMP96 Compile Architecture "implementation" of Entity "axi_msg_addr_cntl"
COMP96 Compile Entity "axi_msg_rddata_cntl"
COMP96 Compile Architecture "implementation" of Entity "axi_msg_rddata_cntl"
COMP96 Compile Entity "axi_msg_rd_status_cntl"
COMP96 Compile Architecture "implementation" of Entity "axi_msg_rd_status_cntl"
COMP96 Compile Entity "axi_msg_scc"
COMP96 Compile Architecture "implementation" of Entity "axi_msg_scc"
COMP96 Compile Entity "axi_msg_wr_demux"
COMP96 Compile Architecture "implementation" of Entity "axi_msg_wr_demux"
COMP96 Compile Entity "axi_msg_scc_wr"
COMP96 Compile Architecture "implementation" of Entity "axi_msg_scc_wr"
COMP96 Compile Entity "axi_msg_skid2mm_buf"
COMP96 Compile Architecture "implementation" of Entity "axi_msg_skid2mm_buf"
COMP96 Compile Entity "axi_msg_wrdata_cntl"
COMP96 Compile Architecture "implementation" of Entity "axi_msg_wrdata_cntl"
COMP96 Compile Entity "axi_msg_wr_status_cntl"
COMP96 Compile Architecture "implementation" of Entity "axi_msg_wr_status_cntl"
COMP96 Compile Entity "axi_msg_skid_buf"
COMP96 Compile Architecture "implementation" of Entity "axi_msg_skid_buf"
COMP96 Compile Entity "axi_msg_mm2s_basic_wrap"
COMP96 Compile Architecture "implementation" of Entity "axi_msg_mm2s_basic_wrap"
COMP96 Compile Entity "axi_msg_s2mm_basic_wrap"
COMP96 Compile Architecture "implementation" of Entity "axi_msg_s2mm_basic_wrap"
COMP96 Compile Entity "axi_msg_datamover"
COMP96 Compile Architecture "implementation" of Entity "axi_msg_datamover"
COMP96 Compile Entity "axi_msg_ftch_sm"
COMP96 Compile Architecture "implementation" of Entity "axi_msg_ftch_sm"
COMP96 Compile Entity "axi_msg_channel_pntr"
COMP96 Compile Architecture "implementation" of Entity "axi_msg_channel_pntr"
COMP96 Compile Entity "axi_msg_ftch_pntr"
COMP96 Compile Architecture "implementation" of Entity "axi_msg_ftch_pntr"
COMP96 Compile Entity "axi_msg_ftch_cmdsts_if"
COMP96 Compile Architecture "implementation" of Entity "axi_msg_ftch_cmdsts_if"
COMP96 Compile Entity "axi_msg_ftch_mngr"
COMP96 Compile Architecture "implementation" of Entity "axi_msg_ftch_mngr"
COMP96 Compile Entity "axi_msg_cntrl_strm"
COMP96 Compile Architecture "implementation" of Entity "axi_msg_cntrl_strm"
COMP96 Compile Entity "axi_msg_ftch_fifo"
COMP96 Compile Architecture "implementation" of Entity "axi_msg_ftch_fifo"
COMP96 Compile Entity "axi_msg_ftch_queue"
COMP96 Compile Architecture "implementation" of Entity "axi_msg_ftch_queue"
COMP96 Compile Entity "axi_msg_ftch_q_mngr"
COMP96 Compile Architecture "implementation" of Entity "axi_msg_ftch_q_mngr"
COMP96 Compile Entity "axi_msg_updt_cmdsts_if"
COMP96 Compile Architecture "implementation" of Entity "axi_msg_updt_cmdsts_if"
COMP96 Compile Entity "axi_msg_updt_sm"
COMP96 Compile Architecture "implementation" of Entity "axi_msg_updt_sm"
COMP96 Compile Entity "axi_msg_updt_mngr"
COMP96 Compile Architecture "implementation" of Entity "axi_msg_updt_mngr"
COMP96 Compile Entity "axi_msg_updt_queue"
COMP96 Compile Architecture "implementation" of Entity "axi_msg_updt_queue"
COMP96 Compile Entity "axi_msg_updt_q_mngr"
COMP96 Compile Architecture "implementation" of Entity "axi_msg_updt_q_mngr"
COMP96 Compile Entity "axi_msg_intrpt"
COMP96 Compile Architecture "implementation" of Entity "axi_msg_intrpt"
COMP96 Compile Entity "axi_msg"
COMP96 Compile Architecture "implementation" of Entity "axi_msg"
COMP96 Compile success 0 Errors 0 Warnings  Analysis time :  1.0 [s]
