Aldec, Inc. VHDL Compiler, build 10.5.217.6767
VLM Initialized with path: "C:\Users\lucas\Documents\fpga\lab2\Lab2_afterlab\Lab2\lab2_3_1\library.cfg".
DAGGEN WARNING DAGGEN_0523: "The source is compiled without the -dbg switch. Line breakpoints and assertion debug will not be available."
COMP96 File: C:\Xilinx\Vivado\2019.2\data\ip\xilinx\axi_mcdma_v1_0\hdl\axi_mcdma_v1_0_vh_rfs.vhd
COMP96 Compile Package "axi_mcdma_pkg"
COMP96 Compile Package Body "axi_mcdma_pkg"
COMP96 Compile Entity "axi_mcdma_reset"
COMP96 Compile Architecture "implementation" of Entity "axi_mcdma_reset"
COMP96 Compile Entity "axi_mcdma_rst_module"
COMP96 Compile Architecture "implementation" of Entity "axi_mcdma_rst_module"
COMP96 Compile Entity "axi_mcdma_lite_if"
COMP96 Compile Architecture "implementation" of Entity "axi_mcdma_lite_if"
COMP96 Compile Entity "axi_mcdma_register"
COMP96 Compile Architecture "implementation" of Entity "axi_mcdma_register"
COMP96 Compile Entity "axi_mcdma_common_register"
COMP96 Compile Architecture "implementation" of Entity "axi_mcdma_common_register"
COMP96 Compile Entity "axi_mcdma_s2mm_common_register"
COMP96 Compile Architecture "implementation" of Entity "axi_mcdma_s2mm_common_register"
COMP96 Compile Entity "axi_mcdma_mm2s_common_register"
COMP96 Compile Architecture "implementation" of Entity "axi_mcdma_mm2s_common_register"
COMP96 Compile Entity "axi_mcdma_read_mux"
COMP96 Compile Architecture "implementation" of Entity "axi_mcdma_read_mux"
COMP96 Compile Entity "axi_mcdma_reg_module"
COMP96 Compile Architecture "implementation" of Entity "axi_mcdma_reg_module"
COMP96 Compile Entity "axi_mcdma_skid_buf"
COMP96 Compile Architecture "implementation" of Entity "axi_mcdma_skid_buf"
COMP96 Compile Entity "axi_mcdma_afifo_autord"
COMP96 Compile Architecture "imp" of Entity "axi_mcdma_afifo_autord"
COMP96 Compile Entity "axi_mcdma_pkt_drop"
COMP96 Compile Architecture "implementation" of Entity "axi_mcdma_pkt_drop"
COMP96 Compile Entity "axi_mcdma_s2mm_tdest"
COMP96 Compile Architecture "implementation" of Entity "axi_mcdma_s2mm_tdest"
COMP96 Compile Entity "axi_mcdma_sofeof_gen"
COMP96 Compile Architecture "implementation" of Entity "axi_mcdma_sofeof_gen"
COMP96 Compile Entity "axi_mcdma_smple_sm"
COMP96 Compile Architecture "implementation" of Entity "axi_mcdma_smple_sm"
COMP96 Compile Entity "axi_mcdma_mm2s_tdest"
COMP96 Compile Architecture "implementation" of Entity "axi_mcdma_mm2s_tdest"
COMP96 Compile Entity "axi_mcdma_mm2s_priority"
COMP96 Compile Architecture "implementation" of Entity "axi_mcdma_mm2s_priority"
COMP96 Compile Entity "axi_mcdma_mm2s_wrr"
COMP96 Compile Architecture "implementation" of Entity "axi_mcdma_mm2s_wrr"
COMP96 Compile Entity "axi_mcdma_mm2s_sg_if"
COMP96 Compile Architecture "implementation" of Entity "axi_mcdma_mm2s_sg_if"
COMP96 Compile Entity "axi_mcdma_mm2s_sm"
COMP96 Compile Architecture "implementation" of Entity "axi_mcdma_mm2s_sm"
COMP96 Compile Entity "axi_mcdma_mm2s_cmdsts_if"
COMP96 Compile Architecture "implementation" of Entity "axi_mcdma_mm2s_cmdsts_if"
COMP96 Compile Entity "axi_mcdma_mm2s_sts_mngr"
COMP96 Compile Architecture "implementation" of Entity "axi_mcdma_mm2s_sts_mngr"
COMP96 Compile Entity "axi_mcdma_mm2s_cntrl_strm"
COMP96 Compile Architecture "implementation" of Entity "axi_mcdma_mm2s_cntrl_strm"
COMP96 Compile Entity "axi_mcdma_mm2s_mngr"
COMP96 Compile Architecture "implementation" of Entity "axi_mcdma_mm2s_mngr"
COMP96 Compile Entity "axi_mcdma_stbs_set"
COMP96 Compile Architecture "implementation" of Entity "axi_mcdma_stbs_set"
COMP96 Compile Entity "axi_mcdma_s2mm_sg_if"
COMP96 Compile Architecture "implementation" of Entity "axi_mcdma_s2mm_sg_if"
COMP96 Compile Entity "axi_mcdma_s2mm_sm"
COMP96 Compile Architecture "implementation" of Entity "axi_mcdma_s2mm_sm"
COMP96 Compile Entity "axi_mcdma_s2mm_cmdsts_if"
COMP96 Compile Architecture "implementation" of Entity "axi_mcdma_s2mm_cmdsts_if"
COMP96 Compile Entity "axi_mcdma_s2mm_sts_mngr"
COMP96 Compile Architecture "implementation" of Entity "axi_mcdma_s2mm_sts_mngr"
COMP96 Compile Entity "axi_mcdma_s2mm_sts_strm"
COMP96 Compile Architecture "implementation" of Entity "axi_mcdma_s2mm_sts_strm"
COMP96 Compile Entity "axi_mcdma_s2mm_mngr"
COMP96 Compile Architecture "implementation" of Entity "axi_mcdma_s2mm_mngr"
COMP96 Compile Entity "axi_mcdma_cmd_split"
COMP96 Compile Architecture "implementation" of Entity "axi_mcdma_cmd_split"
COMP96 Compile Entity "axi_mcdma"
COMP96 Compile Architecture "implementation" of Entity "axi_mcdma"
COMP96 Compile success 0 Errors 0 Warnings  Analysis time :  1.0 [s]
