#-----------------------------------------------------------
# Vivado v2019.2 (64-bit)
# SW Build 2708876 on Wed Nov  6 21:40:23 MST 2019
# IP Build 2700528 on Thu Nov  7 00:09:20 MST 2019
# Start of session at: Tue Jan 28 19:35:59 2020
# Process ID: 15052
# Current directory: C:/Users/lucas/Documents/fpga/lab1_4_2
# Command line: vivado.exe -gui_launcher_event rodinguilauncherevent25328 C:\Users\lucas\Documents\fpga\lab1_4_2\lab1_4_2.xpr
# Log file: C:/Users/lucas/Documents/fpga/lab1_4_2/vivado.log
# Journal file: C:/Users/lucas/Documents/fpga/lab1_4_2\vivado.jou
#-----------------------------------------------------------
start_gui
open_project C:/Users/lucas/Documents/fpga/lab1_4_2/lab1_4_2.xpr
Scanning sources...
Finished scanning sources
INFO: [IP_Flow 19-234] Refreshing IP repositories
INFO: [IP_Flow 19-1704] No user IP repositories specified
INFO: [IP_Flow 19-2313] Loaded Vivado IP repository 'C:/Xilinx/Vivado/2019.2/data/ip'.
open_project: Time (s): cpu = 00:00:22 ; elapsed = 00:00:11 . Memory (MB): peak = 773.445 ; gain = 109.180
update_compile_order -fileset sources_1
synth_design -rtl -name rtl_1
Command: synth_design -rtl -name rtl_1
Starting synth_design
Using part: xc7a100tcsg324-1
Top: bcdto7segment_dataflow
INFO: [Device 21-403] Loading part xc7a100tcsg324-1
---------------------------------------------------------------------------------
Starting RTL Elaboration : Time (s): cpu = 00:00:06 ; elapsed = 00:00:06 . Memory (MB): peak = 1301.449 ; gain = 231.293
---------------------------------------------------------------------------------
INFO: [Synth 8-6157] synthesizing module 'bcdto7segment_dataflow' [C:/Users/lucas/Documents/fpga/lab1_4_2/lab1_4_2.srcs/sources_1/new/bcdto7segment_dataflow.v:23]
INFO: [Synth 8-6155] done synthesizing module 'bcdto7segment_dataflow' (1#1) [C:/Users/lucas/Documents/fpga/lab1_4_2/lab1_4_2.srcs/sources_1/new/bcdto7segment_dataflow.v:23]
WARNING: [Synth 8-3917] design bcdto7segment_dataflow has port AN[7] driven by constant 1
WARNING: [Synth 8-3917] design bcdto7segment_dataflow has port AN[6] driven by constant 1
WARNING: [Synth 8-3917] design bcdto7segment_dataflow has port AN[5] driven by constant 1
WARNING: [Synth 8-3917] design bcdto7segment_dataflow has port AN[4] driven by constant 1
WARNING: [Synth 8-3917] design bcdto7segment_dataflow has port AN[3] driven by constant 1
WARNING: [Synth 8-3917] design bcdto7segment_dataflow has port AN[2] driven by constant 1
WARNING: [Synth 8-3917] design bcdto7segment_dataflow has port AN[1] driven by constant 1
WARNING: [Synth 8-3917] design bcdto7segment_dataflow has port AN[0] driven by constant 0
---------------------------------------------------------------------------------
Finished RTL Elaboration : Time (s): cpu = 00:00:07 ; elapsed = 00:00:07 . Memory (MB): peak = 1356.254 ; gain = 286.098
---------------------------------------------------------------------------------

Report Check Netlist: 
+------+------------------+-------+---------+-------+------------------+
|      |Item              |Errors |Warnings |Status |Description       |
+------+------------------+-------+---------+-------+------------------+
|1     |multi_driven_nets |      0|        0|Passed |Multi driven nets |
+------+------------------+-------+---------+-------+------------------+
---------------------------------------------------------------------------------
Start Handling Custom Attributes
---------------------------------------------------------------------------------
---------------------------------------------------------------------------------
Finished Handling Custom Attributes : Time (s): cpu = 00:00:08 ; elapsed = 00:00:08 . Memory (MB): peak = 1356.254 ; gain = 286.098
---------------------------------------------------------------------------------
---------------------------------------------------------------------------------
Finished RTL Optimization Phase 1 : Time (s): cpu = 00:00:08 ; elapsed = 00:00:08 . Memory (MB): peak = 1356.254 ; gain = 286.098
---------------------------------------------------------------------------------
Netlist sorting complete. Time (s): cpu = 00:00:00 ; elapsed = 00:00:00 . Memory (MB): peak = 1356.254 ; gain = 0.000
INFO: [Project 1-570] Preparing netlist for logic optimization
INFO: [Opt 31-141] Inserted 8 OBUFs to IO ports without IO buffers.

Processing XDC Constraints
Initializing timing engine
Parsing XDC File [C:/Users/lucas/Documents/fpga/lab1_4_2/Nexys4DDR_Master.xdc]
Finished Parsing XDC File [C:/Users/lucas/Documents/fpga/lab1_4_2/Nexys4DDR_Master.xdc]
Completed Processing XDC Constraints

INFO: [Opt 31-138] Pushed 0 inverter(s) to 0 load pin(s).
Netlist sorting complete. Time (s): cpu = 00:00:00 ; elapsed = 00:00:00 . Memory (MB): peak = 1457.340 ; gain = 0.000
INFO: [Project 1-111] Unisim Transformation Summary:
No Unisim elements were transformed.

RTL Elaboration Complete:  : Time (s): cpu = 00:00:27 ; elapsed = 00:00:15 . Memory (MB): peak = 1499.855 ; gain = 429.699
7 Infos, 8 Warnings, 0 Critical Warnings and 0 Errors encountered.
synth_design completed successfully
synth_design: Time (s): cpu = 00:00:32 ; elapsed = 00:00:22 . Memory (MB): peak = 1499.855 ; gain = 697.871
exit
INFO: [Common 17-206] Exiting Vivado at Tue Jan 28 19:38:17 2020...
