MESSAGE "Pass 1. Scanning modules hierarchy."
WARNING VCP2515 "Undefined module: fifo_generator_v13_2_5 was used. Port connection rules will not be checked at such instantiations." "C:/Xilinx/Vivado/2019.2/data/ip/xilinx/axis_interconnect_v1_1/hdl/axis_interconnect_v1_1_vl_rfs.v" 1840  7
WARNING VCP2515 "Undefined module: MUXF7 was used. Port connection rules will not be checked at such instantiations." "C:/Xilinx/Vivado/2019.2/data/ip/xilinx/axis_interconnect_v1_1/hdl/axis_interconnect_v1_1_vl_rfs.v" 4130  15
WARNING VCP2515 "Undefined module: MUXF8 was used. Port connection rules will not be checked at such instantiations." "C:/Xilinx/Vivado/2019.2/data/ip/xilinx/axis_interconnect_v1_1/hdl/axis_interconnect_v1_1_vl_rfs.v" 4151  15
MESSAGE "Pass 2. Processing instantiations."
WARNING VCP2507 "Potentially recursive instantiation of module axis_interconnect_v1_1_18_dynamic_datapath detected." "C:/Xilinx/Vivado/2019.2/data/ip/xilinx/axis_interconnect_v1_1/hdl/axis_interconnect_v1_1_vl_rfs.v" 7026  50
WARNING VCP2507 "Potentially recursive instantiation of module axis_interconnect_v1_1_18_dynamic_datapath detected." "C:/Xilinx/Vivado/2019.2/data/ip/xilinx/axis_interconnect_v1_1/hdl/axis_interconnect_v1_1_vl_rfs.v" 7026  50
WARNING VCP2507 "Potentially recursive instantiation of module axis_interconnect_v1_1_18_dynamic_datapath detected." "C:/Xilinx/Vivado/2019.2/data/ip/xilinx/axis_interconnect_v1_1/hdl/axis_interconnect_v1_1_vl_rfs.v" 7026  50
WARNING VCP2507 "Potentially recursive instantiation of module axis_interconnect_v1_1_18_dynamic_datapath detected." "C:/Xilinx/Vivado/2019.2/data/ip/xilinx/axis_interconnect_v1_1/hdl/axis_interconnect_v1_1_vl_rfs.v" 7026  50
WARNING VCP2507 "Potentially recursive instantiation of module axis_interconnect_v1_1_18_dynamic_datapath detected." "C:/Xilinx/Vivado/2019.2/data/ip/xilinx/axis_interconnect_v1_1/hdl/axis_interconnect_v1_1_vl_rfs.v" 7026  50
WARNING VCP2507 "Potentially recursive instantiation of module axis_interconnect_v1_1_18_dynamic_datapath detected." "C:/Xilinx/Vivado/2019.2/data/ip/xilinx/axis_interconnect_v1_1/hdl/axis_interconnect_v1_1_vl_rfs.v" 7026  50
WARNING VCP2507 "Potentially recursive instantiation of module axis_interconnect_v1_1_18_dynamic_datapath detected." "C:/Xilinx/Vivado/2019.2/data/ip/xilinx/axis_interconnect_v1_1/hdl/axis_interconnect_v1_1_vl_rfs.v" 7026  50
WARNING VCP2507 "Potentially recursive instantiation of module axis_interconnect_v1_1_18_dynamic_datapath detected." "C:/Xilinx/Vivado/2019.2/data/ip/xilinx/axis_interconnect_v1_1/hdl/axis_interconnect_v1_1_vl_rfs.v" 7026  50
WARNING VCP2507 "Potentially recursive instantiation of module axis_interconnect_v1_1_18_dynamic_datapath detected." "C:/Xilinx/Vivado/2019.2/data/ip/xilinx/axis_interconnect_v1_1/hdl/axis_interconnect_v1_1_vl_rfs.v" 7026  50
WARNING VCP2507 "Potentially recursive instantiation of module axis_interconnect_v1_1_18_dynamic_datapath detected." "C:/Xilinx/Vivado/2019.2/data/ip/xilinx/axis_interconnect_v1_1/hdl/axis_interconnect_v1_1_vl_rfs.v" 7026  50
WARNING VCP2507 "Potentially recursive instantiation of module axis_interconnect_v1_1_18_dynamic_datapath detected." "C:/Xilinx/Vivado/2019.2/data/ip/xilinx/axis_interconnect_v1_1/hdl/axis_interconnect_v1_1_vl_rfs.v" 7026  50
WARNING VCP2507 "Potentially recursive instantiation of module axis_interconnect_v1_1_18_dynamic_datapath detected." "C:/Xilinx/Vivado/2019.2/data/ip/xilinx/axis_interconnect_v1_1/hdl/axis_interconnect_v1_1_vl_rfs.v" 7026  50
WARNING VCP2507 "Potentially recursive instantiation of module axis_interconnect_v1_1_18_dynamic_datapath detected." "C:/Xilinx/Vivado/2019.2/data/ip/xilinx/axis_interconnect_v1_1/hdl/axis_interconnect_v1_1_vl_rfs.v" 7026  50
WARNING VCP2507 "Potentially recursive instantiation of module axis_interconnect_v1_1_18_dynamic_datapath detected." "C:/Xilinx/Vivado/2019.2/data/ip/xilinx/axis_interconnect_v1_1/hdl/axis_interconnect_v1_1_vl_rfs.v" 7026  50
WARNING VCP2507 "Potentially recursive instantiation of module axis_interconnect_v1_1_18_dynamic_datapath detected." "C:/Xilinx/Vivado/2019.2/data/ip/xilinx/axis_interconnect_v1_1/hdl/axis_interconnect_v1_1_vl_rfs.v" 7026  50
WARNING VCP2507 "Potentially recursive instantiation of module axis_interconnect_v1_1_18_dynamic_datapath detected." "C:/Xilinx/Vivado/2019.2/data/ip/xilinx/axis_interconnect_v1_1/hdl/axis_interconnect_v1_1_vl_rfs.v" 7026  50
WARNING VCP2507 "Potentially recursive instantiation of module axis_interconnect_v1_1_18_dynamic_datapath detected." "C:/Xilinx/Vivado/2019.2/data/ip/xilinx/axis_interconnect_v1_1/hdl/axis_interconnect_v1_1_vl_rfs.v" 7026  50
WARNING VCP2507 "Potentially recursive instantiation of module axis_interconnect_v1_1_18_dynamic_datapath detected." "C:/Xilinx/Vivado/2019.2/data/ip/xilinx/axis_interconnect_v1_1/hdl/axis_interconnect_v1_1_vl_rfs.v" 7026  50
WARNING VCP2507 "Potentially recursive instantiation of module axis_interconnect_v1_1_18_dynamic_datapath detected." "C:/Xilinx/Vivado/2019.2/data/ip/xilinx/axis_interconnect_v1_1/hdl/axis_interconnect_v1_1_vl_rfs.v" 7026  50
WARNING VCP2507 "Potentially recursive instantiation of module axis_interconnect_v1_1_18_dynamic_datapath detected." "C:/Xilinx/Vivado/2019.2/data/ip/xilinx/axis_interconnect_v1_1/hdl/axis_interconnect_v1_1_vl_rfs.v" 7026  50
WARNING VCP2507 "Potentially recursive instantiation of module axis_interconnect_v1_1_18_dynamic_datapath detected." "C:/Xilinx/Vivado/2019.2/data/ip/xilinx/axis_interconnect_v1_1/hdl/axis_interconnect_v1_1_vl_rfs.v" 7026  50
WARNING VCP2507 "Potentially recursive instantiation of module axis_interconnect_v1_1_18_dynamic_datapath detected." "C:/Xilinx/Vivado/2019.2/data/ip/xilinx/axis_interconnect_v1_1/hdl/axis_interconnect_v1_1_vl_rfs.v" 7026  50
WARNING VCP2507 "Potentially recursive instantiation of module axis_interconnect_v1_1_18_dynamic_priority_encoder detected." "C:/Xilinx/Vivado/2019.2/data/ip/xilinx/axis_interconnect_v1_1/hdl/axis_interconnect_v1_1_vl_rfs.v" 3140  58
WARNING VCP2507 "Potentially recursive instantiation of module axis_interconnect_v1_1_18_dynamic_datapath detected." "C:/Xilinx/Vivado/2019.2/data/ip/xilinx/axis_interconnect_v1_1/hdl/axis_interconnect_v1_1_vl_rfs.v" 7026  50
WARNING VCP2507 "Potentially recursive instantiation of module axis_interconnect_v1_1_18_dynamic_datapath detected." "C:/Xilinx/Vivado/2019.2/data/ip/xilinx/axis_interconnect_v1_1/hdl/axis_interconnect_v1_1_vl_rfs.v" 7026  50
WARNING VCP2507 "Potentially recursive instantiation of module axis_interconnect_v1_1_18_dynamic_datapath detected." "C:/Xilinx/Vivado/2019.2/data/ip/xilinx/axis_interconnect_v1_1/hdl/axis_interconnect_v1_1_vl_rfs.v" 7026  50
WARNING VCP2507 "Potentially recursive instantiation of module axis_interconnect_v1_1_18_dynamic_datapath detected." "C:/Xilinx/Vivado/2019.2/data/ip/xilinx/axis_interconnect_v1_1/hdl/axis_interconnect_v1_1_vl_rfs.v" 7026  50
WARNING VCP2507 "Potentially recursive instantiation of module axis_interconnect_v1_1_18_dynamic_datapath detected." "C:/Xilinx/Vivado/2019.2/data/ip/xilinx/axis_interconnect_v1_1/hdl/axis_interconnect_v1_1_vl_rfs.v" 7026  50
WARNING VCP2507 "Potentially recursive instantiation of module axis_interconnect_v1_1_18_dynamic_datapath detected." "C:/Xilinx/Vivado/2019.2/data/ip/xilinx/axis_interconnect_v1_1/hdl/axis_interconnect_v1_1_vl_rfs.v" 7026  50
WARNING VCP2507 "Potentially recursive instantiation of module axis_interconnect_v1_1_18_dynamic_datapath detected." "C:/Xilinx/Vivado/2019.2/data/ip/xilinx/axis_interconnect_v1_1/hdl/axis_interconnect_v1_1_vl_rfs.v" 7026  50
WARNING VCP2507 "Potentially recursive instantiation of module axis_interconnect_v1_1_18_dynamic_datapath detected." "C:/Xilinx/Vivado/2019.2/data/ip/xilinx/axis_interconnect_v1_1/hdl/axis_interconnect_v1_1_vl_rfs.v" 7026  50
WARNING VCP2507 "Potentially recursive instantiation of module axis_interconnect_v1_1_18_dynamic_datapath detected." "C:/Xilinx/Vivado/2019.2/data/ip/xilinx/axis_interconnect_v1_1/hdl/axis_interconnect_v1_1_vl_rfs.v" 7026  50
MESSAGE "Pass 3. Processing behavioral statements."
MESSAGE "Running Optimizer."
MESSAGE "ELB/DAG code generating."
MESSAGE "Unit top modules: axis_interconnect_v1_1_18_axis_interconnect_16x16_top."
MESSAGE "$root top modules: axis_interconnect_v1_1_18_axis_interconnect_16x16_top."
SUCCESS "Compile success 0 Errors 35 Warnings  Analysis time: 1[s]."
ALOG: Warning: The source is compiled without the -dbg switch. Line breakpoints and assertion debug will not be available.
done
