#-----------------------------------------------------------
# Vivado v2019.2 (64-bit)
# SW Build 2708876 on Wed Nov  6 21:40:23 MST 2019
# IP Build 2700528 on Thu Nov  7 00:09:20 MST 2019
# Start of session at: Tue Jan 28 19:32:42 2020
# Process ID: 22980
# Current directory: C:/Users/lucas/Documents/fpga/lab1_2_1
# Command line: vivado.exe -gui_launcher_event rodinguilauncherevent30376 C:\Users\lucas\Documents\fpga\lab1_2_1\lab1_2_1.xpr
# Log file: C:/Users/lucas/Documents/fpga/lab1_2_1/vivado.log
# Journal file: C:/Users/lucas/Documents/fpga/lab1_2_1\vivado.jou
#-----------------------------------------------------------
start_gui
open_project C:/Users/lucas/Documents/fpga/lab1_2_1/lab1_2_1.xpr
Scanning sources...
Finished scanning sources
INFO: [IP_Flow 19-234] Refreshing IP repositories
INFO: [IP_Flow 19-1704] No user IP repositories specified
INFO: [IP_Flow 19-2313] Loaded Vivado IP repository 'C:/Xilinx/Vivado/2019.2/data/ip'.
open_project: Time (s): cpu = 00:00:23 ; elapsed = 00:00:09 . Memory (MB): peak = 750.371 ; gain = 93.699
update_compile_order -fileset sources_1
synth_design -rtl -name rtl_1
Command: synth_design -rtl -name rtl_1
Starting synth_design
Using part: xc7a100tcsg324-1
Top: data_flow
INFO: [Device 21-403] Loading part xc7a100tcsg324-1
---------------------------------------------------------------------------------
Starting RTL Elaboration : Time (s): cpu = 00:00:05 ; elapsed = 00:00:05 . Memory (MB): peak = 1319.891 ; gain = 236.895
---------------------------------------------------------------------------------
INFO: [Synth 8-6157] synthesizing module 'data_flow' [C:/Users/lucas/Documents/fpga/lab1_2_1/lab1_2_1.srcs/sources_1/new/data_flow.v:23]
INFO: [Synth 8-6155] done synthesizing module 'data_flow' (1#1) [C:/Users/lucas/Documents/fpga/lab1_2_1/lab1_2_1.srcs/sources_1/new/data_flow.v:23]
WARNING: [Synth 8-3330] design data_flow has an empty top module
---------------------------------------------------------------------------------
Finished RTL Elaboration : Time (s): cpu = 00:00:06 ; elapsed = 00:00:06 . Memory (MB): peak = 1374.953 ; gain = 291.957
---------------------------------------------------------------------------------

Report Check Netlist: 
+------+------------------+-------+---------+-------+------------------+
|      |Item              |Errors |Warnings |Status |Description       |
+------+------------------+-------+---------+-------+------------------+
|1     |multi_driven_nets |      0|        0|Passed |Multi driven nets |
+------+------------------+-------+---------+-------+------------------+
---------------------------------------------------------------------------------
Start Handling Custom Attributes
---------------------------------------------------------------------------------
---------------------------------------------------------------------------------
Finished Handling Custom Attributes : Time (s): cpu = 00:00:07 ; elapsed = 00:00:07 . Memory (MB): peak = 1374.953 ; gain = 291.957
---------------------------------------------------------------------------------
---------------------------------------------------------------------------------
Finished RTL Optimization Phase 1 : Time (s): cpu = 00:00:07 ; elapsed = 00:00:07 . Memory (MB): peak = 1374.953 ; gain = 291.957
---------------------------------------------------------------------------------
Netlist sorting complete. Time (s): cpu = 00:00:00 ; elapsed = 00:00:00 . Memory (MB): peak = 1374.953 ; gain = 0.000
INFO: [Project 1-570] Preparing netlist for logic optimization

Processing XDC Constraints
Initializing timing engine
Completed Processing XDC Constraints

INFO: [Opt 31-138] Pushed 0 inverter(s) to 0 load pin(s).
Netlist sorting complete. Time (s): cpu = 00:00:00 ; elapsed = 00:00:00 . Memory (MB): peak = 1386.766 ; gain = 0.000
INFO: [Project 1-111] Unisim Transformation Summary:
No Unisim elements were transformed.

RTL Elaboration Complete:  : Time (s): cpu = 00:00:20 ; elapsed = 00:00:12 . Memory (MB): peak = 1501.105 ; gain = 418.109
6 Infos, 1 Warnings, 0 Critical Warnings and 0 Errors encountered.
synth_design completed successfully
synth_design: Time (s): cpu = 00:00:26 ; elapsed = 00:00:18 . Memory (MB): peak = 1501.105 ; gain = 675.625
exit
INFO: [Common 17-206] Exiting Vivado at Tue Jan 28 19:34:51 2020...
