Aldec, Inc. VHDL Compiler, build 10.5.217.6767
VLM Initialized with path: "C:\Users\lucas\Documents\fpga\lab2\Lab2_afterlab\Lab2\lab2_3_1\library.cfg".
DAGGEN WARNING DAGGEN_0523: "The source is compiled without the -dbg switch. Line breakpoints and assertion debug will not be available."
COMP96 File: C:\Xilinx\Vivado\2019.2\data\ip\xilinx\tmr_voter_v1_0\hdl\tmr_voter_v1_0_vh_rfs.vhd
COMP96 Compile Entity "Voter"
COMP96 Compile Architecture "IMP" of Entity "Voter"
COMP96 Compile Entity "lmb_voter"
COMP96 Compile Architecture "imp" of Entity "lmb_voter"
COMP96 Compile Entity "s_lmb_voter"
COMP96 Compile Architecture "imp" of Entity "s_lmb_voter"
COMP96 Compile Entity "bram_voter"
COMP96 Compile Architecture "imp" of Entity "bram_voter"
COMP96 Compile Entity "m_bram_voter"
COMP96 Compile Architecture "imp" of Entity "m_bram_voter"
COMP96 Compile Entity "axi_voter"
COMP96 Compile Architecture "imp" of Entity "axi_voter"
COMP96 Compile Entity "s_axi_voter"
COMP96 Compile Architecture "imp" of Entity "s_axi_voter"
COMP96 Compile Entity "s_axis_voter"
COMP96 Compile Architecture "imp" of Entity "s_axis_voter"
COMP96 Compile Entity "m_axis_voter"
COMP96 Compile Architecture "imp" of Entity "m_axis_voter"
COMP96 Compile Entity "trace_voter"
COMP96 Compile Architecture "imp" of Entity "trace_voter"
COMP96 Compile Entity "interrupt_voter"
COMP96 Compile Architecture "imp" of Entity "interrupt_voter"
COMP96 Compile Entity "Comparator"
COMP96 Compile Architecture "IMP" of Entity "Comparator"
COMP96 Compile Entity "lmb_comparator"
COMP96 Compile Architecture "imp" of Entity "lmb_comparator"
COMP96 Compile Entity "s_lmb_comparator"
COMP96 Compile Architecture "imp" of Entity "s_lmb_comparator"
COMP96 Compile Entity "bram_comparator"
COMP96 Compile Architecture "imp" of Entity "bram_comparator"
COMP96 Compile Entity "axi_comparator"
COMP96 Compile Architecture "imp" of Entity "axi_comparator"
COMP96 Compile Entity "s_axi_comparator"
COMP96 Compile Architecture "imp" of Entity "s_axi_comparator"
COMP96 Compile Entity "s_axis_comparator"
COMP96 Compile Architecture "imp" of Entity "s_axis_comparator"
COMP96 Compile Entity "m_axis_comparator"
COMP96 Compile Architecture "imp" of Entity "m_axis_comparator"
COMP96 Compile Entity "trace_comparator"
COMP96 Compile Architecture "imp" of Entity "trace_comparator"
COMP96 Compile Entity "interrupt_comparator"
COMP96 Compile Architecture "imp" of Entity "interrupt_comparator"
COMP96 Compile Entity "tmr_test"
COMP96 Compile Architecture "imp" of Entity "tmr_test"
COMP96 Compile Entity "tmr_comparator"
COMP96 Compile Architecture "imp" of Entity "tmr_comparator"
COMP96 Compile Entity "tmr_voter"
COMP96 Compile Architecture "imp" of Entity "tmr_voter"
COMP96 Compile success 0 Errors 0 Warnings  Analysis time :  0.9 [s]
