MESSAGE "Pass 1. Scanning modules hierarchy."
WARNING VCP2857 "Implicit conversion will be used: .2*P_FREERUN_FREQUENCY+2<real> <- 7<unsized decimal>." "C:/Xilinx/Vivado/2019.2/data/ip/xilinx/uhdsdi_gt_v1_0/hdl/gt_shared/hdl/gtwizard_ultrascale_v1_7_gtwiz_reset.v" 326  83
WARNING VCP2857 "Implicit conversion will be used: .2*P_FREERUN_FREQUENCY+2<real> <- 7<unsized decimal>." "C:/Xilinx/Vivado/2019.2/data/ip/xilinx/uhdsdi_gt_v1_0/hdl/gt_shared/hdl/gtwizard_ultrascale_v1_7_gtwiz_reset.v" 578  83
MESSAGE_SP VCP2113 "Module nidru_20_wrapper found in current working library."
WARNING VCP2515 "Undefined module: FD was used. Port connection rules will not be checked at such instantiations." "C:/Xilinx/Vivado/2019.2/data/ip/xilinx/uhdsdi_gt_v1_0/hdl/drp_ctrl/uhdsdi_gt_sync_block.v" 24  3
WARNING VCP2515 "Undefined module: BUFG_GT was used. Port connection rules will not be checked at such instantiations." "C:/Xilinx/Vivado/2019.2/data/ip/xilinx/uhdsdi_gt_v1_0/hdl/gt_shared/hdl/gtwizard_ultrascale_v1_7_gthe3_cpll_cal.v" 189  5
WARNING VCP2515 "Undefined module: uhdsdi_gtwiz_gtwizard_gthe3 was used. Port connection rules will not be checked at such instantiations." "C:/Xilinx/Vivado/2019.2/data/ip/xilinx/uhdsdi_gt_v1_0/hdl/gt_shared/uhdsdi_gtwiz_gtwizard_top.v" 1756  7
WARNING VCP2515 "Undefined module: uhdsdi_gtwiz_gtwizard_gtye3 was used. Port connection rules will not be checked at such instantiations." "C:/Xilinx/Vivado/2019.2/data/ip/xilinx/uhdsdi_gt_v1_0/hdl/gt_shared/uhdsdi_gtwiz_gtwizard_top.v" 2275  7
WARNING VCP2515 "Undefined module: GTHE4_CHANNEL was used. Port connection rules will not be checked at such instantiations." "C:/Xilinx/Vivado/2019.2/data/ip/xilinx/uhdsdi_gt_v1_0/hdl/gthe4_wiz/synth/gtwizard_ultrascale_v1_7_gthe4_channel.v" 3690  9
WARNING VCP2515 "Undefined module: uhdsdi_gtwiz_gthe4_common_wrapper was used. Port connection rules will not be checked at such instantiations." "C:/Xilinx/Vivado/2019.2/data/ip/xilinx/uhdsdi_gt_v1_0/hdl/gthe4_wiz/synth/uhdsdi_gtwiz_gtwizard_gthe4.v" 1235  13
WARNING VCP2515 "Undefined module: GTHE4_COMMON was used. Port connection rules will not be checked at such instantiations." "C:/Xilinx/Vivado/2019.2/data/ip/xilinx/uhdsdi_gt_v1_0/hdl/gthe4_wiz/gt_common/uhdsdi_gthe4_common.v" 923  7
WARNING VCP2515 "Undefined module: GTYE4_CHANNEL was used. Port connection rules will not be checked at such instantiations." "C:/Xilinx/Vivado/2019.2/data/ip/xilinx/uhdsdi_gt_v1_0/hdl/gtye4_wiz/synth/gtwizard_ultrascale_v1_7_gtye4_channel.v" 3606  9
WARNING VCP2515 "Undefined module: GTYE4_COMMON was used. Port connection rules will not be checked at such instantiations." "C:/Xilinx/Vivado/2019.2/data/ip/xilinx/uhdsdi_gt_v1_0/hdl/gtye4_wiz/gt_common/gtwizard_ultrascale_v1_7_gtye4_common.v" 1065  7
MESSAGE "Pass 2. Processing instantiations."
WARNING VCP2605 "Port connection for port GTHE4_CHANNEL_BUFGTCE violates IEEE 1364. Only net expression can be connected to output/inout port." "C:/Xilinx/Vivado/2019.2/data/ip/xilinx/uhdsdi_gt_v1_0/hdl/gthe4_wiz/synth/uhdsdi_gtwiz_gtwizard_gthe4.v" 2225  1
WARNING VCP2605 "Port connection for port GTHE4_CHANNEL_BUFGTCEMASK violates IEEE 1364. Only net expression can be connected to output/inout port." "C:/Xilinx/Vivado/2019.2/data/ip/xilinx/uhdsdi_gt_v1_0/hdl/gthe4_wiz/synth/uhdsdi_gtwiz_gtwizard_gthe4.v" 2226  1
WARNING VCP2605 "Port connection for port GTHE4_CHANNEL_BUFGTDIV violates IEEE 1364. Only net expression can be connected to output/inout port." "C:/Xilinx/Vivado/2019.2/data/ip/xilinx/uhdsdi_gt_v1_0/hdl/gthe4_wiz/synth/uhdsdi_gtwiz_gtwizard_gthe4.v" 2227  1
WARNING VCP2605 "Port connection for port GTHE4_CHANNEL_BUFGTRESET violates IEEE 1364. Only net expression can be connected to output/inout port." "C:/Xilinx/Vivado/2019.2/data/ip/xilinx/uhdsdi_gt_v1_0/hdl/gthe4_wiz/synth/uhdsdi_gtwiz_gtwizard_gthe4.v" 2228  1
WARNING VCP2605 "Port connection for port GTHE4_CHANNEL_BUFGTRSTMASK violates IEEE 1364. Only net expression can be connected to output/inout port." "C:/Xilinx/Vivado/2019.2/data/ip/xilinx/uhdsdi_gt_v1_0/hdl/gthe4_wiz/synth/uhdsdi_gtwiz_gtwizard_gthe4.v" 2229  1
WARNING VCP2605 "Port connection for port GTHE4_CHANNEL_CPLLFBCLKLOST violates IEEE 1364. Only net expression can be connected to output/inout port." "C:/Xilinx/Vivado/2019.2/data/ip/xilinx/uhdsdi_gt_v1_0/hdl/gthe4_wiz/synth/uhdsdi_gtwiz_gtwizard_gthe4.v" 2230  1
WARNING VCP2605 "Port connection for port GTHE4_CHANNEL_CPLLLOCK violates IEEE 1364. Only net expression can be connected to output/inout port." "C:/Xilinx/Vivado/2019.2/data/ip/xilinx/uhdsdi_gt_v1_0/hdl/gthe4_wiz/synth/uhdsdi_gtwiz_gtwizard_gthe4.v" 2231  1
WARNING VCP2605 "Port connection for port GTHE4_CHANNEL_CPLLREFCLKLOST violates IEEE 1364. Only net expression can be connected to output/inout port." "C:/Xilinx/Vivado/2019.2/data/ip/xilinx/uhdsdi_gt_v1_0/hdl/gthe4_wiz/synth/uhdsdi_gtwiz_gtwizard_gthe4.v" 2232  1
WARNING VCP2605 "Port connection for port GTHE4_CHANNEL_DMONITOROUT violates IEEE 1364. Only net expression can be connected to output/inout port." "C:/Xilinx/Vivado/2019.2/data/ip/xilinx/uhdsdi_gt_v1_0/hdl/gthe4_wiz/synth/uhdsdi_gtwiz_gtwizard_gthe4.v" 2233  1
WARNING VCP2605 "Port connection for port GTHE4_CHANNEL_DMONITOROUTCLK violates IEEE 1364. Only net expression can be connected to output/inout port." "C:/Xilinx/Vivado/2019.2/data/ip/xilinx/uhdsdi_gt_v1_0/hdl/gthe4_wiz/synth/uhdsdi_gtwiz_gtwizard_gthe4.v" 2234  1
WARNING VCP2605 "Port connection for port GTHE4_CHANNEL_DRPDO violates IEEE 1364. Only net expression can be connected to output/inout port." "C:/Xilinx/Vivado/2019.2/data/ip/xilinx/uhdsdi_gt_v1_0/hdl/gthe4_wiz/synth/uhdsdi_gtwiz_gtwizard_gthe4.v" 2235  1
WARNING VCP2605 "Port connection for port GTHE4_CHANNEL_DRPRDY violates IEEE 1364. Only net expression can be connected to output/inout port." "C:/Xilinx/Vivado/2019.2/data/ip/xilinx/uhdsdi_gt_v1_0/hdl/gthe4_wiz/synth/uhdsdi_gtwiz_gtwizard_gthe4.v" 2236  1
WARNING VCP2605 "Port connection for port GTHE4_CHANNEL_EYESCANDATAERROR violates IEEE 1364. Only net expression can be connected to output/inout port." "C:/Xilinx/Vivado/2019.2/data/ip/xilinx/uhdsdi_gt_v1_0/hdl/gthe4_wiz/synth/uhdsdi_gtwiz_gtwizard_gthe4.v" 2237  1
WARNING VCP2605 "Port connection for port GTHE4_CHANNEL_GTHTXN violates IEEE 1364. Only net expression can be connected to output/inout port." "C:/Xilinx/Vivado/2019.2/data/ip/xilinx/uhdsdi_gt_v1_0/hdl/gthe4_wiz/synth/uhdsdi_gtwiz_gtwizard_gthe4.v" 2238  1
WARNING VCP2605 "Port connection for port GTHE4_CHANNEL_GTHTXP violates IEEE 1364. Only net expression can be connected to output/inout port." "C:/Xilinx/Vivado/2019.2/data/ip/xilinx/uhdsdi_gt_v1_0/hdl/gthe4_wiz/synth/uhdsdi_gtwiz_gtwizard_gthe4.v" 2239  1
WARNING VCP2605 "Port connection for port GTHE4_CHANNEL_GTPOWERGOOD violates IEEE 1364. Only net expression can be connected to output/inout port." "C:/Xilinx/Vivado/2019.2/data/ip/xilinx/uhdsdi_gt_v1_0/hdl/gthe4_wiz/synth/uhdsdi_gtwiz_gtwizard_gthe4.v" 2240  1
WARNING VCP2605 "Port connection for port GTHE4_CHANNEL_GTREFCLKMONITOR violates IEEE 1364. Only net expression can be connected to output/inout port." "C:/Xilinx/Vivado/2019.2/data/ip/xilinx/uhdsdi_gt_v1_0/hdl/gthe4_wiz/synth/uhdsdi_gtwiz_gtwizard_gthe4.v" 2241  1
WARNING VCP2605 "Port connection for port GTHE4_CHANNEL_PCIERATEGEN3 violates IEEE 1364. Only net expression can be connected to output/inout port." "C:/Xilinx/Vivado/2019.2/data/ip/xilinx/uhdsdi_gt_v1_0/hdl/gthe4_wiz/synth/uhdsdi_gtwiz_gtwizard_gthe4.v" 2242  1
WARNING VCP2605 "Port connection for port GTHE4_CHANNEL_PCIERATEIDLE violates IEEE 1364. Only net expression can be connected to output/inout port." "C:/Xilinx/Vivado/2019.2/data/ip/xilinx/uhdsdi_gt_v1_0/hdl/gthe4_wiz/synth/uhdsdi_gtwiz_gtwizard_gthe4.v" 2243  1
WARNING VCP2605 "Port connection for port GTHE4_CHANNEL_PCIERATEQPLLPD violates IEEE 1364. Only net expression can be connected to output/inout port." "C:/Xilinx/Vivado/2019.2/data/ip/xilinx/uhdsdi_gt_v1_0/hdl/gthe4_wiz/synth/uhdsdi_gtwiz_gtwizard_gthe4.v" 2244  1
WARNING VCP2605 "Port connection for port GTHE4_CHANNEL_PCIERATEQPLLRESET violates IEEE 1364. Only net expression can be connected to output/inout port." "C:/Xilinx/Vivado/2019.2/data/ip/xilinx/uhdsdi_gt_v1_0/hdl/gthe4_wiz/synth/uhdsdi_gtwiz_gtwizard_gthe4.v" 2245  1
WARNING VCP2605 "Port connection for port GTHE4_CHANNEL_PCIESYNCTXSYNCDONE violates IEEE 1364. Only net expression can be connected to output/inout port." "C:/Xilinx/Vivado/2019.2/data/ip/xilinx/uhdsdi_gt_v1_0/hdl/gthe4_wiz/synth/uhdsdi_gtwiz_gtwizard_gthe4.v" 2246  1
WARNING VCP2605 "Port connection for port GTHE4_CHANNEL_PCIEUSERGEN3RDY violates IEEE 1364. Only net expression can be connected to output/inout port." "C:/Xilinx/Vivado/2019.2/data/ip/xilinx/uhdsdi_gt_v1_0/hdl/gthe4_wiz/synth/uhdsdi_gtwiz_gtwizard_gthe4.v" 2247  1
WARNING VCP2605 "Port connection for port GTHE4_CHANNEL_PCIEUSERPHYSTATUSRST violates IEEE 1364. Only net expression can be connected to output/inout port." "C:/Xilinx/Vivado/2019.2/data/ip/xilinx/uhdsdi_gt_v1_0/hdl/gthe4_wiz/synth/uhdsdi_gtwiz_gtwizard_gthe4.v" 2248  1
WARNING VCP2605 "Port connection for port GTHE4_CHANNEL_PCIEUSERRATESTART violates IEEE 1364. Only net expression can be connected to output/inout port." "C:/Xilinx/Vivado/2019.2/data/ip/xilinx/uhdsdi_gt_v1_0/hdl/gthe4_wiz/synth/uhdsdi_gtwiz_gtwizard_gthe4.v" 2249  1
WARNING VCP2605 "Port connection for port GTHE4_CHANNEL_PCSRSVDOUT violates IEEE 1364. Only net expression can be connected to output/inout port." "C:/Xilinx/Vivado/2019.2/data/ip/xilinx/uhdsdi_gt_v1_0/hdl/gthe4_wiz/synth/uhdsdi_gtwiz_gtwizard_gthe4.v" 2250  1
WARNING VCP2605 "Port connection for port GTHE4_CHANNEL_PHYSTATUS violates IEEE 1364. Only net expression can be connected to output/inout port." "C:/Xilinx/Vivado/2019.2/data/ip/xilinx/uhdsdi_gt_v1_0/hdl/gthe4_wiz/synth/uhdsdi_gtwiz_gtwizard_gthe4.v" 2251  1
WARNING VCP2605 "Port connection for port GTHE4_CHANNEL_PINRSRVDAS violates IEEE 1364. Only net expression can be connected to output/inout port." "C:/Xilinx/Vivado/2019.2/data/ip/xilinx/uhdsdi_gt_v1_0/hdl/gthe4_wiz/synth/uhdsdi_gtwiz_gtwizard_gthe4.v" 2252  1
WARNING VCP2605 "Port connection for port GTHE4_CHANNEL_POWERPRESENT violates IEEE 1364. Only net expression can be connected to output/inout port." "C:/Xilinx/Vivado/2019.2/data/ip/xilinx/uhdsdi_gt_v1_0/hdl/gthe4_wiz/synth/uhdsdi_gtwiz_gtwizard_gthe4.v" 2253  1
WARNING VCP2605 "Port connection for port GTHE4_CHANNEL_RESETEXCEPTION violates IEEE 1364. Only net expression can be connected to output/inout port." "C:/Xilinx/Vivado/2019.2/data/ip/xilinx/uhdsdi_gt_v1_0/hdl/gthe4_wiz/synth/uhdsdi_gtwiz_gtwizard_gthe4.v" 2254  1
WARNING VCP2605 "Port connection for port GTHE4_CHANNEL_RXBUFSTATUS violates IEEE 1364. Only net expression can be connected to output/inout port." "C:/Xilinx/Vivado/2019.2/data/ip/xilinx/uhdsdi_gt_v1_0/hdl/gthe4_wiz/synth/uhdsdi_gtwiz_gtwizard_gthe4.v" 2255  1
WARNING VCP2605 "Port connection for port GTHE4_CHANNEL_RXBYTEISALIGNED violates IEEE 1364. Only net expression can be connected to output/inout port." "C:/Xilinx/Vivado/2019.2/data/ip/xilinx/uhdsdi_gt_v1_0/hdl/gthe4_wiz/synth/uhdsdi_gtwiz_gtwizard_gthe4.v" 2256  1
WARNING VCP2605 "Port connection for port GTHE4_CHANNEL_RXBYTEREALIGN violates IEEE 1364. Only net expression can be connected to output/inout port." "C:/Xilinx/Vivado/2019.2/data/ip/xilinx/uhdsdi_gt_v1_0/hdl/gthe4_wiz/synth/uhdsdi_gtwiz_gtwizard_gthe4.v" 2257  1
WARNING VCP2605 "Port connection for port GTHE4_CHANNEL_RXCDRLOCK violates IEEE 1364. Only net expression can be connected to output/inout port." "C:/Xilinx/Vivado/2019.2/data/ip/xilinx/uhdsdi_gt_v1_0/hdl/gthe4_wiz/synth/uhdsdi_gtwiz_gtwizard_gthe4.v" 2258  1
WARNING VCP2605 "Port connection for port GTHE4_CHANNEL_RXCDRPHDONE violates IEEE 1364. Only net expression can be connected to output/inout port." "C:/Xilinx/Vivado/2019.2/data/ip/xilinx/uhdsdi_gt_v1_0/hdl/gthe4_wiz/synth/uhdsdi_gtwiz_gtwizard_gthe4.v" 2259  1
WARNING VCP2605 "Port connection for port GTHE4_CHANNEL_RXCHANBONDSEQ violates IEEE 1364. Only net expression can be connected to output/inout port." "C:/Xilinx/Vivado/2019.2/data/ip/xilinx/uhdsdi_gt_v1_0/hdl/gthe4_wiz/synth/uhdsdi_gtwiz_gtwizard_gthe4.v" 2260  1
WARNING VCP2605 "Port connection for port GTHE4_CHANNEL_RXCHANISALIGNED violates IEEE 1364. Only net expression can be connected to output/inout port." "C:/Xilinx/Vivado/2019.2/data/ip/xilinx/uhdsdi_gt_v1_0/hdl/gthe4_wiz/synth/uhdsdi_gtwiz_gtwizard_gthe4.v" 2261  1
WARNING VCP2605 "Port connection for port GTHE4_CHANNEL_RXCHANREALIGN violates IEEE 1364. Only net expression can be connected to output/inout port." "C:/Xilinx/Vivado/2019.2/data/ip/xilinx/uhdsdi_gt_v1_0/hdl/gthe4_wiz/synth/uhdsdi_gtwiz_gtwizard_gthe4.v" 2262  1
WARNING VCP2605 "Port connection for port GTHE4_CHANNEL_RXCHBONDO violates IEEE 1364. Only net expression can be connected to output/inout port." "C:/Xilinx/Vivado/2019.2/data/ip/xilinx/uhdsdi_gt_v1_0/hdl/gthe4_wiz/synth/uhdsdi_gtwiz_gtwizard_gthe4.v" 2263  1
WARNING VCP2605 "Port connection for port GTHE4_CHANNEL_RXCKCALDONE violates IEEE 1364. Only net expression can be connected to output/inout port." "C:/Xilinx/Vivado/2019.2/data/ip/xilinx/uhdsdi_gt_v1_0/hdl/gthe4_wiz/synth/uhdsdi_gtwiz_gtwizard_gthe4.v" 2264  1
WARNING VCP2605 "Port connection for port GTHE4_CHANNEL_RXCLKCORCNT violates IEEE 1364. Only net expression can be connected to output/inout port." "C:/Xilinx/Vivado/2019.2/data/ip/xilinx/uhdsdi_gt_v1_0/hdl/gthe4_wiz/synth/uhdsdi_gtwiz_gtwizard_gthe4.v" 2265  1
WARNING VCP2605 "Port connection for port GTHE4_CHANNEL_RXCOMINITDET violates IEEE 1364. Only net expression can be connected to output/inout port." "C:/Xilinx/Vivado/2019.2/data/ip/xilinx/uhdsdi_gt_v1_0/hdl/gthe4_wiz/synth/uhdsdi_gtwiz_gtwizard_gthe4.v" 2266  1
WARNING VCP2605 "Port connection for port GTHE4_CHANNEL_RXCOMMADET violates IEEE 1364. Only net expression can be connected to output/inout port." "C:/Xilinx/Vivado/2019.2/data/ip/xilinx/uhdsdi_gt_v1_0/hdl/gthe4_wiz/synth/uhdsdi_gtwiz_gtwizard_gthe4.v" 2267  1
WARNING VCP2605 "Port connection for port GTHE4_CHANNEL_RXCOMSASDET violates IEEE 1364. Only net expression can be connected to output/inout port." "C:/Xilinx/Vivado/2019.2/data/ip/xilinx/uhdsdi_gt_v1_0/hdl/gthe4_wiz/synth/uhdsdi_gtwiz_gtwizard_gthe4.v" 2268  1
WARNING VCP2605 "Port connection for port GTHE4_CHANNEL_RXCOMWAKEDET violates IEEE 1364. Only net expression can be connected to output/inout port." "C:/Xilinx/Vivado/2019.2/data/ip/xilinx/uhdsdi_gt_v1_0/hdl/gthe4_wiz/synth/uhdsdi_gtwiz_gtwizard_gthe4.v" 2269  1
WARNING VCP2605 "Port connection for port GTHE4_CHANNEL_RXCTRL0 violates IEEE 1364. Only net expression can be connected to output/inout port." "C:/Xilinx/Vivado/2019.2/data/ip/xilinx/uhdsdi_gt_v1_0/hdl/gthe4_wiz/synth/uhdsdi_gtwiz_gtwizard_gthe4.v" 2270  1
WARNING VCP2605 "Port connection for port GTHE4_CHANNEL_RXCTRL1 violates IEEE 1364. Only net expression can be connected to output/inout port." "C:/Xilinx/Vivado/2019.2/data/ip/xilinx/uhdsdi_gt_v1_0/hdl/gthe4_wiz/synth/uhdsdi_gtwiz_gtwizard_gthe4.v" 2271  1
WARNING VCP2605 "Port connection for port GTHE4_CHANNEL_RXCTRL2 violates IEEE 1364. Only net expression can be connected to output/inout port." "C:/Xilinx/Vivado/2019.2/data/ip/xilinx/uhdsdi_gt_v1_0/hdl/gthe4_wiz/synth/uhdsdi_gtwiz_gtwizard_gthe4.v" 2272  1
WARNING VCP2605 "Port connection for port GTHE4_CHANNEL_RXCTRL3 violates IEEE 1364. Only net expression can be connected to output/inout port." "C:/Xilinx/Vivado/2019.2/data/ip/xilinx/uhdsdi_gt_v1_0/hdl/gthe4_wiz/synth/uhdsdi_gtwiz_gtwizard_gthe4.v" 2273  1
WARNING VCP2605 "Port connection for port GTHE4_CHANNEL_RXDATA violates IEEE 1364. Only net expression can be connected to output/inout port." "C:/Xilinx/Vivado/2019.2/data/ip/xilinx/uhdsdi_gt_v1_0/hdl/gthe4_wiz/synth/uhdsdi_gtwiz_gtwizard_gthe4.v" 2274  1
WARNING VCP2605 "Port connection for port GTHE4_CHANNEL_RXDATAEXTENDRSVD violates IEEE 1364. Only net expression can be connected to output/inout port." "C:/Xilinx/Vivado/2019.2/data/ip/xilinx/uhdsdi_gt_v1_0/hdl/gthe4_wiz/synth/uhdsdi_gtwiz_gtwizard_gthe4.v" 2275  1
WARNING VCP2605 "Port connection for port GTHE4_CHANNEL_RXDATAVALID violates IEEE 1364. Only net expression can be connected to output/inout port." "C:/Xilinx/Vivado/2019.2/data/ip/xilinx/uhdsdi_gt_v1_0/hdl/gthe4_wiz/synth/uhdsdi_gtwiz_gtwizard_gthe4.v" 2276  1
WARNING VCP2605 "Port connection for port GTHE4_CHANNEL_RXDLYSRESETDONE violates IEEE 1364. Only net expression can be connected to output/inout port." "C:/Xilinx/Vivado/2019.2/data/ip/xilinx/uhdsdi_gt_v1_0/hdl/gthe4_wiz/synth/uhdsdi_gtwiz_gtwizard_gthe4.v" 2277  1
WARNING VCP2605 "Port connection for port GTHE4_CHANNEL_RXELECIDLE violates IEEE 1364. Only net expression can be connected to output/inout port." "C:/Xilinx/Vivado/2019.2/data/ip/xilinx/uhdsdi_gt_v1_0/hdl/gthe4_wiz/synth/uhdsdi_gtwiz_gtwizard_gthe4.v" 2278  1
WARNING VCP2605 "Port connection for port GTHE4_CHANNEL_RXHEADER violates IEEE 1364. Only net expression can be connected to output/inout port." "C:/Xilinx/Vivado/2019.2/data/ip/xilinx/uhdsdi_gt_v1_0/hdl/gthe4_wiz/synth/uhdsdi_gtwiz_gtwizard_gthe4.v" 2279  1
WARNING VCP2605 "Port connection for port GTHE4_CHANNEL_RXHEADERVALID violates IEEE 1364. Only net expression can be connected to output/inout port." "C:/Xilinx/Vivado/2019.2/data/ip/xilinx/uhdsdi_gt_v1_0/hdl/gthe4_wiz/synth/uhdsdi_gtwiz_gtwizard_gthe4.v" 2280  1
WARNING VCP2605 "Port connection for port GTHE4_CHANNEL_RXLFPSTRESETDET violates IEEE 1364. Only net expression can be connected to output/inout port." "C:/Xilinx/Vivado/2019.2/data/ip/xilinx/uhdsdi_gt_v1_0/hdl/gthe4_wiz/synth/uhdsdi_gtwiz_gtwizard_gthe4.v" 2281  1
WARNING VCP2605 "Port connection for port GTHE4_CHANNEL_RXLFPSU2LPEXITDET violates IEEE 1364. Only net expression can be connected to output/inout port." "C:/Xilinx/Vivado/2019.2/data/ip/xilinx/uhdsdi_gt_v1_0/hdl/gthe4_wiz/synth/uhdsdi_gtwiz_gtwizard_gthe4.v" 2282  1
WARNING VCP2605 "Port connection for port GTHE4_CHANNEL_RXLFPSU3WAKEDET violates IEEE 1364. Only net expression can be connected to output/inout port." "C:/Xilinx/Vivado/2019.2/data/ip/xilinx/uhdsdi_gt_v1_0/hdl/gthe4_wiz/synth/uhdsdi_gtwiz_gtwizard_gthe4.v" 2283  1
WARNING VCP2605 "Port connection for port GTHE4_CHANNEL_RXMONITOROUT violates IEEE 1364. Only net expression can be connected to output/inout port." "C:/Xilinx/Vivado/2019.2/data/ip/xilinx/uhdsdi_gt_v1_0/hdl/gthe4_wiz/synth/uhdsdi_gtwiz_gtwizard_gthe4.v" 2284  1
WARNING VCP2605 "Port connection for port GTHE4_CHANNEL_RXOSINTDONE violates IEEE 1364. Only net expression can be connected to output/inout port." "C:/Xilinx/Vivado/2019.2/data/ip/xilinx/uhdsdi_gt_v1_0/hdl/gthe4_wiz/synth/uhdsdi_gtwiz_gtwizard_gthe4.v" 2285  1
WARNING VCP2605 "Port connection for port GTHE4_CHANNEL_RXOSINTSTARTED violates IEEE 1364. Only net expression can be connected to output/inout port." "C:/Xilinx/Vivado/2019.2/data/ip/xilinx/uhdsdi_gt_v1_0/hdl/gthe4_wiz/synth/uhdsdi_gtwiz_gtwizard_gthe4.v" 2286  1
WARNING VCP2605 "Port connection for port GTHE4_CHANNEL_RXOSINTSTROBEDONE violates IEEE 1364. Only net expression can be connected to output/inout port." "C:/Xilinx/Vivado/2019.2/data/ip/xilinx/uhdsdi_gt_v1_0/hdl/gthe4_wiz/synth/uhdsdi_gtwiz_gtwizard_gthe4.v" 2287  1
WARNING VCP2605 "Port connection for port GTHE4_CHANNEL_RXOSINTSTROBESTARTED violates IEEE 1364. Only net expression can be connected to output/inout port." "C:/Xilinx/Vivado/2019.2/data/ip/xilinx/uhdsdi_gt_v1_0/hdl/gthe4_wiz/synth/uhdsdi_gtwiz_gtwizard_gthe4.v" 2288  1
WARNING VCP2605 "Port connection for port GTHE4_CHANNEL_RXOUTCLK violates IEEE 1364. Only net expression can be connected to output/inout port." "C:/Xilinx/Vivado/2019.2/data/ip/xilinx/uhdsdi_gt_v1_0/hdl/gthe4_wiz/synth/uhdsdi_gtwiz_gtwizard_gthe4.v" 2289  1
WARNING VCP2605 "Port connection for port GTHE4_CHANNEL_RXOUTCLKFABRIC violates IEEE 1364. Only net expression can be connected to output/inout port." "C:/Xilinx/Vivado/2019.2/data/ip/xilinx/uhdsdi_gt_v1_0/hdl/gthe4_wiz/synth/uhdsdi_gtwiz_gtwizard_gthe4.v" 2290  1
WARNING VCP2605 "Port connection for port GTHE4_CHANNEL_RXOUTCLKPCS violates IEEE 1364. Only net expression can be connected to output/inout port." "C:/Xilinx/Vivado/2019.2/data/ip/xilinx/uhdsdi_gt_v1_0/hdl/gthe4_wiz/synth/uhdsdi_gtwiz_gtwizard_gthe4.v" 2291  1
WARNING VCP2605 "Port connection for port GTHE4_CHANNEL_RXPHALIGNDONE violates IEEE 1364. Only net expression can be connected to output/inout port." "C:/Xilinx/Vivado/2019.2/data/ip/xilinx/uhdsdi_gt_v1_0/hdl/gthe4_wiz/synth/uhdsdi_gtwiz_gtwizard_gthe4.v" 2292  1
WARNING VCP2605 "Port connection for port GTHE4_CHANNEL_RXPHALIGNERR violates IEEE 1364. Only net expression can be connected to output/inout port." "C:/Xilinx/Vivado/2019.2/data/ip/xilinx/uhdsdi_gt_v1_0/hdl/gthe4_wiz/synth/uhdsdi_gtwiz_gtwizard_gthe4.v" 2293  1
WARNING VCP2605 "Port connection for port GTHE4_CHANNEL_RXPMARESETDONE violates IEEE 1364. Only net expression can be connected to output/inout port." "C:/Xilinx/Vivado/2019.2/data/ip/xilinx/uhdsdi_gt_v1_0/hdl/gthe4_wiz/synth/uhdsdi_gtwiz_gtwizard_gthe4.v" 2294  1
WARNING VCP2605 "Port connection for port GTHE4_CHANNEL_RXPRBSERR violates IEEE 1364. Only net expression can be connected to output/inout port." "C:/Xilinx/Vivado/2019.2/data/ip/xilinx/uhdsdi_gt_v1_0/hdl/gthe4_wiz/synth/uhdsdi_gtwiz_gtwizard_gthe4.v" 2295  1
WARNING VCP2605 "Port connection for port GTHE4_CHANNEL_RXPRBSLOCKED violates IEEE 1364. Only net expression can be connected to output/inout port." "C:/Xilinx/Vivado/2019.2/data/ip/xilinx/uhdsdi_gt_v1_0/hdl/gthe4_wiz/synth/uhdsdi_gtwiz_gtwizard_gthe4.v" 2296  1
WARNING VCP2605 "Port connection for port GTHE4_CHANNEL_RXPRGDIVRESETDONE violates IEEE 1364. Only net expression can be connected to output/inout port." "C:/Xilinx/Vivado/2019.2/data/ip/xilinx/uhdsdi_gt_v1_0/hdl/gthe4_wiz/synth/uhdsdi_gtwiz_gtwizard_gthe4.v" 2297  1
WARNING VCP2605 "Port connection for port GTHE4_CHANNEL_RXQPISENN violates IEEE 1364. Only net expression can be connected to output/inout port." "C:/Xilinx/Vivado/2019.2/data/ip/xilinx/uhdsdi_gt_v1_0/hdl/gthe4_wiz/synth/uhdsdi_gtwiz_gtwizard_gthe4.v" 2298  1
WARNING VCP2605 "Port connection for port GTHE4_CHANNEL_RXQPISENP violates IEEE 1364. Only net expression can be connected to output/inout port." "C:/Xilinx/Vivado/2019.2/data/ip/xilinx/uhdsdi_gt_v1_0/hdl/gthe4_wiz/synth/uhdsdi_gtwiz_gtwizard_gthe4.v" 2299  1
WARNING VCP2605 "Port connection for port GTHE4_CHANNEL_RXRATEDONE violates IEEE 1364. Only net expression can be connected to output/inout port." "C:/Xilinx/Vivado/2019.2/data/ip/xilinx/uhdsdi_gt_v1_0/hdl/gthe4_wiz/synth/uhdsdi_gtwiz_gtwizard_gthe4.v" 2300  1
WARNING VCP2605 "Port connection for port GTHE4_CHANNEL_RXRECCLKOUT violates IEEE 1364. Only net expression can be connected to output/inout port." "C:/Xilinx/Vivado/2019.2/data/ip/xilinx/uhdsdi_gt_v1_0/hdl/gthe4_wiz/synth/uhdsdi_gtwiz_gtwizard_gthe4.v" 2301  1
WARNING VCP2605 "Port connection for port GTHE4_CHANNEL_RXRESETDONE violates IEEE 1364. Only net expression can be connected to output/inout port." "C:/Xilinx/Vivado/2019.2/data/ip/xilinx/uhdsdi_gt_v1_0/hdl/gthe4_wiz/synth/uhdsdi_gtwiz_gtwizard_gthe4.v" 2302  1
WARNING VCP2605 "Port connection for port GTHE4_CHANNEL_RXSLIDERDY violates IEEE 1364. Only net expression can be connected to output/inout port." "C:/Xilinx/Vivado/2019.2/data/ip/xilinx/uhdsdi_gt_v1_0/hdl/gthe4_wiz/synth/uhdsdi_gtwiz_gtwizard_gthe4.v" 2303  1
WARNING VCP2605 "Port connection for port GTHE4_CHANNEL_RXSLIPDONE violates IEEE 1364. Only net expression can be connected to output/inout port." "C:/Xilinx/Vivado/2019.2/data/ip/xilinx/uhdsdi_gt_v1_0/hdl/gthe4_wiz/synth/uhdsdi_gtwiz_gtwizard_gthe4.v" 2304  1
WARNING VCP2605 "Port connection for port GTHE4_CHANNEL_RXSLIPOUTCLKRDY violates IEEE 1364. Only net expression can be connected to output/inout port." "C:/Xilinx/Vivado/2019.2/data/ip/xilinx/uhdsdi_gt_v1_0/hdl/gthe4_wiz/synth/uhdsdi_gtwiz_gtwizard_gthe4.v" 2305  1
WARNING VCP2605 "Port connection for port GTHE4_CHANNEL_RXSLIPPMARDY violates IEEE 1364. Only net expression can be connected to output/inout port." "C:/Xilinx/Vivado/2019.2/data/ip/xilinx/uhdsdi_gt_v1_0/hdl/gthe4_wiz/synth/uhdsdi_gtwiz_gtwizard_gthe4.v" 2306  1
WARNING VCP2605 "Port connection for port GTHE4_CHANNEL_RXSTARTOFSEQ violates IEEE 1364. Only net expression can be connected to output/inout port." "C:/Xilinx/Vivado/2019.2/data/ip/xilinx/uhdsdi_gt_v1_0/hdl/gthe4_wiz/synth/uhdsdi_gtwiz_gtwizard_gthe4.v" 2307  1
WARNING VCP2605 "Port connection for port GTHE4_CHANNEL_RXSTATUS violates IEEE 1364. Only net expression can be connected to output/inout port." "C:/Xilinx/Vivado/2019.2/data/ip/xilinx/uhdsdi_gt_v1_0/hdl/gthe4_wiz/synth/uhdsdi_gtwiz_gtwizard_gthe4.v" 2308  1
WARNING VCP2605 "Port connection for port GTHE4_CHANNEL_RXSYNCDONE violates IEEE 1364. Only net expression can be connected to output/inout port." "C:/Xilinx/Vivado/2019.2/data/ip/xilinx/uhdsdi_gt_v1_0/hdl/gthe4_wiz/synth/uhdsdi_gtwiz_gtwizard_gthe4.v" 2309  1
WARNING VCP2605 "Port connection for port GTHE4_CHANNEL_RXSYNCOUT violates IEEE 1364. Only net expression can be connected to output/inout port." "C:/Xilinx/Vivado/2019.2/data/ip/xilinx/uhdsdi_gt_v1_0/hdl/gthe4_wiz/synth/uhdsdi_gtwiz_gtwizard_gthe4.v" 2310  1
WARNING VCP2605 "Port connection for port GTHE4_CHANNEL_RXVALID violates IEEE 1364. Only net expression can be connected to output/inout port." "C:/Xilinx/Vivado/2019.2/data/ip/xilinx/uhdsdi_gt_v1_0/hdl/gthe4_wiz/synth/uhdsdi_gtwiz_gtwizard_gthe4.v" 2311  1
WARNING VCP2605 "Port connection for port GTHE4_CHANNEL_TXBUFSTATUS violates IEEE 1364. Only net expression can be connected to output/inout port." "C:/Xilinx/Vivado/2019.2/data/ip/xilinx/uhdsdi_gt_v1_0/hdl/gthe4_wiz/synth/uhdsdi_gtwiz_gtwizard_gthe4.v" 2312  1
WARNING VCP2605 "Port connection for port GTHE4_CHANNEL_TXCOMFINISH violates IEEE 1364. Only net expression can be connected to output/inout port." "C:/Xilinx/Vivado/2019.2/data/ip/xilinx/uhdsdi_gt_v1_0/hdl/gthe4_wiz/synth/uhdsdi_gtwiz_gtwizard_gthe4.v" 2313  1
WARNING VCP2605 "Port connection for port GTHE4_CHANNEL_TXDCCDONE violates IEEE 1364. Only net expression can be connected to output/inout port." "C:/Xilinx/Vivado/2019.2/data/ip/xilinx/uhdsdi_gt_v1_0/hdl/gthe4_wiz/synth/uhdsdi_gtwiz_gtwizard_gthe4.v" 2314  1
WARNING VCP2605 "Port connection for port GTHE4_CHANNEL_TXDLYSRESETDONE violates IEEE 1364. Only net expression can be connected to output/inout port." "C:/Xilinx/Vivado/2019.2/data/ip/xilinx/uhdsdi_gt_v1_0/hdl/gthe4_wiz/synth/uhdsdi_gtwiz_gtwizard_gthe4.v" 2315  1
WARNING VCP2605 "Port connection for port GTHE4_CHANNEL_TXOUTCLK violates IEEE 1364. Only net expression can be connected to output/inout port." "C:/Xilinx/Vivado/2019.2/data/ip/xilinx/uhdsdi_gt_v1_0/hdl/gthe4_wiz/synth/uhdsdi_gtwiz_gtwizard_gthe4.v" 2316  1
WARNING VCP2605 "Port connection for port GTHE4_CHANNEL_TXOUTCLKFABRIC violates IEEE 1364. Only net expression can be connected to output/inout port." "C:/Xilinx/Vivado/2019.2/data/ip/xilinx/uhdsdi_gt_v1_0/hdl/gthe4_wiz/synth/uhdsdi_gtwiz_gtwizard_gthe4.v" 2317  1
WARNING VCP2605 "Port connection for port GTHE4_CHANNEL_TXOUTCLKPCS violates IEEE 1364. Only net expression can be connected to output/inout port." "C:/Xilinx/Vivado/2019.2/data/ip/xilinx/uhdsdi_gt_v1_0/hdl/gthe4_wiz/synth/uhdsdi_gtwiz_gtwizard_gthe4.v" 2318  1
WARNING VCP2605 "Port connection for port GTHE4_CHANNEL_TXPHALIGNDONE violates IEEE 1364. Only net expression can be connected to output/inout port." "C:/Xilinx/Vivado/2019.2/data/ip/xilinx/uhdsdi_gt_v1_0/hdl/gthe4_wiz/synth/uhdsdi_gtwiz_gtwizard_gthe4.v" 2319  1
WARNING VCP2605 "Port connection for port GTHE4_CHANNEL_TXPHINITDONE violates IEEE 1364. Only net expression can be connected to output/inout port." "C:/Xilinx/Vivado/2019.2/data/ip/xilinx/uhdsdi_gt_v1_0/hdl/gthe4_wiz/synth/uhdsdi_gtwiz_gtwizard_gthe4.v" 2320  1
WARNING VCP2605 "Port connection for port GTHE4_CHANNEL_TXPMARESETDONE violates IEEE 1364. Only net expression can be connected to output/inout port." "C:/Xilinx/Vivado/2019.2/data/ip/xilinx/uhdsdi_gt_v1_0/hdl/gthe4_wiz/synth/uhdsdi_gtwiz_gtwizard_gthe4.v" 2321  1
WARNING VCP2605 "Port connection for port GTHE4_CHANNEL_TXPRGDIVRESETDONE violates IEEE 1364. Only net expression can be connected to output/inout port." "C:/Xilinx/Vivado/2019.2/data/ip/xilinx/uhdsdi_gt_v1_0/hdl/gthe4_wiz/synth/uhdsdi_gtwiz_gtwizard_gthe4.v" 2322  1
WARNING VCP2605 "Port connection for port GTHE4_CHANNEL_TXQPISENN violates IEEE 1364. Only net expression can be connected to output/inout port." "C:/Xilinx/Vivado/2019.2/data/ip/xilinx/uhdsdi_gt_v1_0/hdl/gthe4_wiz/synth/uhdsdi_gtwiz_gtwizard_gthe4.v" 2323  1
WARNING VCP2605 "Port connection for port GTHE4_CHANNEL_TXQPISENP violates IEEE 1364. Only net expression can be connected to output/inout port." "C:/Xilinx/Vivado/2019.2/data/ip/xilinx/uhdsdi_gt_v1_0/hdl/gthe4_wiz/synth/uhdsdi_gtwiz_gtwizard_gthe4.v" 2324  1
WARNING VCP2605 "Port connection for port GTHE4_CHANNEL_TXRATEDONE violates IEEE 1364. Only net expression can be connected to output/inout port." "C:/Xilinx/Vivado/2019.2/data/ip/xilinx/uhdsdi_gt_v1_0/hdl/gthe4_wiz/synth/uhdsdi_gtwiz_gtwizard_gthe4.v" 2325  1
WARNING VCP2605 "Port connection for port GTHE4_CHANNEL_TXRESETDONE violates IEEE 1364. Only net expression can be connected to output/inout port." "C:/Xilinx/Vivado/2019.2/data/ip/xilinx/uhdsdi_gt_v1_0/hdl/gthe4_wiz/synth/uhdsdi_gtwiz_gtwizard_gthe4.v" 2326  1
WARNING VCP2605 "Port connection for port GTHE4_CHANNEL_TXSYNCDONE violates IEEE 1364. Only net expression can be connected to output/inout port." "C:/Xilinx/Vivado/2019.2/data/ip/xilinx/uhdsdi_gt_v1_0/hdl/gthe4_wiz/synth/uhdsdi_gtwiz_gtwizard_gthe4.v" 2327  1
WARNING VCP2605 "Port connection for port GTHE4_CHANNEL_TXSYNCOUT violates IEEE 1364. Only net expression can be connected to output/inout port." "C:/Xilinx/Vivado/2019.2/data/ip/xilinx/uhdsdi_gt_v1_0/hdl/gthe4_wiz/synth/uhdsdi_gtwiz_gtwizard_gthe4.v" 2328  1
WARNING VCP2605 "Port connection for port GTYE4_COMMON_DRPDO violates IEEE 1364. Only net expression can be connected to output/inout port." "C:/Xilinx/Vivado/2019.2/data/ip/xilinx/uhdsdi_gt_v1_0/hdl/gtye4_wiz/synth/uhdsdi_gtwiz_gtwizard_gtye4.v" 1263  1
WARNING VCP2605 "Port connection for port GTYE4_COMMON_DRPRDY violates IEEE 1364. Only net expression can be connected to output/inout port." "C:/Xilinx/Vivado/2019.2/data/ip/xilinx/uhdsdi_gt_v1_0/hdl/gtye4_wiz/synth/uhdsdi_gtwiz_gtwizard_gtye4.v" 1264  1
WARNING VCP2605 "Port connection for port GTYE4_COMMON_PMARSVDOUT0 violates IEEE 1364. Only net expression can be connected to output/inout port." "C:/Xilinx/Vivado/2019.2/data/ip/xilinx/uhdsdi_gt_v1_0/hdl/gtye4_wiz/synth/uhdsdi_gtwiz_gtwizard_gtye4.v" 1265  1
WARNING VCP2605 "Port connection for port GTYE4_COMMON_PMARSVDOUT1 violates IEEE 1364. Only net expression can be connected to output/inout port." "C:/Xilinx/Vivado/2019.2/data/ip/xilinx/uhdsdi_gt_v1_0/hdl/gtye4_wiz/synth/uhdsdi_gtwiz_gtwizard_gtye4.v" 1266  1
WARNING VCP2605 "Port connection for port GTYE4_COMMON_QPLL0FBCLKLOST violates IEEE 1364. Only net expression can be connected to output/inout port." "C:/Xilinx/Vivado/2019.2/data/ip/xilinx/uhdsdi_gt_v1_0/hdl/gtye4_wiz/synth/uhdsdi_gtwiz_gtwizard_gtye4.v" 1267  1
WARNING VCP2605 "Port connection for port GTYE4_COMMON_QPLL0LOCK violates IEEE 1364. Only net expression can be connected to output/inout port." "C:/Xilinx/Vivado/2019.2/data/ip/xilinx/uhdsdi_gt_v1_0/hdl/gtye4_wiz/synth/uhdsdi_gtwiz_gtwizard_gtye4.v" 1268  1
WARNING VCP2605 "Port connection for port GTYE4_COMMON_QPLL0OUTCLK violates IEEE 1364. Only net expression can be connected to output/inout port." "C:/Xilinx/Vivado/2019.2/data/ip/xilinx/uhdsdi_gt_v1_0/hdl/gtye4_wiz/synth/uhdsdi_gtwiz_gtwizard_gtye4.v" 1269  1
WARNING VCP2605 "Port connection for port GTYE4_COMMON_QPLL0OUTREFCLK violates IEEE 1364. Only net expression can be connected to output/inout port." "C:/Xilinx/Vivado/2019.2/data/ip/xilinx/uhdsdi_gt_v1_0/hdl/gtye4_wiz/synth/uhdsdi_gtwiz_gtwizard_gtye4.v" 1270  1
WARNING VCP2605 "Port connection for port GTYE4_COMMON_QPLL0REFCLKLOST violates IEEE 1364. Only net expression can be connected to output/inout port." "C:/Xilinx/Vivado/2019.2/data/ip/xilinx/uhdsdi_gt_v1_0/hdl/gtye4_wiz/synth/uhdsdi_gtwiz_gtwizard_gtye4.v" 1271  1
WARNING VCP2605 "Port connection for port GTYE4_COMMON_QPLL1FBCLKLOST violates IEEE 1364. Only net expression can be connected to output/inout port." "C:/Xilinx/Vivado/2019.2/data/ip/xilinx/uhdsdi_gt_v1_0/hdl/gtye4_wiz/synth/uhdsdi_gtwiz_gtwizard_gtye4.v" 1272  1
WARNING VCP2605 "Port connection for port GTYE4_COMMON_QPLL1LOCK violates IEEE 1364. Only net expression can be connected to output/inout port." "C:/Xilinx/Vivado/2019.2/data/ip/xilinx/uhdsdi_gt_v1_0/hdl/gtye4_wiz/synth/uhdsdi_gtwiz_gtwizard_gtye4.v" 1273  1
WARNING VCP2605 "Port connection for port GTYE4_COMMON_QPLL1OUTCLK violates IEEE 1364. Only net expression can be connected to output/inout port." "C:/Xilinx/Vivado/2019.2/data/ip/xilinx/uhdsdi_gt_v1_0/hdl/gtye4_wiz/synth/uhdsdi_gtwiz_gtwizard_gtye4.v" 1274  1
WARNING VCP2605 "Port connection for port GTYE4_COMMON_QPLL1OUTREFCLK violates IEEE 1364. Only net expression can be connected to output/inout port." "C:/Xilinx/Vivado/2019.2/data/ip/xilinx/uhdsdi_gt_v1_0/hdl/gtye4_wiz/synth/uhdsdi_gtwiz_gtwizard_gtye4.v" 1275  1
WARNING VCP2605 "Port connection for port GTYE4_COMMON_QPLL1REFCLKLOST violates IEEE 1364. Only net expression can be connected to output/inout port." "C:/Xilinx/Vivado/2019.2/data/ip/xilinx/uhdsdi_gt_v1_0/hdl/gtye4_wiz/synth/uhdsdi_gtwiz_gtwizard_gtye4.v" 1276  1
WARNING VCP2605 "Port connection for port GTYE4_COMMON_QPLLDMONITOR0 violates IEEE 1364. Only net expression can be connected to output/inout port." "C:/Xilinx/Vivado/2019.2/data/ip/xilinx/uhdsdi_gt_v1_0/hdl/gtye4_wiz/synth/uhdsdi_gtwiz_gtwizard_gtye4.v" 1277  1
WARNING VCP2605 "Port connection for port GTYE4_COMMON_QPLLDMONITOR1 violates IEEE 1364. Only net expression can be connected to output/inout port." "C:/Xilinx/Vivado/2019.2/data/ip/xilinx/uhdsdi_gt_v1_0/hdl/gtye4_wiz/synth/uhdsdi_gtwiz_gtwizard_gtye4.v" 1278  1
WARNING VCP2605 "Port connection for port GTYE4_COMMON_REFCLKOUTMONITOR0 violates IEEE 1364. Only net expression can be connected to output/inout port." "C:/Xilinx/Vivado/2019.2/data/ip/xilinx/uhdsdi_gt_v1_0/hdl/gtye4_wiz/synth/uhdsdi_gtwiz_gtwizard_gtye4.v" 1279  1
WARNING VCP2605 "Port connection for port GTYE4_COMMON_REFCLKOUTMONITOR1 violates IEEE 1364. Only net expression can be connected to output/inout port." "C:/Xilinx/Vivado/2019.2/data/ip/xilinx/uhdsdi_gt_v1_0/hdl/gtye4_wiz/synth/uhdsdi_gtwiz_gtwizard_gtye4.v" 1280  1
WARNING VCP2605 "Port connection for port GTYE4_COMMON_RXRECCLK0SEL violates IEEE 1364. Only net expression can be connected to output/inout port." "C:/Xilinx/Vivado/2019.2/data/ip/xilinx/uhdsdi_gt_v1_0/hdl/gtye4_wiz/synth/uhdsdi_gtwiz_gtwizard_gtye4.v" 1281  1
WARNING VCP2605 "Port connection for port GTYE4_COMMON_RXRECCLK1SEL violates IEEE 1364. Only net expression can be connected to output/inout port." "C:/Xilinx/Vivado/2019.2/data/ip/xilinx/uhdsdi_gt_v1_0/hdl/gtye4_wiz/synth/uhdsdi_gtwiz_gtwizard_gtye4.v" 1282  1
WARNING VCP2605 "Port connection for port GTYE4_COMMON_SDM0FINALOUT violates IEEE 1364. Only net expression can be connected to output/inout port." "C:/Xilinx/Vivado/2019.2/data/ip/xilinx/uhdsdi_gt_v1_0/hdl/gtye4_wiz/synth/uhdsdi_gtwiz_gtwizard_gtye4.v" 1283  1
WARNING VCP2605 "Port connection for port GTYE4_COMMON_SDM0TESTDATA violates IEEE 1364. Only net expression can be connected to output/inout port." "C:/Xilinx/Vivado/2019.2/data/ip/xilinx/uhdsdi_gt_v1_0/hdl/gtye4_wiz/synth/uhdsdi_gtwiz_gtwizard_gtye4.v" 1284  1
WARNING VCP2605 "Port connection for port GTYE4_COMMON_SDM1FINALOUT violates IEEE 1364. Only net expression can be connected to output/inout port." "C:/Xilinx/Vivado/2019.2/data/ip/xilinx/uhdsdi_gt_v1_0/hdl/gtye4_wiz/synth/uhdsdi_gtwiz_gtwizard_gtye4.v" 1285  1
WARNING VCP2605 "Port connection for port GTYE4_COMMON_SDM1TESTDATA violates IEEE 1364. Only net expression can be connected to output/inout port." "C:/Xilinx/Vivado/2019.2/data/ip/xilinx/uhdsdi_gt_v1_0/hdl/gtye4_wiz/synth/uhdsdi_gtwiz_gtwizard_gtye4.v" 1286  1
WARNING VCP2605 "Port connection for port GTYE4_COMMON_UBDADDR violates IEEE 1364. Only net expression can be connected to output/inout port." "C:/Xilinx/Vivado/2019.2/data/ip/xilinx/uhdsdi_gt_v1_0/hdl/gtye4_wiz/synth/uhdsdi_gtwiz_gtwizard_gtye4.v" 1287  1
WARNING VCP2605 "Port connection for port GTYE4_COMMON_UBDEN violates IEEE 1364. Only net expression can be connected to output/inout port." "C:/Xilinx/Vivado/2019.2/data/ip/xilinx/uhdsdi_gt_v1_0/hdl/gtye4_wiz/synth/uhdsdi_gtwiz_gtwizard_gtye4.v" 1288  1
WARNING VCP2605 "Port connection for port GTYE4_COMMON_UBDI violates IEEE 1364. Only net expression can be connected to output/inout port." "C:/Xilinx/Vivado/2019.2/data/ip/xilinx/uhdsdi_gt_v1_0/hdl/gtye4_wiz/synth/uhdsdi_gtwiz_gtwizard_gtye4.v" 1289  1
WARNING VCP2605 "Port connection for port GTYE4_COMMON_UBDWE violates IEEE 1364. Only net expression can be connected to output/inout port." "C:/Xilinx/Vivado/2019.2/data/ip/xilinx/uhdsdi_gt_v1_0/hdl/gtye4_wiz/synth/uhdsdi_gtwiz_gtwizard_gtye4.v" 1290  1
WARNING VCP2605 "Port connection for port GTYE4_COMMON_UBMDMTDO violates IEEE 1364. Only net expression can be connected to output/inout port." "C:/Xilinx/Vivado/2019.2/data/ip/xilinx/uhdsdi_gt_v1_0/hdl/gtye4_wiz/synth/uhdsdi_gtwiz_gtwizard_gtye4.v" 1291  1
WARNING VCP2605 "Port connection for port GTYE4_COMMON_UBRSVDOUT violates IEEE 1364. Only net expression can be connected to output/inout port." "C:/Xilinx/Vivado/2019.2/data/ip/xilinx/uhdsdi_gt_v1_0/hdl/gtye4_wiz/synth/uhdsdi_gtwiz_gtwizard_gtye4.v" 1292  1
WARNING VCP2605 "Port connection for port GTYE4_COMMON_UBTXUART violates IEEE 1364. Only net expression can be connected to output/inout port." "C:/Xilinx/Vivado/2019.2/data/ip/xilinx/uhdsdi_gt_v1_0/hdl/gtye4_wiz/synth/uhdsdi_gtwiz_gtwizard_gtye4.v" 1293  1
WARNING VCP2605 "Port connection for port GTYE4_CHANNEL_BUFGTCE violates IEEE 1364. Only net expression can be connected to output/inout port." "C:/Xilinx/Vivado/2019.2/data/ip/xilinx/uhdsdi_gt_v1_0/hdl/gtye4_wiz/synth/uhdsdi_gtwiz_gtwizard_gtye4.v" 2267  1
WARNING VCP2605 "Port connection for port GTYE4_CHANNEL_BUFGTCEMASK violates IEEE 1364. Only net expression can be connected to output/inout port." "C:/Xilinx/Vivado/2019.2/data/ip/xilinx/uhdsdi_gt_v1_0/hdl/gtye4_wiz/synth/uhdsdi_gtwiz_gtwizard_gtye4.v" 2268  1
WARNING VCP2605 "Port connection for port GTYE4_CHANNEL_BUFGTDIV violates IEEE 1364. Only net expression can be connected to output/inout port." "C:/Xilinx/Vivado/2019.2/data/ip/xilinx/uhdsdi_gt_v1_0/hdl/gtye4_wiz/synth/uhdsdi_gtwiz_gtwizard_gtye4.v" 2269  1
WARNING VCP2605 "Port connection for port GTYE4_CHANNEL_BUFGTRESET violates IEEE 1364. Only net expression can be connected to output/inout port." "C:/Xilinx/Vivado/2019.2/data/ip/xilinx/uhdsdi_gt_v1_0/hdl/gtye4_wiz/synth/uhdsdi_gtwiz_gtwizard_gtye4.v" 2270  1
WARNING VCP2605 "Port connection for port GTYE4_CHANNEL_BUFGTRSTMASK violates IEEE 1364. Only net expression can be connected to output/inout port." "C:/Xilinx/Vivado/2019.2/data/ip/xilinx/uhdsdi_gt_v1_0/hdl/gtye4_wiz/synth/uhdsdi_gtwiz_gtwizard_gtye4.v" 2271  1
WARNING VCP2605 "Port connection for port GTYE4_CHANNEL_CPLLFBCLKLOST violates IEEE 1364. Only net expression can be connected to output/inout port." "C:/Xilinx/Vivado/2019.2/data/ip/xilinx/uhdsdi_gt_v1_0/hdl/gtye4_wiz/synth/uhdsdi_gtwiz_gtwizard_gtye4.v" 2272  1
WARNING VCP2605 "Port connection for port GTYE4_CHANNEL_CPLLLOCK violates IEEE 1364. Only net expression can be connected to output/inout port." "C:/Xilinx/Vivado/2019.2/data/ip/xilinx/uhdsdi_gt_v1_0/hdl/gtye4_wiz/synth/uhdsdi_gtwiz_gtwizard_gtye4.v" 2273  1
WARNING VCP2605 "Port connection for port GTYE4_CHANNEL_CPLLREFCLKLOST violates IEEE 1364. Only net expression can be connected to output/inout port." "C:/Xilinx/Vivado/2019.2/data/ip/xilinx/uhdsdi_gt_v1_0/hdl/gtye4_wiz/synth/uhdsdi_gtwiz_gtwizard_gtye4.v" 2274  1
WARNING VCP2605 "Port connection for port GTYE4_CHANNEL_DMONITOROUT violates IEEE 1364. Only net expression can be connected to output/inout port." "C:/Xilinx/Vivado/2019.2/data/ip/xilinx/uhdsdi_gt_v1_0/hdl/gtye4_wiz/synth/uhdsdi_gtwiz_gtwizard_gtye4.v" 2275  1
WARNING VCP2605 "Port connection for port GTYE4_CHANNEL_DMONITOROUTCLK violates IEEE 1364. Only net expression can be connected to output/inout port." "C:/Xilinx/Vivado/2019.2/data/ip/xilinx/uhdsdi_gt_v1_0/hdl/gtye4_wiz/synth/uhdsdi_gtwiz_gtwizard_gtye4.v" 2276  1
WARNING VCP2605 "Port connection for port GTYE4_CHANNEL_DRPDO violates IEEE 1364. Only net expression can be connected to output/inout port." "C:/Xilinx/Vivado/2019.2/data/ip/xilinx/uhdsdi_gt_v1_0/hdl/gtye4_wiz/synth/uhdsdi_gtwiz_gtwizard_gtye4.v" 2277  1
WARNING VCP2605 "Port connection for port GTYE4_CHANNEL_DRPRDY violates IEEE 1364. Only net expression can be connected to output/inout port." "C:/Xilinx/Vivado/2019.2/data/ip/xilinx/uhdsdi_gt_v1_0/hdl/gtye4_wiz/synth/uhdsdi_gtwiz_gtwizard_gtye4.v" 2278  1
WARNING VCP2605 "Port connection for port GTYE4_CHANNEL_EYESCANDATAERROR violates IEEE 1364. Only net expression can be connected to output/inout port." "C:/Xilinx/Vivado/2019.2/data/ip/xilinx/uhdsdi_gt_v1_0/hdl/gtye4_wiz/synth/uhdsdi_gtwiz_gtwizard_gtye4.v" 2279  1
WARNING VCP2605 "Port connection for port GTYE4_CHANNEL_GTPOWERGOOD violates IEEE 1364. Only net expression can be connected to output/inout port." "C:/Xilinx/Vivado/2019.2/data/ip/xilinx/uhdsdi_gt_v1_0/hdl/gtye4_wiz/synth/uhdsdi_gtwiz_gtwizard_gtye4.v" 2280  1
WARNING VCP2605 "Port connection for port GTYE4_CHANNEL_GTREFCLKMONITOR violates IEEE 1364. Only net expression can be connected to output/inout port." "C:/Xilinx/Vivado/2019.2/data/ip/xilinx/uhdsdi_gt_v1_0/hdl/gtye4_wiz/synth/uhdsdi_gtwiz_gtwizard_gtye4.v" 2281  1
WARNING VCP2605 "Port connection for port GTYE4_CHANNEL_GTYTXN violates IEEE 1364. Only net expression can be connected to output/inout port." "C:/Xilinx/Vivado/2019.2/data/ip/xilinx/uhdsdi_gt_v1_0/hdl/gtye4_wiz/synth/uhdsdi_gtwiz_gtwizard_gtye4.v" 2282  1
WARNING VCP2605 "Port connection for port GTYE4_CHANNEL_GTYTXP violates IEEE 1364. Only net expression can be connected to output/inout port." "C:/Xilinx/Vivado/2019.2/data/ip/xilinx/uhdsdi_gt_v1_0/hdl/gtye4_wiz/synth/uhdsdi_gtwiz_gtwizard_gtye4.v" 2283  1
WARNING VCP2605 "Port connection for port GTYE4_CHANNEL_PCIERATEGEN3 violates IEEE 1364. Only net expression can be connected to output/inout port." "C:/Xilinx/Vivado/2019.2/data/ip/xilinx/uhdsdi_gt_v1_0/hdl/gtye4_wiz/synth/uhdsdi_gtwiz_gtwizard_gtye4.v" 2284  1
WARNING VCP2605 "Port connection for port GTYE4_CHANNEL_PCIERATEIDLE violates IEEE 1364. Only net expression can be connected to output/inout port." "C:/Xilinx/Vivado/2019.2/data/ip/xilinx/uhdsdi_gt_v1_0/hdl/gtye4_wiz/synth/uhdsdi_gtwiz_gtwizard_gtye4.v" 2285  1
WARNING VCP2605 "Port connection for port GTYE4_CHANNEL_PCIERATEQPLLPD violates IEEE 1364. Only net expression can be connected to output/inout port." "C:/Xilinx/Vivado/2019.2/data/ip/xilinx/uhdsdi_gt_v1_0/hdl/gtye4_wiz/synth/uhdsdi_gtwiz_gtwizard_gtye4.v" 2286  1
WARNING VCP2605 "Port connection for port GTYE4_CHANNEL_PCIERATEQPLLRESET violates IEEE 1364. Only net expression can be connected to output/inout port." "C:/Xilinx/Vivado/2019.2/data/ip/xilinx/uhdsdi_gt_v1_0/hdl/gtye4_wiz/synth/uhdsdi_gtwiz_gtwizard_gtye4.v" 2287  1
WARNING VCP2605 "Port connection for port GTYE4_CHANNEL_PCIESYNCTXSYNCDONE violates IEEE 1364. Only net expression can be connected to output/inout port." "C:/Xilinx/Vivado/2019.2/data/ip/xilinx/uhdsdi_gt_v1_0/hdl/gtye4_wiz/synth/uhdsdi_gtwiz_gtwizard_gtye4.v" 2288  1
WARNING VCP2605 "Port connection for port GTYE4_CHANNEL_PCIEUSERGEN3RDY violates IEEE 1364. Only net expression can be connected to output/inout port." "C:/Xilinx/Vivado/2019.2/data/ip/xilinx/uhdsdi_gt_v1_0/hdl/gtye4_wiz/synth/uhdsdi_gtwiz_gtwizard_gtye4.v" 2289  1
WARNING VCP2605 "Port connection for port GTYE4_CHANNEL_PCIEUSERPHYSTATUSRST violates IEEE 1364. Only net expression can be connected to output/inout port." "C:/Xilinx/Vivado/2019.2/data/ip/xilinx/uhdsdi_gt_v1_0/hdl/gtye4_wiz/synth/uhdsdi_gtwiz_gtwizard_gtye4.v" 2290  1
WARNING VCP2605 "Port connection for port GTYE4_CHANNEL_PCIEUSERRATESTART violates IEEE 1364. Only net expression can be connected to output/inout port." "C:/Xilinx/Vivado/2019.2/data/ip/xilinx/uhdsdi_gt_v1_0/hdl/gtye4_wiz/synth/uhdsdi_gtwiz_gtwizard_gtye4.v" 2291  1
WARNING VCP2605 "Port connection for port GTYE4_CHANNEL_PCSRSVDOUT violates IEEE 1364. Only net expression can be connected to output/inout port." "C:/Xilinx/Vivado/2019.2/data/ip/xilinx/uhdsdi_gt_v1_0/hdl/gtye4_wiz/synth/uhdsdi_gtwiz_gtwizard_gtye4.v" 2292  1
WARNING VCP2605 "Port connection for port GTYE4_CHANNEL_PHYSTATUS violates IEEE 1364. Only net expression can be connected to output/inout port." "C:/Xilinx/Vivado/2019.2/data/ip/xilinx/uhdsdi_gt_v1_0/hdl/gtye4_wiz/synth/uhdsdi_gtwiz_gtwizard_gtye4.v" 2293  1
WARNING VCP2605 "Port connection for port GTYE4_CHANNEL_PINRSRVDAS violates IEEE 1364. Only net expression can be connected to output/inout port." "C:/Xilinx/Vivado/2019.2/data/ip/xilinx/uhdsdi_gt_v1_0/hdl/gtye4_wiz/synth/uhdsdi_gtwiz_gtwizard_gtye4.v" 2294  1
WARNING VCP2605 "Port connection for port GTYE4_CHANNEL_POWERPRESENT violates IEEE 1364. Only net expression can be connected to output/inout port." "C:/Xilinx/Vivado/2019.2/data/ip/xilinx/uhdsdi_gt_v1_0/hdl/gtye4_wiz/synth/uhdsdi_gtwiz_gtwizard_gtye4.v" 2295  1
WARNING VCP2605 "Port connection for port GTYE4_CHANNEL_RESETEXCEPTION violates IEEE 1364. Only net expression can be connected to output/inout port." "C:/Xilinx/Vivado/2019.2/data/ip/xilinx/uhdsdi_gt_v1_0/hdl/gtye4_wiz/synth/uhdsdi_gtwiz_gtwizard_gtye4.v" 2296  1
WARNING VCP2605 "Port connection for port GTYE4_CHANNEL_RXBUFSTATUS violates IEEE 1364. Only net expression can be connected to output/inout port." "C:/Xilinx/Vivado/2019.2/data/ip/xilinx/uhdsdi_gt_v1_0/hdl/gtye4_wiz/synth/uhdsdi_gtwiz_gtwizard_gtye4.v" 2297  1
WARNING VCP2605 "Port connection for port GTYE4_CHANNEL_RXBYTEISALIGNED violates IEEE 1364. Only net expression can be connected to output/inout port." "C:/Xilinx/Vivado/2019.2/data/ip/xilinx/uhdsdi_gt_v1_0/hdl/gtye4_wiz/synth/uhdsdi_gtwiz_gtwizard_gtye4.v" 2298  1
WARNING VCP2605 "Port connection for port GTYE4_CHANNEL_RXBYTEREALIGN violates IEEE 1364. Only net expression can be connected to output/inout port." "C:/Xilinx/Vivado/2019.2/data/ip/xilinx/uhdsdi_gt_v1_0/hdl/gtye4_wiz/synth/uhdsdi_gtwiz_gtwizard_gtye4.v" 2299  1
WARNING VCP2605 "Port connection for port GTYE4_CHANNEL_RXCDRLOCK violates IEEE 1364. Only net expression can be connected to output/inout port." "C:/Xilinx/Vivado/2019.2/data/ip/xilinx/uhdsdi_gt_v1_0/hdl/gtye4_wiz/synth/uhdsdi_gtwiz_gtwizard_gtye4.v" 2300  1
WARNING VCP2605 "Port connection for port GTYE4_CHANNEL_RXCDRPHDONE violates IEEE 1364. Only net expression can be connected to output/inout port." "C:/Xilinx/Vivado/2019.2/data/ip/xilinx/uhdsdi_gt_v1_0/hdl/gtye4_wiz/synth/uhdsdi_gtwiz_gtwizard_gtye4.v" 2301  1
WARNING VCP2605 "Port connection for port GTYE4_CHANNEL_RXCHANBONDSEQ violates IEEE 1364. Only net expression can be connected to output/inout port." "C:/Xilinx/Vivado/2019.2/data/ip/xilinx/uhdsdi_gt_v1_0/hdl/gtye4_wiz/synth/uhdsdi_gtwiz_gtwizard_gtye4.v" 2302  1
WARNING VCP2605 "Port connection for port GTYE4_CHANNEL_RXCHANISALIGNED violates IEEE 1364. Only net expression can be connected to output/inout port." "C:/Xilinx/Vivado/2019.2/data/ip/xilinx/uhdsdi_gt_v1_0/hdl/gtye4_wiz/synth/uhdsdi_gtwiz_gtwizard_gtye4.v" 2303  1
WARNING VCP2605 "Port connection for port GTYE4_CHANNEL_RXCHANREALIGN violates IEEE 1364. Only net expression can be connected to output/inout port." "C:/Xilinx/Vivado/2019.2/data/ip/xilinx/uhdsdi_gt_v1_0/hdl/gtye4_wiz/synth/uhdsdi_gtwiz_gtwizard_gtye4.v" 2304  1
WARNING VCP2605 "Port connection for port GTYE4_CHANNEL_RXCHBONDO violates IEEE 1364. Only net expression can be connected to output/inout port." "C:/Xilinx/Vivado/2019.2/data/ip/xilinx/uhdsdi_gt_v1_0/hdl/gtye4_wiz/synth/uhdsdi_gtwiz_gtwizard_gtye4.v" 2305  1
WARNING VCP2605 "Port connection for port GTYE4_CHANNEL_RXCKCALDONE violates IEEE 1364. Only net expression can be connected to output/inout port." "C:/Xilinx/Vivado/2019.2/data/ip/xilinx/uhdsdi_gt_v1_0/hdl/gtye4_wiz/synth/uhdsdi_gtwiz_gtwizard_gtye4.v" 2306  1
WARNING VCP2605 "Port connection for port GTYE4_CHANNEL_RXCLKCORCNT violates IEEE 1364. Only net expression can be connected to output/inout port." "C:/Xilinx/Vivado/2019.2/data/ip/xilinx/uhdsdi_gt_v1_0/hdl/gtye4_wiz/synth/uhdsdi_gtwiz_gtwizard_gtye4.v" 2307  1
WARNING VCP2605 "Port connection for port GTYE4_CHANNEL_RXCOMINITDET violates IEEE 1364. Only net expression can be connected to output/inout port." "C:/Xilinx/Vivado/2019.2/data/ip/xilinx/uhdsdi_gt_v1_0/hdl/gtye4_wiz/synth/uhdsdi_gtwiz_gtwizard_gtye4.v" 2308  1
WARNING VCP2605 "Port connection for port GTYE4_CHANNEL_RXCOMMADET violates IEEE 1364. Only net expression can be connected to output/inout port." "C:/Xilinx/Vivado/2019.2/data/ip/xilinx/uhdsdi_gt_v1_0/hdl/gtye4_wiz/synth/uhdsdi_gtwiz_gtwizard_gtye4.v" 2309  1
WARNING VCP2605 "Port connection for port GTYE4_CHANNEL_RXCOMSASDET violates IEEE 1364. Only net expression can be connected to output/inout port." "C:/Xilinx/Vivado/2019.2/data/ip/xilinx/uhdsdi_gt_v1_0/hdl/gtye4_wiz/synth/uhdsdi_gtwiz_gtwizard_gtye4.v" 2310  1
WARNING VCP2605 "Port connection for port GTYE4_CHANNEL_RXCOMWAKEDET violates IEEE 1364. Only net expression can be connected to output/inout port." "C:/Xilinx/Vivado/2019.2/data/ip/xilinx/uhdsdi_gt_v1_0/hdl/gtye4_wiz/synth/uhdsdi_gtwiz_gtwizard_gtye4.v" 2311  1
WARNING VCP2605 "Port connection for port GTYE4_CHANNEL_RXCTRL0 violates IEEE 1364. Only net expression can be connected to output/inout port." "C:/Xilinx/Vivado/2019.2/data/ip/xilinx/uhdsdi_gt_v1_0/hdl/gtye4_wiz/synth/uhdsdi_gtwiz_gtwizard_gtye4.v" 2312  1
WARNING VCP2605 "Port connection for port GTYE4_CHANNEL_RXCTRL1 violates IEEE 1364. Only net expression can be connected to output/inout port." "C:/Xilinx/Vivado/2019.2/data/ip/xilinx/uhdsdi_gt_v1_0/hdl/gtye4_wiz/synth/uhdsdi_gtwiz_gtwizard_gtye4.v" 2313  1
WARNING VCP2605 "Port connection for port GTYE4_CHANNEL_RXCTRL2 violates IEEE 1364. Only net expression can be connected to output/inout port." "C:/Xilinx/Vivado/2019.2/data/ip/xilinx/uhdsdi_gt_v1_0/hdl/gtye4_wiz/synth/uhdsdi_gtwiz_gtwizard_gtye4.v" 2314  1
WARNING VCP2605 "Port connection for port GTYE4_CHANNEL_RXCTRL3 violates IEEE 1364. Only net expression can be connected to output/inout port." "C:/Xilinx/Vivado/2019.2/data/ip/xilinx/uhdsdi_gt_v1_0/hdl/gtye4_wiz/synth/uhdsdi_gtwiz_gtwizard_gtye4.v" 2315  1
WARNING VCP2605 "Port connection for port GTYE4_CHANNEL_RXDATA violates IEEE 1364. Only net expression can be connected to output/inout port." "C:/Xilinx/Vivado/2019.2/data/ip/xilinx/uhdsdi_gt_v1_0/hdl/gtye4_wiz/synth/uhdsdi_gtwiz_gtwizard_gtye4.v" 2316  1
WARNING VCP2605 "Port connection for port GTYE4_CHANNEL_RXDATAEXTENDRSVD violates IEEE 1364. Only net expression can be connected to output/inout port." "C:/Xilinx/Vivado/2019.2/data/ip/xilinx/uhdsdi_gt_v1_0/hdl/gtye4_wiz/synth/uhdsdi_gtwiz_gtwizard_gtye4.v" 2317  1
WARNING VCP2605 "Port connection for port GTYE4_CHANNEL_RXDATAVALID violates IEEE 1364. Only net expression can be connected to output/inout port." "C:/Xilinx/Vivado/2019.2/data/ip/xilinx/uhdsdi_gt_v1_0/hdl/gtye4_wiz/synth/uhdsdi_gtwiz_gtwizard_gtye4.v" 2318  1
WARNING VCP2605 "Port connection for port GTYE4_CHANNEL_RXDLYSRESETDONE violates IEEE 1364. Only net expression can be connected to output/inout port." "C:/Xilinx/Vivado/2019.2/data/ip/xilinx/uhdsdi_gt_v1_0/hdl/gtye4_wiz/synth/uhdsdi_gtwiz_gtwizard_gtye4.v" 2319  1
WARNING VCP2605 "Port connection for port GTYE4_CHANNEL_RXELECIDLE violates IEEE 1364. Only net expression can be connected to output/inout port." "C:/Xilinx/Vivado/2019.2/data/ip/xilinx/uhdsdi_gt_v1_0/hdl/gtye4_wiz/synth/uhdsdi_gtwiz_gtwizard_gtye4.v" 2320  1
WARNING VCP2605 "Port connection for port GTYE4_CHANNEL_RXHEADER violates IEEE 1364. Only net expression can be connected to output/inout port." "C:/Xilinx/Vivado/2019.2/data/ip/xilinx/uhdsdi_gt_v1_0/hdl/gtye4_wiz/synth/uhdsdi_gtwiz_gtwizard_gtye4.v" 2321  1
WARNING VCP2605 "Port connection for port GTYE4_CHANNEL_RXHEADERVALID violates IEEE 1364. Only net expression can be connected to output/inout port." "C:/Xilinx/Vivado/2019.2/data/ip/xilinx/uhdsdi_gt_v1_0/hdl/gtye4_wiz/synth/uhdsdi_gtwiz_gtwizard_gtye4.v" 2322  1
WARNING VCP2605 "Port connection for port GTYE4_CHANNEL_RXLFPSTRESETDET violates IEEE 1364. Only net expression can be connected to output/inout port." "C:/Xilinx/Vivado/2019.2/data/ip/xilinx/uhdsdi_gt_v1_0/hdl/gtye4_wiz/synth/uhdsdi_gtwiz_gtwizard_gtye4.v" 2323  1
WARNING VCP2605 "Port connection for port GTYE4_CHANNEL_RXLFPSU2LPEXITDET violates IEEE 1364. Only net expression can be connected to output/inout port." "C:/Xilinx/Vivado/2019.2/data/ip/xilinx/uhdsdi_gt_v1_0/hdl/gtye4_wiz/synth/uhdsdi_gtwiz_gtwizard_gtye4.v" 2324  1
WARNING VCP2605 "Port connection for port GTYE4_CHANNEL_RXLFPSU3WAKEDET violates IEEE 1364. Only net expression can be connected to output/inout port." "C:/Xilinx/Vivado/2019.2/data/ip/xilinx/uhdsdi_gt_v1_0/hdl/gtye4_wiz/synth/uhdsdi_gtwiz_gtwizard_gtye4.v" 2325  1
WARNING VCP2605 "Port connection for port GTYE4_CHANNEL_RXMONITOROUT violates IEEE 1364. Only net expression can be connected to output/inout port." "C:/Xilinx/Vivado/2019.2/data/ip/xilinx/uhdsdi_gt_v1_0/hdl/gtye4_wiz/synth/uhdsdi_gtwiz_gtwizard_gtye4.v" 2326  1
WARNING VCP2605 "Port connection for port GTYE4_CHANNEL_RXOSINTDONE violates IEEE 1364. Only net expression can be connected to output/inout port." "C:/Xilinx/Vivado/2019.2/data/ip/xilinx/uhdsdi_gt_v1_0/hdl/gtye4_wiz/synth/uhdsdi_gtwiz_gtwizard_gtye4.v" 2327  1
WARNING VCP2605 "Port connection for port GTYE4_CHANNEL_RXOSINTSTARTED violates IEEE 1364. Only net expression can be connected to output/inout port." "C:/Xilinx/Vivado/2019.2/data/ip/xilinx/uhdsdi_gt_v1_0/hdl/gtye4_wiz/synth/uhdsdi_gtwiz_gtwizard_gtye4.v" 2328  1
WARNING VCP2605 "Port connection for port GTYE4_CHANNEL_RXOSINTSTROBEDONE violates IEEE 1364. Only net expression can be connected to output/inout port." "C:/Xilinx/Vivado/2019.2/data/ip/xilinx/uhdsdi_gt_v1_0/hdl/gtye4_wiz/synth/uhdsdi_gtwiz_gtwizard_gtye4.v" 2329  1
WARNING VCP2605 "Port connection for port GTYE4_CHANNEL_RXOSINTSTROBESTARTED violates IEEE 1364. Only net expression can be connected to output/inout port." "C:/Xilinx/Vivado/2019.2/data/ip/xilinx/uhdsdi_gt_v1_0/hdl/gtye4_wiz/synth/uhdsdi_gtwiz_gtwizard_gtye4.v" 2330  1
WARNING VCP2605 "Port connection for port GTYE4_CHANNEL_RXOUTCLK violates IEEE 1364. Only net expression can be connected to output/inout port." "C:/Xilinx/Vivado/2019.2/data/ip/xilinx/uhdsdi_gt_v1_0/hdl/gtye4_wiz/synth/uhdsdi_gtwiz_gtwizard_gtye4.v" 2331  1
WARNING VCP2605 "Port connection for port GTYE4_CHANNEL_RXOUTCLKFABRIC violates IEEE 1364. Only net expression can be connected to output/inout port." "C:/Xilinx/Vivado/2019.2/data/ip/xilinx/uhdsdi_gt_v1_0/hdl/gtye4_wiz/synth/uhdsdi_gtwiz_gtwizard_gtye4.v" 2332  1
WARNING VCP2605 "Port connection for port GTYE4_CHANNEL_RXOUTCLKPCS violates IEEE 1364. Only net expression can be connected to output/inout port." "C:/Xilinx/Vivado/2019.2/data/ip/xilinx/uhdsdi_gt_v1_0/hdl/gtye4_wiz/synth/uhdsdi_gtwiz_gtwizard_gtye4.v" 2333  1
WARNING VCP2605 "Port connection for port GTYE4_CHANNEL_RXPHALIGNDONE violates IEEE 1364. Only net expression can be connected to output/inout port." "C:/Xilinx/Vivado/2019.2/data/ip/xilinx/uhdsdi_gt_v1_0/hdl/gtye4_wiz/synth/uhdsdi_gtwiz_gtwizard_gtye4.v" 2334  1
WARNING VCP2605 "Port connection for port GTYE4_CHANNEL_RXPHALIGNERR violates IEEE 1364. Only net expression can be connected to output/inout port." "C:/Xilinx/Vivado/2019.2/data/ip/xilinx/uhdsdi_gt_v1_0/hdl/gtye4_wiz/synth/uhdsdi_gtwiz_gtwizard_gtye4.v" 2335  1
WARNING VCP2605 "Port connection for port GTYE4_CHANNEL_RXPMARESETDONE violates IEEE 1364. Only net expression can be connected to output/inout port." "C:/Xilinx/Vivado/2019.2/data/ip/xilinx/uhdsdi_gt_v1_0/hdl/gtye4_wiz/synth/uhdsdi_gtwiz_gtwizard_gtye4.v" 2336  1
WARNING VCP2605 "Port connection for port GTYE4_CHANNEL_RXPRBSERR violates IEEE 1364. Only net expression can be connected to output/inout port." "C:/Xilinx/Vivado/2019.2/data/ip/xilinx/uhdsdi_gt_v1_0/hdl/gtye4_wiz/synth/uhdsdi_gtwiz_gtwizard_gtye4.v" 2337  1
WARNING VCP2605 "Port connection for port GTYE4_CHANNEL_RXPRBSLOCKED violates IEEE 1364. Only net expression can be connected to output/inout port." "C:/Xilinx/Vivado/2019.2/data/ip/xilinx/uhdsdi_gt_v1_0/hdl/gtye4_wiz/synth/uhdsdi_gtwiz_gtwizard_gtye4.v" 2338  1
WARNING VCP2605 "Port connection for port GTYE4_CHANNEL_RXPRGDIVRESETDONE violates IEEE 1364. Only net expression can be connected to output/inout port." "C:/Xilinx/Vivado/2019.2/data/ip/xilinx/uhdsdi_gt_v1_0/hdl/gtye4_wiz/synth/uhdsdi_gtwiz_gtwizard_gtye4.v" 2339  1
WARNING VCP2605 "Port connection for port GTYE4_CHANNEL_RXRATEDONE violates IEEE 1364. Only net expression can be connected to output/inout port." "C:/Xilinx/Vivado/2019.2/data/ip/xilinx/uhdsdi_gt_v1_0/hdl/gtye4_wiz/synth/uhdsdi_gtwiz_gtwizard_gtye4.v" 2340  1
WARNING VCP2605 "Port connection for port GTYE4_CHANNEL_RXRECCLKOUT violates IEEE 1364. Only net expression can be connected to output/inout port." "C:/Xilinx/Vivado/2019.2/data/ip/xilinx/uhdsdi_gt_v1_0/hdl/gtye4_wiz/synth/uhdsdi_gtwiz_gtwizard_gtye4.v" 2341  1
WARNING VCP2605 "Port connection for port GTYE4_CHANNEL_RXRESETDONE violates IEEE 1364. Only net expression can be connected to output/inout port." "C:/Xilinx/Vivado/2019.2/data/ip/xilinx/uhdsdi_gt_v1_0/hdl/gtye4_wiz/synth/uhdsdi_gtwiz_gtwizard_gtye4.v" 2342  1
WARNING VCP2605 "Port connection for port GTYE4_CHANNEL_RXSLIDERDY violates IEEE 1364. Only net expression can be connected to output/inout port." "C:/Xilinx/Vivado/2019.2/data/ip/xilinx/uhdsdi_gt_v1_0/hdl/gtye4_wiz/synth/uhdsdi_gtwiz_gtwizard_gtye4.v" 2343  1
WARNING VCP2605 "Port connection for port GTYE4_CHANNEL_RXSLIPDONE violates IEEE 1364. Only net expression can be connected to output/inout port." "C:/Xilinx/Vivado/2019.2/data/ip/xilinx/uhdsdi_gt_v1_0/hdl/gtye4_wiz/synth/uhdsdi_gtwiz_gtwizard_gtye4.v" 2344  1
WARNING VCP2605 "Port connection for port GTYE4_CHANNEL_RXSLIPOUTCLKRDY violates IEEE 1364. Only net expression can be connected to output/inout port." "C:/Xilinx/Vivado/2019.2/data/ip/xilinx/uhdsdi_gt_v1_0/hdl/gtye4_wiz/synth/uhdsdi_gtwiz_gtwizard_gtye4.v" 2345  1
WARNING VCP2605 "Port connection for port GTYE4_CHANNEL_RXSLIPPMARDY violates IEEE 1364. Only net expression can be connected to output/inout port." "C:/Xilinx/Vivado/2019.2/data/ip/xilinx/uhdsdi_gt_v1_0/hdl/gtye4_wiz/synth/uhdsdi_gtwiz_gtwizard_gtye4.v" 2346  1
WARNING VCP2605 "Port connection for port GTYE4_CHANNEL_RXSTARTOFSEQ violates IEEE 1364. Only net expression can be connected to output/inout port." "C:/Xilinx/Vivado/2019.2/data/ip/xilinx/uhdsdi_gt_v1_0/hdl/gtye4_wiz/synth/uhdsdi_gtwiz_gtwizard_gtye4.v" 2347  1
WARNING VCP2605 "Port connection for port GTYE4_CHANNEL_RXSTATUS violates IEEE 1364. Only net expression can be connected to output/inout port." "C:/Xilinx/Vivado/2019.2/data/ip/xilinx/uhdsdi_gt_v1_0/hdl/gtye4_wiz/synth/uhdsdi_gtwiz_gtwizard_gtye4.v" 2348  1
WARNING VCP2605 "Port connection for port GTYE4_CHANNEL_RXSYNCDONE violates IEEE 1364. Only net expression can be connected to output/inout port." "C:/Xilinx/Vivado/2019.2/data/ip/xilinx/uhdsdi_gt_v1_0/hdl/gtye4_wiz/synth/uhdsdi_gtwiz_gtwizard_gtye4.v" 2349  1
WARNING VCP2605 "Port connection for port GTYE4_CHANNEL_RXSYNCOUT violates IEEE 1364. Only net expression can be connected to output/inout port." "C:/Xilinx/Vivado/2019.2/data/ip/xilinx/uhdsdi_gt_v1_0/hdl/gtye4_wiz/synth/uhdsdi_gtwiz_gtwizard_gtye4.v" 2350  1
WARNING VCP2605 "Port connection for port GTYE4_CHANNEL_RXVALID violates IEEE 1364. Only net expression can be connected to output/inout port." "C:/Xilinx/Vivado/2019.2/data/ip/xilinx/uhdsdi_gt_v1_0/hdl/gtye4_wiz/synth/uhdsdi_gtwiz_gtwizard_gtye4.v" 2351  1
WARNING VCP2605 "Port connection for port GTYE4_CHANNEL_TXBUFSTATUS violates IEEE 1364. Only net expression can be connected to output/inout port." "C:/Xilinx/Vivado/2019.2/data/ip/xilinx/uhdsdi_gt_v1_0/hdl/gtye4_wiz/synth/uhdsdi_gtwiz_gtwizard_gtye4.v" 2352  1
WARNING VCP2605 "Port connection for port GTYE4_CHANNEL_TXCOMFINISH violates IEEE 1364. Only net expression can be connected to output/inout port." "C:/Xilinx/Vivado/2019.2/data/ip/xilinx/uhdsdi_gt_v1_0/hdl/gtye4_wiz/synth/uhdsdi_gtwiz_gtwizard_gtye4.v" 2353  1
WARNING VCP2605 "Port connection for port GTYE4_CHANNEL_TXDCCDONE violates IEEE 1364. Only net expression can be connected to output/inout port." "C:/Xilinx/Vivado/2019.2/data/ip/xilinx/uhdsdi_gt_v1_0/hdl/gtye4_wiz/synth/uhdsdi_gtwiz_gtwizard_gtye4.v" 2354  1
WARNING VCP2605 "Port connection for port GTYE4_CHANNEL_TXDLYSRESETDONE violates IEEE 1364. Only net expression can be connected to output/inout port." "C:/Xilinx/Vivado/2019.2/data/ip/xilinx/uhdsdi_gt_v1_0/hdl/gtye4_wiz/synth/uhdsdi_gtwiz_gtwizard_gtye4.v" 2355  1
WARNING VCP2605 "Port connection for port GTYE4_CHANNEL_TXOUTCLK violates IEEE 1364. Only net expression can be connected to output/inout port." "C:/Xilinx/Vivado/2019.2/data/ip/xilinx/uhdsdi_gt_v1_0/hdl/gtye4_wiz/synth/uhdsdi_gtwiz_gtwizard_gtye4.v" 2356  1
WARNING VCP2605 "Port connection for port GTYE4_CHANNEL_TXOUTCLKFABRIC violates IEEE 1364. Only net expression can be connected to output/inout port." "C:/Xilinx/Vivado/2019.2/data/ip/xilinx/uhdsdi_gt_v1_0/hdl/gtye4_wiz/synth/uhdsdi_gtwiz_gtwizard_gtye4.v" 2357  1
WARNING VCP2605 "Port connection for port GTYE4_CHANNEL_TXOUTCLKPCS violates IEEE 1364. Only net expression can be connected to output/inout port." "C:/Xilinx/Vivado/2019.2/data/ip/xilinx/uhdsdi_gt_v1_0/hdl/gtye4_wiz/synth/uhdsdi_gtwiz_gtwizard_gtye4.v" 2358  1
WARNING VCP2605 "Port connection for port GTYE4_CHANNEL_TXPHALIGNDONE violates IEEE 1364. Only net expression can be connected to output/inout port." "C:/Xilinx/Vivado/2019.2/data/ip/xilinx/uhdsdi_gt_v1_0/hdl/gtye4_wiz/synth/uhdsdi_gtwiz_gtwizard_gtye4.v" 2359  1
WARNING VCP2605 "Port connection for port GTYE4_CHANNEL_TXPHINITDONE violates IEEE 1364. Only net expression can be connected to output/inout port." "C:/Xilinx/Vivado/2019.2/data/ip/xilinx/uhdsdi_gt_v1_0/hdl/gtye4_wiz/synth/uhdsdi_gtwiz_gtwizard_gtye4.v" 2360  1
WARNING VCP2605 "Port connection for port GTYE4_CHANNEL_TXPMARESETDONE violates IEEE 1364. Only net expression can be connected to output/inout port." "C:/Xilinx/Vivado/2019.2/data/ip/xilinx/uhdsdi_gt_v1_0/hdl/gtye4_wiz/synth/uhdsdi_gtwiz_gtwizard_gtye4.v" 2361  1
WARNING VCP2605 "Port connection for port GTYE4_CHANNEL_TXPRGDIVRESETDONE violates IEEE 1364. Only net expression can be connected to output/inout port." "C:/Xilinx/Vivado/2019.2/data/ip/xilinx/uhdsdi_gt_v1_0/hdl/gtye4_wiz/synth/uhdsdi_gtwiz_gtwizard_gtye4.v" 2362  1
WARNING VCP2605 "Port connection for port GTYE4_CHANNEL_TXRATEDONE violates IEEE 1364. Only net expression can be connected to output/inout port." "C:/Xilinx/Vivado/2019.2/data/ip/xilinx/uhdsdi_gt_v1_0/hdl/gtye4_wiz/synth/uhdsdi_gtwiz_gtwizard_gtye4.v" 2363  1
WARNING VCP2605 "Port connection for port GTYE4_CHANNEL_TXRESETDONE violates IEEE 1364. Only net expression can be connected to output/inout port." "C:/Xilinx/Vivado/2019.2/data/ip/xilinx/uhdsdi_gt_v1_0/hdl/gtye4_wiz/synth/uhdsdi_gtwiz_gtwizard_gtye4.v" 2364  1
WARNING VCP2605 "Port connection for port GTYE4_CHANNEL_TXSYNCDONE violates IEEE 1364. Only net expression can be connected to output/inout port." "C:/Xilinx/Vivado/2019.2/data/ip/xilinx/uhdsdi_gt_v1_0/hdl/gtye4_wiz/synth/uhdsdi_gtwiz_gtwizard_gtye4.v" 2365  1
WARNING VCP2605 "Port connection for port GTYE4_CHANNEL_TXSYNCOUT violates IEEE 1364. Only net expression can be connected to output/inout port." "C:/Xilinx/Vivado/2019.2/data/ip/xilinx/uhdsdi_gt_v1_0/hdl/gtye4_wiz/synth/uhdsdi_gtwiz_gtwizard_gtye4.v" 2366  1
WARNING VCP2597 "Some unconnected ports remain at instance: uhdsdi_link. Module uhdsdi_gtwiz_gthe4 has unconnected  port(s) : gtpowergood_out." "C:/Xilinx/Vivado/2019.2/data/ip/xilinx/uhdsdi_gt_v1_0/hdl/uhdsdi_multigt_wrapper.v" 260  1
WARNING VCP2597 "Some unconnected ports remain at instance: uhdsdi_link. Module uhdsdi_gtwiz_gtye4 has unconnected  port(s) : gtpowergood_out." "C:/Xilinx/Vivado/2019.2/data/ip/xilinx/uhdsdi_gt_v1_0/hdl/uhdsdi_multigt_wrapper.v" 391  1
MESSAGE "Pass 3. Processing behavioral statements."
MESSAGE "Running Optimizer."
MESSAGE "ELB/DAG code generating."
MESSAGE "Unit top modules: uhdsdi_control uhdsdi_multigt_wrapper."
MESSAGE "$root top modules: uhdsdi_control uhdsdi_multigt_wrapper."
SUCCESS "Compile success 0 Errors 248 Warnings  Analysis time: 2[s]."
ALOG: Warning: The source is compiled without the -dbg switch. Line breakpoints and assertion debug will not be available.
done
