#-----------------------------------------------------------
# Vivado v2019.2 (64-bit)
# SW Build 2708876 on Wed Nov  6 21:40:23 MST 2019
# IP Build 2700528 on Thu Nov  7 00:09:20 MST 2019
# Start of session at: Tue Jan 28 19:35:02 2020
# Process ID: 29956
# Current directory: C:/Users/lucas/Documents/fpga/lab1_3_2
# Command line: vivado.exe -gui_launcher_event rodinguilauncherevent5712 C:\Users\lucas\Documents\fpga\lab1_3_2\lab1_3_2.xpr
# Log file: C:/Users/lucas/Documents/fpga/lab1_3_2/vivado.log
# Journal file: C:/Users/lucas/Documents/fpga/lab1_3_2\vivado.jou
#-----------------------------------------------------------
start_gui
open_project C:/Users/lucas/Documents/fpga/lab1_3_2/lab1_3_2.xpr
Scanning sources...
Finished scanning sources
INFO: [IP_Flow 19-234] Refreshing IP repositories
INFO: [IP_Flow 19-1704] No user IP repositories specified
INFO: [IP_Flow 19-2313] Loaded Vivado IP repository 'C:/Xilinx/Vivado/2019.2/data/ip'.
open_project: Time (s): cpu = 00:00:22 ; elapsed = 00:00:09 . Memory (MB): peak = 971.109 ; gain = 99.859
update_compile_order -fileset sources_1
synth_design -rtl -name rtl_1
Command: synth_design -rtl -name rtl_1
Starting synth_design
Using part: xc7a100tcsg324-1
Top: mux2_behav_two_bit
INFO: [Device 21-403] Loading part xc7a100tcsg324-1
---------------------------------------------------------------------------------
Starting RTL Elaboration : Time (s): cpu = 00:00:04 ; elapsed = 00:00:05 . Memory (MB): peak = 1460.156 ; gain = 215.797
---------------------------------------------------------------------------------
INFO: [Synth 8-6157] synthesizing module 'mux2_behav_two_bit' [C:/Users/lucas/Documents/fpga/lab1_3_2/lab1_3_2.srcs/sources_1/new/mux2_behav_two_bit.v:23]
INFO: [Synth 8-6155] done synthesizing module 'mux2_behav_two_bit' (1#1) [C:/Users/lucas/Documents/fpga/lab1_3_2/lab1_3_2.srcs/sources_1/new/mux2_behav_two_bit.v:23]
---------------------------------------------------------------------------------
Finished RTL Elaboration : Time (s): cpu = 00:00:06 ; elapsed = 00:00:06 . Memory (MB): peak = 1537.555 ; gain = 293.195
---------------------------------------------------------------------------------

Report Check Netlist: 
+------+------------------+-------+---------+-------+------------------+
|      |Item              |Errors |Warnings |Status |Description       |
+------+------------------+-------+---------+-------+------------------+
|1     |multi_driven_nets |      0|        0|Passed |Multi driven nets |
+------+------------------+-------+---------+-------+------------------+
---------------------------------------------------------------------------------
Start Handling Custom Attributes
---------------------------------------------------------------------------------
---------------------------------------------------------------------------------
Finished Handling Custom Attributes : Time (s): cpu = 00:00:07 ; elapsed = 00:00:07 . Memory (MB): peak = 1537.555 ; gain = 293.195
---------------------------------------------------------------------------------
---------------------------------------------------------------------------------
Finished RTL Optimization Phase 1 : Time (s): cpu = 00:00:07 ; elapsed = 00:00:07 . Memory (MB): peak = 1537.555 ; gain = 293.195
---------------------------------------------------------------------------------
Netlist sorting complete. Time (s): cpu = 00:00:00 ; elapsed = 00:00:00 . Memory (MB): peak = 1537.555 ; gain = 0.000
INFO: [Project 1-570] Preparing netlist for logic optimization

Processing XDC Constraints
Initializing timing engine
Completed Processing XDC Constraints

INFO: [Opt 31-138] Pushed 0 inverter(s) to 0 load pin(s).
Netlist sorting complete. Time (s): cpu = 00:00:00 ; elapsed = 00:00:00 . Memory (MB): peak = 1537.555 ; gain = 0.000
INFO: [Project 1-111] Unisim Transformation Summary:
No Unisim elements were transformed.

RTL Elaboration Complete:  : Time (s): cpu = 00:00:20 ; elapsed = 00:00:12 . Memory (MB): peak = 1586.723 ; gain = 342.363
6 Infos, 0 Warnings, 0 Critical Warnings and 0 Errors encountered.
synth_design completed successfully
synth_design: Time (s): cpu = 00:00:27 ; elapsed = 00:00:19 . Memory (MB): peak = 1586.723 ; gain = 614.543
exit
INFO: [Common 17-206] Exiting Vivado at Tue Jan 28 19:36:31 2020...
