Aldec, Inc. VHDL Compiler, build 10.5.217.6767
VLM Initialized with path: "C:\Users\lucas\Documents\fpga\lab2\Lab2_afterlab\Lab2\lab2_3_1\library.cfg".
DAGGEN WARNING DAGGEN_0523: "The source is compiled without the -dbg switch. Line breakpoints and assertion debug will not be available."
COMP96 File: C:\Xilinx\Vivado\2019.2\data\ip\xilinx\axi_vdma_v6_3\hdl\axi_vdma_v6_3_rfs.vhd
COMP96 Compile Package "axi_sg_pkg"
COMP96 Compile Package Body "axi_sg_pkg"
COMP96 Compile Entity "axi_sg_ftch_sm"
COMP96 Compile Architecture "implementation" of Entity "axi_sg_ftch_sm"
COMP96 Compile Entity "axi_sg_ftch_pntr"
COMP96 Compile Architecture "implementation" of Entity "axi_sg_ftch_pntr"
COMP96 Compile Entity "axi_sg_ftch_cmdsts_if"
COMP96 Compile Architecture "implementation" of Entity "axi_sg_ftch_cmdsts_if"
COMP96 Compile Entity "axi_sg_ftch_mngr"
COMP96 Compile Architecture "implementation" of Entity "axi_sg_ftch_mngr"
COMP96 Compile Entity "axi_sg_afifo_autord"
COMP96 Compile Architecture "imp" of Entity "axi_sg_afifo_autord"
COMP96 Compile Entity "axi_sg_ftch_queue"
COMP96 Compile Architecture "implementation" of Entity "axi_sg_ftch_queue"
COMP96 Compile Entity "axi_sg_ftch_noqueue"
COMP96 Compile Architecture "implementation" of Entity "axi_sg_ftch_noqueue"
COMP96 Compile Entity "axi_sg_ftch_q_mngr"
COMP96 Compile Architecture "implementation" of Entity "axi_sg_ftch_q_mngr"
COMP96 Compile Entity "axi_sg_updt_cmdsts_if"
COMP96 Compile Architecture "implementation" of Entity "axi_sg_updt_cmdsts_if"
COMP96 Compile Entity "axi_sg_updt_sm"
COMP96 Compile Architecture "implementation" of Entity "axi_sg_updt_sm"
COMP96 Compile Entity "axi_sg_updt_mngr"
COMP96 Compile Architecture "implementation" of Entity "axi_sg_updt_mngr"
COMP96 Compile Entity "axi_sg_updt_queue"
COMP96 Compile Architecture "implementation" of Entity "axi_sg_updt_queue"
COMP96 Compile Entity "axi_sg_updt_noqueue"
COMP96 Compile Architecture "implementation" of Entity "axi_sg_updt_noqueue"
COMP96 Compile Entity "axi_sg_updt_q_mngr"
COMP96 Compile Architecture "implementation" of Entity "axi_sg_updt_q_mngr"
COMP96 Compile Entity "axi_sg_intrpt"
COMP96 Compile Architecture "implementation" of Entity "axi_sg_intrpt"
COMP96 Compile Entity "axi_sg"
COMP96 Compile Architecture "implementation" of Entity "axi_sg"
COMP96 Compile Package "axi_vdma_pkg"
COMP96 Compile Package Body "axi_vdma_pkg"
COMP96 Compile Entity "axi_vdma_cdc"
COMP96 Compile Architecture "implementation" of Entity "axi_vdma_cdc"
COMP96 Compile Entity "axi_vdma_vid_cdc"
COMP96 Compile Architecture "implementation" of Entity "axi_vdma_vid_cdc"
COMP96 Compile Entity "axi_vdma_sg_cdc"
COMP96 Compile Architecture "implementation" of Entity "axi_vdma_sg_cdc"
COMP96 Compile Entity "axi_vdma_reset"
COMP96 Compile Architecture "implementation" of Entity "axi_vdma_reset"
COMP96 Compile Entity "axi_vdma_rst_module"
COMP96 Compile Architecture "implementation" of Entity "axi_vdma_rst_module"
COMP96 Compile Entity "axi_vdma_lite_if"
COMP96 Compile Architecture "implementation" of Entity "axi_vdma_lite_if"
COMP96 Compile Entity "axi_vdma_register"
COMP96 Compile Architecture "implementation" of Entity "axi_vdma_register"
COMP96 Compile Entity "axi_vdma_regdirect"
COMP96 Compile Architecture "implementation" of Entity "axi_vdma_regdirect"
COMP96 Compile Entity "axi_vdma_reg_mux"
COMP96 Compile Architecture "implementation" of Entity "axi_vdma_reg_mux"
COMP96 Compile Entity "axi_vdma_reg_module"
COMP96 Compile Architecture "implementation" of Entity "axi_vdma_reg_module"
COMP96 Compile Entity "axi_vdma_reg_if"
COMP96 Compile Architecture "implementation" of Entity "axi_vdma_reg_if"
COMP96 Compile Entity "axi_vdma_intrpt"
COMP96 Compile Architecture "implementation" of Entity "axi_vdma_intrpt"
COMP96 Compile Entity "axi_vdma_sof_gen"
COMP96 Compile Architecture "implementation" of Entity "axi_vdma_sof_gen"
COMP96 Compile Entity "axi_vdma_skid_buf"
COMP96 Compile Architecture "implementation" of Entity "axi_vdma_skid_buf"
COMP96 Compile Entity "axi_vdma_sfifo"
COMP96 Compile Architecture "xilinx" of Entity "axi_vdma_sfifo"
COMP96 Compile Entity "axi_vdma_sfifo_autord"
COMP96 Compile Architecture "imp" of Entity "axi_vdma_sfifo_autord"
COMP96 Compile Entity "axi_vdma_afifo_builtin"
COMP96 Compile Architecture "xilinx" of Entity "axi_vdma_afifo_builtin"
COMP96 Compile Entity "axi_vdma_afifo"
COMP96 Compile Architecture "xilinx" of Entity "axi_vdma_afifo"
COMP96 Compile Entity "axi_vdma_afifo_autord"
COMP96 Compile Architecture "imp" of Entity "axi_vdma_afifo_autord"
COMP96 Compile Entity "axi_vdma_mm2s_linebuf"
COMP96 Compile Architecture "implementation" of Entity "axi_vdma_mm2s_linebuf"
COMP96 Compile Entity "axi_vdma_s2mm_linebuf"
COMP96 Compile Architecture "implementation" of Entity "axi_vdma_s2mm_linebuf"
COMP96 Compile Entity "axi_vdma_blkmem"
COMP96 Compile Architecture "implementation" of Entity "axi_vdma_blkmem"
COMP96 Compile Entity "axi_vdma_fsync_gen"
COMP96 Compile Architecture "implementation" of Entity "axi_vdma_fsync_gen"
COMP96 Compile Entity "axi_vdma_vregister"
COMP96 Compile Architecture "implementation" of Entity "axi_vdma_vregister"
COMP96 Compile Entity "axi_vdma_vregister_64"
COMP96 Compile Architecture "implementation" of Entity "axi_vdma_vregister_64"
COMP96 Compile Entity "axi_vdma_sgregister"
COMP96 Compile Architecture "implementation" of Entity "axi_vdma_sgregister"
COMP96 Compile Entity "axi_vdma_vaddrreg_mux"
COMP96 Compile Architecture "implementation" of Entity "axi_vdma_vaddrreg_mux"
COMP96 Compile Entity "axi_vdma_vaddrreg_mux_64"
COMP96 Compile Architecture "implementation" of Entity "axi_vdma_vaddrreg_mux_64"
COMP96 Compile Entity "axi_vdma_vidreg_module"
COMP96 Compile Architecture "implementation" of Entity "axi_vdma_vidreg_module"
COMP96 Compile Entity "axi_vdma_vidreg_module_64"
COMP96 Compile Architecture "implementation" of Entity "axi_vdma_vidreg_module_64"
COMP96 Compile Entity "axi_vdma_genlock_mux"
COMP96 Compile Architecture "implementation" of Entity "axi_vdma_genlock_mux"
COMP96 Compile Entity "axi_vdma_greycoder"
COMP96 Compile Architecture "implementation" of Entity "axi_vdma_greycoder"
COMP96 Compile Entity "axi_vdma_genlock_mngr"
COMP96 Compile Architecture "implementation" of Entity "axi_vdma_genlock_mngr"
COMP96 Compile Entity "axi_vdma_sg_if"
COMP96 Compile Architecture "implementation" of Entity "axi_vdma_sg_if"
COMP96 Compile Entity "axi_vdma_sm"
COMP96 Compile Architecture "implementation" of Entity "axi_vdma_sm"
COMP96 Compile Entity "axi_vdma_cmdsts_if"
COMP96 Compile Architecture "implementation" of Entity "axi_vdma_cmdsts_if"
COMP96 Compile Entity "axi_vdma_sts_mngr"
COMP96 Compile Architecture "implementation" of Entity "axi_vdma_sts_mngr"
COMP96 Compile Entity "axi_vdma_mngr"
COMP96 Compile Architecture "implementation" of Entity "axi_vdma_mngr"
COMP96 Compile Entity "axi_vdma_mngr_64"
COMP96 Compile Architecture "implementation" of Entity "axi_vdma_mngr_64"
COMP96 Compile Entity "axi_vdma_mm2s_axis_dwidth_converter"
COMP96 Compile Architecture "implementation" of Entity "axi_vdma_mm2s_axis_dwidth_converter"
ELAB1 WARNING ELAB1_0026: "There is no default binding for component "axi_vdma_v6_3_8_axis_dwidth_converter_v1_0_axis_dwidth_converter". (No entity named "axi_vdma_v6_3_8_axis_dwidth_converter_v1_0_axis_dwidth_converter" was found)." "C:\Xilinx\Vivado\2019.2\data\ip\xilinx\axi_vdma_v6_3\hdl\axi_vdma_v6_3_rfs.vhd" 68826 0
COMP96 Compile Entity "axi_vdma_s2mm_axis_dwidth_converter"
COMP96 Compile Architecture "implementation" of Entity "axi_vdma_s2mm_axis_dwidth_converter"
ELAB1 WARNING ELAB1_0026: "There is no default binding for component "axi_vdma_v6_3_8_axis_dwidth_converter_v1_0_axis_dwidth_converter". (No entity named "axi_vdma_v6_3_8_axis_dwidth_converter_v1_0_axis_dwidth_converter" was found)." "C:\Xilinx\Vivado\2019.2\data\ip\xilinx\axi_vdma_v6_3\hdl\axi_vdma_v6_3_rfs.vhd" 69317 0
COMP96 Compile Entity "axi_vdma"
COMP96 Compile Architecture "implementation" of Entity "axi_vdma"
COMP96 Compile success 0 Errors 2 Warnings  Analysis time :  2.0 [s]
