#-----------------------------------------------------------
# Vivado v2019.2 (64-bit)
# SW Build 2708876 on Wed Nov  6 21:40:23 MST 2019
# IP Build 2700528 on Thu Nov  7 00:09:20 MST 2019
# Start of session at: Thu Feb 13 07:56:13 2020
# Process ID: 10548
# Current directory: C:/Users/lucas/Documents/fpga/lab3/lab3_3_1
# Command line: vivado.exe -gui_launcher_event rodinguilauncherevent1100 C:\Users\lucas\Documents\fpga\lab3\lab3_3_1\lab3_3_1.xpr
# Log file: C:/Users/lucas/Documents/fpga/lab3/lab3_3_1/vivado.log
# Journal file: C:/Users/lucas/Documents/fpga/lab3/lab3_3_1\vivado.jou
#-----------------------------------------------------------
start_gui
open_project C:/Users/lucas/Documents/fpga/lab3/lab3_3_1/lab3_3_1.xpr
Scanning sources...
Finished scanning sources
INFO: [IP_Flow 19-234] Refreshing IP repositories
INFO: [IP_Flow 19-1704] No user IP repositories specified
INFO: [IP_Flow 19-2313] Loaded Vivado IP repository 'C:/Xilinx/Vivado/2019.2/data/ip'.
open_project: Time (s): cpu = 00:00:25 ; elapsed = 00:00:24 . Memory (MB): peak = 785.656 ; gain = 114.414
update_compile_order -fileset sources_1
open_hw_manager
connect_hw_server -allow_non_jtag
INFO: [Labtools 27-2285] Connecting to hw_server url TCP:localhost:3121
INFO: [Labtools 27-3415] Connecting to cs_server url TCP:localhost:3042
INFO: [Labtools 27-3414] Connected to existing cs_server.
open_hw_target
INFO: [Labtoolstcl 44-466] Opening hw_target localhost:3121/xilinx_tcf/Digilent/210292696801A
open_hw_target: Time (s): cpu = 00:00:06 ; elapsed = 00:00:05 . Memory (MB): peak = 2043.344 ; gain = 1241.539
set_property PROGRAM.FILE {C:/Users/lucas/Documents/fpga/lab3/lab3_3_1/lab3_3_1.runs/impl_1/comparator.bit} [get_hw_devices xc7a100t_0]
current_hw_device [get_hw_devices xc7a100t_0]
refresh_hw_device -update_hw_probes false [lindex [get_hw_devices xc7a100t_0] 0]
INFO: [Labtools 27-1434] Device xc7a100t (JTAG device index = 0) is programmed with a design that has no supported debug core(s) in it.
set_property PROBES.FILE {} [get_hw_devices xc7a100t_0]
set_property FULL_PROBES.FILE {} [get_hw_devices xc7a100t_0]
set_property PROGRAM.FILE {C:/Users/lucas/Documents/fpga/lab3/lab3_3_1/lab3_3_1.runs/impl_1/comparator.bit} [get_hw_devices xc7a100t_0]
program_hw_devices [get_hw_devices xc7a100t_0]
INFO: [Labtools 27-3164] End of startup status: HIGH
refresh_hw_device [lindex [get_hw_devices xc7a100t_0] 0]
INFO: [Labtools 27-1434] Device xc7a100t (JTAG device index = 0) is programmed with a design that has no supported debug core(s) in it.
exit
INFO: [Common 17-206] Exiting Vivado at Thu Feb 13 08:34:36 2020...
