#-----------------------------------------------------------
# Vivado v2019.2 (64-bit)
# SW Build 2708876 on Wed Nov  6 21:40:23 MST 2019
# IP Build 2700528 on Thu Nov  7 00:09:20 MST 2019
# Start of session at: Tue Jan 28 19:35:55 2020
# Process ID: 20244
# Current directory: C:/Users/lucas/Documents/fpga/lab1_4_1
# Command line: vivado.exe -gui_launcher_event rodinguilauncherevent1228 C:\Users\lucas\Documents\fpga\lab1_4_1\lab1_4_1.xpr
# Log file: C:/Users/lucas/Documents/fpga/lab1_4_1/vivado.log
# Journal file: C:/Users/lucas/Documents/fpga/lab1_4_1\vivado.jou
#-----------------------------------------------------------
start_gui
open_project C:/Users/lucas/Documents/fpga/lab1_4_1/lab1_4_1.xpr
Scanning sources...
Finished scanning sources
INFO: [IP_Flow 19-234] Refreshing IP repositories
INFO: [IP_Flow 19-1704] No user IP repositories specified
INFO: [IP_Flow 19-2313] Loaded Vivado IP repository 'C:/Xilinx/Vivado/2019.2/data/ip'.
open_project: Time (s): cpu = 00:00:21 ; elapsed = 00:00:10 . Memory (MB): peak = 767.203 ; gain = 136.586
update_compile_order -fileset sources_1
synth_design -rtl -name rtl_1
Command: synth_design -rtl -name rtl_1
Starting synth_design
Using part: xc7a100tcsg324-1
Top: lab1_4_1
INFO: [Device 21-403] Loading part xc7a100tcsg324-1
---------------------------------------------------------------------------------
Starting RTL Elaboration : Time (s): cpu = 00:00:08 ; elapsed = 00:00:08 . Memory (MB): peak = 1303.914 ; gain = 232.137
---------------------------------------------------------------------------------
INFO: [Synth 8-6157] synthesizing module 'lab1_4_1' [C:/Users/lucas/Documents/fpga/lab1_4_1/lab1_4_1.srcs/sources_1/new/lab1_4_1.v:23]
INFO: [Synth 8-6157] synthesizing module 'mux2' [C:/Users/lucas/Documents/fpga/lab1/lab1.srcs/sources_1/new/mux2.v:23]
INFO: [Synth 8-6155] done synthesizing module 'mux2' (1#1) [C:/Users/lucas/Documents/fpga/lab1/lab1.srcs/sources_1/new/mux2.v:23]
INFO: [Synth 8-6155] done synthesizing module 'lab1_4_1' (2#1) [C:/Users/lucas/Documents/fpga/lab1_4_1/lab1_4_1.srcs/sources_1/new/lab1_4_1.v:23]
---------------------------------------------------------------------------------
Finished RTL Elaboration : Time (s): cpu = 00:00:09 ; elapsed = 00:00:09 . Memory (MB): peak = 1352.820 ; gain = 281.043
---------------------------------------------------------------------------------

Report Check Netlist: 
+------+------------------+-------+---------+-------+------------------+
|      |Item              |Errors |Warnings |Status |Description       |
+------+------------------+-------+---------+-------+------------------+
|1     |multi_driven_nets |      0|        0|Passed |Multi driven nets |
+------+------------------+-------+---------+-------+------------------+
---------------------------------------------------------------------------------
Start Handling Custom Attributes
---------------------------------------------------------------------------------
---------------------------------------------------------------------------------
Finished Handling Custom Attributes : Time (s): cpu = 00:00:10 ; elapsed = 00:00:10 . Memory (MB): peak = 1352.820 ; gain = 281.043
---------------------------------------------------------------------------------
---------------------------------------------------------------------------------
Finished RTL Optimization Phase 1 : Time (s): cpu = 00:00:10 ; elapsed = 00:00:10 . Memory (MB): peak = 1352.820 ; gain = 281.043
---------------------------------------------------------------------------------
Netlist sorting complete. Time (s): cpu = 00:00:00 ; elapsed = 00:00:00.001 . Memory (MB): peak = 1352.820 ; gain = 0.000
INFO: [Project 1-570] Preparing netlist for logic optimization

Processing XDC Constraints
Initializing timing engine
Completed Processing XDC Constraints

INFO: [Opt 31-138] Pushed 0 inverter(s) to 0 load pin(s).
Netlist sorting complete. Time (s): cpu = 00:00:00 ; elapsed = 00:00:00 . Memory (MB): peak = 1427.680 ; gain = 0.000
INFO: [Project 1-111] Unisim Transformation Summary:
No Unisim elements were transformed.

RTL Elaboration Complete:  : Time (s): cpu = 00:00:26 ; elapsed = 00:00:16 . Memory (MB): peak = 1478.676 ; gain = 406.898
8 Infos, 0 Warnings, 0 Critical Warnings and 0 Errors encountered.
synth_design completed successfully
synth_design: Time (s): cpu = 00:00:34 ; elapsed = 00:00:24 . Memory (MB): peak = 1478.676 ; gain = 674.734
exit
INFO: [Common 17-206] Exiting Vivado at Tue Jan 28 20:06:51 2020...
