Aldec, Inc. VHDL Compiler, build 10.5.217.6767
VLM Initialized with path: "C:\Users\lucas\Documents\fpga\lab2\Lab2_afterlab\Lab2\lab2_3_1\library.cfg".
DAGGEN WARNING DAGGEN_0523: "The source is compiled without the -dbg switch. Line breakpoints and assertion debug will not be available."
COMP96 File: C:\Xilinx\Vivado\2019.2\data\ip\xilinx\axi_master_burst_v2_0\hdl\axi_master_burst_v2_0_vh_rfs.vhd
COMP96 Compile Entity "axi_master_burst_wr_demux"
COMP96 Compile Architecture "implementation" of Entity "axi_master_burst_wr_demux"
COMP96 Compile Entity "axi_master_burst_strb_gen"
COMP96 Compile Architecture "implementation" of Entity "axi_master_burst_strb_gen"
COMP96 Compile Entity "axi_master_burst_rdmux"
COMP96 Compile Architecture "implementation" of Entity "axi_master_burst_rdmux"
COMP96 Compile Entity "axi_master_burst_fifo"
COMP96 Compile Architecture "imp" of Entity "axi_master_burst_fifo"
COMP96 Compile Entity "axi_master_burst_wr_status_cntl"
COMP96 Compile Architecture "implementation" of Entity "axi_master_burst_wr_status_cntl"
COMP96 Compile Entity "axi_master_burst_wrdata_cntl"
COMP96 Compile Architecture "implementation" of Entity "axi_master_burst_wrdata_cntl"
COMP96 Compile Entity "axi_master_burst_stbs_set"
COMP96 Compile Architecture "implementation" of Entity "axi_master_burst_stbs_set"
COMP96 Compile Entity "axi_master_burst_skid_buf"
COMP96 Compile Architecture "implementation" of Entity "axi_master_burst_skid_buf"
COMP96 Compile Entity "axi_master_burst_skid2mm_buf"
COMP96 Compile Architecture "implementation" of Entity "axi_master_burst_skid2mm_buf"
COMP96 Compile Entity "axi_master_burst_rd_status_cntl"
COMP96 Compile Architecture "implementation" of Entity "axi_master_burst_rd_status_cntl"
COMP96 Compile Entity "axi_master_burst_rddata_cntl"
COMP96 Compile Architecture "implementation" of Entity "axi_master_burst_rddata_cntl"
COMP96 Compile Entity "axi_master_burst_pcc"
COMP96 Compile Architecture "implementation" of Entity "axi_master_burst_pcc"
COMP96 Compile Entity "axi_master_burst_first_stb_offset"
COMP96 Compile Architecture "implementation" of Entity "axi_master_burst_first_stb_offset"
COMP96 Compile Entity "axi_master_burst_addr_cntl"
COMP96 Compile Architecture "implementation" of Entity "axi_master_burst_addr_cntl"
COMP96 Compile Entity "axi_master_burst_wr_llink"
COMP96 Compile Architecture "implementation" of Entity "axi_master_burst_wr_llink"
COMP96 Compile Entity "axi_master_burst_reset"
COMP96 Compile Architecture "implementation" of Entity "axi_master_burst_reset"
COMP96 Compile Entity "axi_master_burst_rd_wr_cntlr"
COMP96 Compile Architecture "implementation" of Entity "axi_master_burst_rd_wr_cntlr"
COMP96 Compile Entity "axi_master_burst_rd_llink"
COMP96 Compile Architecture "implementation" of Entity "axi_master_burst_rd_llink"
COMP96 Compile Entity "axi_master_burst_cmd_status"
COMP96 Compile Architecture "implementation" of Entity "axi_master_burst_cmd_status"
COMP96 Compile Entity "axi_master_burst"
COMP96 Compile Architecture "implementation" of Entity "axi_master_burst"
COMP96 Compile success 0 Errors 0 Warnings  Analysis time :  0.6 [s]
