Aldec, Inc. VHDL Compiler, build 10.5.217.6767
VLM Initialized with path: "C:\Users\lucas\Documents\fpga\lab2\Lab2_afterlab\Lab2\lab2_3_1\library.cfg".
DAGGEN WARNING DAGGEN_0523: "The source is compiled without the -dbg switch. Line breakpoints and assertion debug will not be available."
COMP96 File: C:\Xilinx\Vivado\2019.2\data\ip\xilinx\axi_datamover_v5_1\hdl\axi_datamover_v5_1_vh_rfs.vhd
COMP96 Compile Entity "axi_datamover_reset"
COMP96 Compile Architecture "implementation" of Entity "axi_datamover_reset"
COMP96 Compile Entity "axi_datamover_afifo_autord"
COMP96 Compile Architecture "imp" of Entity "axi_datamover_afifo_autord"
COMP96 Compile Entity "axi_datamover_sfifo_autord"
COMP96 Compile Architecture "imp" of Entity "axi_datamover_sfifo_autord"
COMP96 Compile Entity "axi_datamover_fifo"
COMP96 Compile Architecture "imp" of Entity "axi_datamover_fifo"
COMP96 Compile Entity "axi_datamover_cmd_status"
COMP96 Compile Architecture "implementation" of Entity "axi_datamover_cmd_status"
COMP96 Compile Entity "axi_datamover_scc"
COMP96 Compile Architecture "implementation" of Entity "axi_datamover_scc"
COMP96 Compile Entity "axi_datamover_strb_gen2"
COMP96 Compile Architecture "implementation" of Entity "axi_datamover_strb_gen2"
COMP96 Compile Entity "axi_datamover_pcc"
COMP96 Compile Architecture "implementation" of Entity "axi_datamover_pcc"
COMP96 Compile Entity "axi_datamover_addr_cntl"
COMP96 Compile Architecture "implementation" of Entity "axi_datamover_addr_cntl"
COMP96 Compile Entity "axi_datamover_rdmux"
COMP96 Compile Architecture "implementation" of Entity "axi_datamover_rdmux"
COMP96 Compile Entity "axi_datamover_rddata_cntl"
COMP96 Compile Architecture "implementation" of Entity "axi_datamover_rddata_cntl"
COMP96 Compile Entity "axi_datamover_rd_status_cntl"
COMP96 Compile Architecture "implementation" of Entity "axi_datamover_rd_status_cntl"
COMP96 Compile Entity "axi_datamover_wr_demux"
COMP96 Compile Architecture "implementation" of Entity "axi_datamover_wr_demux"
COMP96 Compile Entity "axi_datamover_wrdata_cntl"
COMP96 Compile Architecture "implementation" of Entity "axi_datamover_wrdata_cntl"
COMP96 Compile Entity "axi_datamover_wr_status_cntl"
COMP96 Compile Architecture "implementation" of Entity "axi_datamover_wr_status_cntl"
COMP96 Compile Entity "axi_datamover_skid2mm_buf"
COMP96 Compile Architecture "implementation" of Entity "axi_datamover_skid2mm_buf"
COMP96 Compile Entity "axi_datamover_skid_buf"
COMP96 Compile Architecture "implementation" of Entity "axi_datamover_skid_buf"
COMP96 Compile Entity "axi_datamover_rd_sf"
COMP96 Compile Architecture "implementation" of Entity "axi_datamover_rd_sf"
COMP96 Compile Entity "axi_datamover_wr_sf"
COMP96 Compile Architecture "implementation" of Entity "axi_datamover_wr_sf"
COMP96 Compile Entity "axi_datamover_stbs_set"
COMP96 Compile Architecture "implementation" of Entity "axi_datamover_stbs_set"
COMP96 Compile Entity "axi_datamover_stbs_set_nodre"
COMP96 Compile Architecture "implementation" of Entity "axi_datamover_stbs_set_nodre"
COMP96 Compile Entity "axi_datamover_ibttcc"
COMP96 Compile Architecture "implementation" of Entity "axi_datamover_ibttcc"
COMP96 Compile Entity "axi_datamover_indet_btt"
COMP96 Compile Architecture "implementation" of Entity "axi_datamover_indet_btt"
COMP96 Compile Entity "axi_datamover_dre_mux2_1_x_n"
COMP96 Compile Architecture "implementation" of Entity "axi_datamover_dre_mux2_1_x_n"
COMP96 Compile Entity "axi_datamover_dre_mux4_1_x_n"
COMP96 Compile Architecture "implementation" of Entity "axi_datamover_dre_mux4_1_x_n"
COMP96 Compile Entity "axi_datamover_dre_mux8_1_x_n"
COMP96 Compile Architecture "implementation" of Entity "axi_datamover_dre_mux8_1_x_n"
COMP96 Compile Entity "axi_datamover_mm2s_dre"
COMP96 Compile Architecture "implementation" of Entity "axi_datamover_mm2s_dre"
COMP96 Compile Entity "axi_datamover_s2mm_dre"
COMP96 Compile Architecture "implementation" of Entity "axi_datamover_s2mm_dre"
COMP96 Compile Entity "axi_datamover_ms_strb_set"
COMP96 Compile Architecture "implementation" of Entity "axi_datamover_ms_strb_set"
COMP96 Compile Entity "axi_datamover_mssai_skid_buf"
COMP96 Compile Architecture "implementation" of Entity "axi_datamover_mssai_skid_buf"
COMP96 Compile Entity "axi_datamover_slice"
COMP96 Compile Architecture "working" of Entity "axi_datamover_slice"
COMP96 Compile Entity "axi_datamover_s2mm_scatter"
COMP96 Compile Architecture "implementation" of Entity "axi_datamover_s2mm_scatter"
COMP96 Compile Entity "axi_datamover_s2mm_realign"
COMP96 Compile Architecture "implementation" of Entity "axi_datamover_s2mm_realign"
COMP96 Compile Entity "axi_datamover_s2mm_basic_wrap"
COMP96 Compile Architecture "implementation" of Entity "axi_datamover_s2mm_basic_wrap"
COMP96 Compile Entity "axi_datamover_s2mm_omit_wrap"
COMP96 Compile Architecture "implementation" of Entity "axi_datamover_s2mm_omit_wrap"
COMP96 Compile Entity "axi_datamover_s2mm_full_wrap"
COMP96 Compile Architecture "implementation" of Entity "axi_datamover_s2mm_full_wrap"
COMP96 Compile Entity "axi_datamover_mm2s_basic_wrap"
COMP96 Compile Architecture "implementation" of Entity "axi_datamover_mm2s_basic_wrap"
COMP96 Compile Entity "axi_datamover_mm2s_omit_wrap"
COMP96 Compile Architecture "implementation" of Entity "axi_datamover_mm2s_omit_wrap"
COMP96 Compile Entity "axi_datamover_mm2s_full_wrap"
COMP96 Compile Architecture "implementation" of Entity "axi_datamover_mm2s_full_wrap"
COMP96 Compile Entity "axi_datamover"
COMP96 Compile Architecture "implementation" of Entity "axi_datamover"
COMP96 Compile success 0 Errors 0 Warnings  Analysis time :  1.0 [s]
