Aldec, Inc. VHDL Compiler, build 10.5.217.6767
VLM Initialized with path: "C:\Users\lucas\Documents\fpga\lab2\Lab2_afterlab\Lab2\lab2_3_1\library.cfg".
DAGGEN WARNING DAGGEN_0523: "The source is compiled without the -dbg switch. Line breakpoints and assertion debug will not be available."
COMP96 File: C:\Xilinx\Vivado\2019.2\data\ip\xilinx\axi_emc_v3_0\hdl\axi_emc_v3_0_vh_rfs.vhd
COMP96 Compile Package "emc_pkg"
COMP96 Compile Package Body "emc_pkg"
COMP96 Compile Entity "counter_f"
COMP96 Compile Architecture "imp" of Entity "counter_f"
COMP96 Compile Entity "pselect_f"
COMP96 Compile Architecture "imp" of Entity "pselect_f"
COMP96 Compile Entity "axi_emc_addr_gen"
COMP96 Compile Architecture "imp" of Entity "axi_emc_addr_gen"
COMP96 Compile Entity "axi_emc_address_decode"
COMP96 Compile Architecture "imp" of Entity "axi_emc_address_decode"
COMP96 Compile Entity "axi_emc_native_interface"
COMP96 Compile Architecture "imp" of Entity "axi_emc_native_interface"
COMP96 Compile Entity "startup_wrapper"
COMP96 Compile Architecture "startup_arch" of Entity "startup_wrapper"
COMP96 Compile Entity "axi_emc"
COMP96 Compile Architecture "imp" of Entity "axi_emc"
COMP96 Compile success 0 Errors 0 Warnings  Analysis time :  0.7 [s]
