#-----------------------------------------------------------
# Vivado v2019.2 (64-bit)
# SW Build 2708876 on Wed Nov  6 21:40:23 MST 2019
# IP Build 2700528 on Thu Nov  7 00:09:20 MST 2019
# Start of session at: Thu Jan 23 07:48:54 2020
# Process ID: 25232
# Current directory: C:/Users/lucas/Documents/fpga/lab1
# Command line: vivado.exe -gui_launcher_event rodinguilauncherevent27112 C:\Users\lucas\Documents\fpga\lab1\lab1.xpr
# Log file: C:/Users/lucas/Documents/fpga/lab1/vivado.log
# Journal file: C:/Users/lucas/Documents/fpga/lab1\vivado.jou
#-----------------------------------------------------------
start_gui
open_project C:/Users/lucas/Documents/fpga/lab1/lab1.xpr
Scanning sources...
Finished scanning sources
INFO: [IP_Flow 19-234] Refreshing IP repositories
INFO: [IP_Flow 19-1704] No user IP repositories specified
INFO: [IP_Flow 19-2313] Loaded Vivado IP repository 'C:/Xilinx/Vivado/2019.2/data/ip'.
open_project: Time (s): cpu = 00:00:14 ; elapsed = 00:00:06 . Memory (MB): peak = 779.598 ; gain = 112.113
update_compile_order -fileset sources_1
exit
INFO: [Common 17-206] Exiting Vivado at Thu Jan 23 07:52:44 2020...
