#-----------------------------------------------------------
# Vivado v2019.2 (64-bit)
# SW Build 2708876 on Wed Nov  6 21:40:23 MST 2019
# IP Build 2700528 on Thu Nov  7 00:09:20 MST 2019
# Start of session at: Wed Feb 19 23:02:59 2020
# Process ID: 23512
# Current directory: C:/Users/lucas/Documents/fpga/lab3/lab3_1_1
# Command line: vivado.exe -gui_launcher_event rodinguilauncherevent19704 C:\Users\lucas\Documents\fpga\lab3\lab3_1_1\lab3_1_1.xpr
# Log file: C:/Users/lucas/Documents/fpga/lab3/lab3_1_1/vivado.log
# Journal file: C:/Users/lucas/Documents/fpga/lab3/lab3_1_1\vivado.jou
#-----------------------------------------------------------
start_gui
open_project C:/Users/lucas/Documents/fpga/lab3/lab3_1_1/lab3_1_1.xpr
Scanning sources...
Finished scanning sources
INFO: [IP_Flow 19-234] Refreshing IP repositories
INFO: [IP_Flow 19-1704] No user IP repositories specified
INFO: [IP_Flow 19-2313] Loaded Vivado IP repository 'C:/Xilinx/Vivado/2019.2/data/ip'.
open_project: Time (s): cpu = 00:00:34 ; elapsed = 00:00:17 . Memory (MB): peak = 827.492 ; gain = 133.184
update_compile_order -fileset sources_1
import_files -norecurse C:/Users/lucas/Downloads/decoder_3to8_dataflow_tb.v
update_compile_order -fileset sources_1
set_property top decoder_3to8_dataflow_tb [current_fileset]
update_compile_order -fileset sources_1
launch_simulation
Command: launch_simulation 
INFO: [Vivado 12-5682] Launching behavioral simulation in 'C:/Users/lucas/Documents/fpga/lab3/lab3_1_1/lab3_1_1.sim/sim_1/behav/xsim'
INFO: [SIM-utils-51] Simulation object is 'sim_1'
INFO: [SIM-utils-54] Inspecting design source files for 'decoder_3to8_dataflow_tb' in fileset 'sim_1'...
INFO: [USF-XSim-97] Finding global include files...
INFO: [USF-XSim-98] Fetching design files from 'sim_1'...
INFO: [USF-XSim-2] XSim::Compile design
INFO: [USF-XSim-61] Executing 'COMPILE and ANALYZE' step in 'C:/Users/lucas/Documents/fpga/lab3/lab3_1_1/lab3_1_1.sim/sim_1/behav/xsim'
"xvlog --incr --relax -prj decoder_3to8_dataflow_tb_vlog.prj"
INFO: [VRFC 10-2263] Analyzing Verilog file "C:/Users/lucas/Documents/fpga/lab3/lab3_1_1/lab3_1_1.srcs/sources_1/new/decoder_3to8_dataflow.v" into library xil_defaultlib
INFO: [VRFC 10-311] analyzing module decoder_3to8_dataflow
INFO: [VRFC 10-2263] Analyzing Verilog file "C:/Users/lucas/Documents/fpga/lab3/lab3_1_1/lab3_1_1.srcs/sources_1/imports/Downloads/decoder_3to8_dataflow_tb.v" into library xil_defaultlib
INFO: [VRFC 10-311] analyzing module decoder_3to8_dataflow_tb
INFO: [VRFC 10-2263] Analyzing Verilog file "C:/Users/lucas/Documents/fpga/lab3/lab3_1_1/lab3_1_1.sim/sim_1/behav/xsim/glbl.v" into library xil_defaultlib
INFO: [VRFC 10-311] analyzing module glbl
INFO: [USF-XSim-69] 'compile' step finished in '1' seconds
INFO: [USF-XSim-3] XSim::Elaborate design
INFO: [USF-XSim-61] Executing 'ELABORATE' step in 'C:/Users/lucas/Documents/fpga/lab3/lab3_1_1/lab3_1_1.sim/sim_1/behav/xsim'
"xelab -wto 57b9701e3cb14b479b4338366c5cf6c9 --incr --debug typical --relax --mt 2 -L xil_defaultlib -L unisims_ver -L unimacro_ver -L secureip --snapshot decoder_3to8_dataflow_tb_behav xil_defaultlib.decoder_3to8_dataflow_tb xil_defaultlib.glbl -log elaborate.log"
Vivado Simulator 2019.2
Copyright 1986-1999, 2001-2019 Xilinx, Inc. All Rights Reserved.
Running: C:/Xilinx/Vivado/2019.2/bin/unwrapped/win64.o/xelab.exe -wto 57b9701e3cb14b479b4338366c5cf6c9 --incr --debug typical --relax --mt 2 -L xil_defaultlib -L unisims_ver -L unimacro_ver -L secureip --snapshot decoder_3to8_dataflow_tb_behav xil_defaultlib.decoder_3to8_dataflow_tb xil_defaultlib.glbl -log elaborate.log 
Using 2 slave threads.
Starting static elaboration
Pass Through NonSizing Optimizer
Completed static elaboration
Starting simulation data flow analysis
Completed simulation data flow analysis
Time Resolution for simulation is 1ps
Compiling module xil_defaultlib.decoder_3to8_dataflow
Compiling module xil_defaultlib.decoder_3to8_dataflow_tb
Compiling module xil_defaultlib.glbl
Built simulation snapshot decoder_3to8_dataflow_tb_behav

****** Webtalk v2019.2 (64-bit)
  **** SW Build 2708876 on Wed Nov  6 21:40:23 MST 2019
  **** IP Build 2700528 on Thu Nov  7 00:09:20 MST 2019
    ** Copyright 1986-2019 Xilinx, Inc. All Rights Reserved.

source C:/Users/lucas/Documents/fpga/lab3/lab3_1_1/lab3_1_1.sim/sim_1/behav/xsim/xsim.dir/decoder_3to8_dataflow_tb_behav/webtalk/xsim_webtalk.tcl -notrace
INFO: [Common 17-186] 'C:/Users/lucas/Documents/fpga/lab3/lab3_1_1/lab3_1_1.sim/sim_1/behav/xsim/xsim.dir/decoder_3to8_dataflow_tb_behav/webtalk/usage_statistics_ext_xsim.xml' has been successfully sent to Xilinx on Wed Feb 19 23:04:22 2020. For additional details about this file, please refer to the WebTalk help file at C:/Xilinx/Vivado/2019.2/doc/webtalk_introduction.html.
INFO: [Common 17-206] Exiting Webtalk at Wed Feb 19 23:04:22 2020...
run_program: Time (s): cpu = 00:00:01 ; elapsed = 00:00:06 . Memory (MB): peak = 877.379 ; gain = 0.000
INFO: [USF-XSim-69] 'elaborate' step finished in '7' seconds
INFO: [USF-XSim-4] XSim::Simulate design
INFO: [USF-XSim-61] Executing 'SIMULATE' step in 'C:/Users/lucas/Documents/fpga/lab3/lab3_1_1/lab3_1_1.sim/sim_1/behav/xsim'
INFO: [USF-XSim-98] *** Running xsim
   with args "decoder_3to8_dataflow_tb_behav -key {Behavioral:sim_1:Functional:decoder_3to8_dataflow_tb} -tclbatch {decoder_3to8_dataflow_tb.tcl} -log {simulate.log}"
INFO: [USF-XSim-8] Loading simulator feature
Vivado Simulator 2019.2
Time resolution is 1 ps
source decoder_3to8_dataflow_tb.tcl
# set curr_wave [current_wave_config]
# if { [string length $curr_wave] == 0 } {
#   if { [llength [get_objects]] > 0} {
#     add_wave /
#     set_property needs_save false [current_wave_config]
#   } else {
#      send_msg_id Add_Wave-1 WARNING "No top level signals found. Simulator will start without a wave window. If you want to open a wave window go to 'File->New Waveform Configuration' or type 'create_wave_config' in the TCL console."
#   }
# }
# run 1000ns
INFO: [USF-XSim-96] XSim completed. Design snapshot 'decoder_3to8_dataflow_tb_behav' loaded.
INFO: [USF-XSim-97] XSim simulation ran for 1000ns
launch_simulation: Time (s): cpu = 00:00:10 ; elapsed = 00:00:13 . Memory (MB): peak = 900.176 ; gain = 22.797
restart
INFO: [Simtcl 6-17] Simulation restarted
run 45 ns
close_sim
INFO: [Simtcl 6-16] Simulation closed
close_sim: Time (s): cpu = 00:00:02 ; elapsed = 00:00:06 . Memory (MB): peak = 916.719 ; gain = 0.000
exit
INFO: [Common 17-206] Exiting Vivado at Wed Feb 19 23:06:55 2020...
