Aldec, Inc. VHDL Compiler, build 10.5.217.6767
VLM Initialized with path: "C:\Users\lucas\Documents\fpga\lab2\Lab2_afterlab\Lab2\lab2_3_1\library.cfg".
DAGGEN WARNING DAGGEN_0523: "The source is compiled without the -dbg switch. Line breakpoints and assertion debug will not be available."
COMP96 File: C:\Xilinx\Vivado\2019.2\data\ip\xilinx\ahblite_axi_bridge_v3_0\hdl\ahblite_axi_bridge_v3_0_vh_rfs.vhd
COMP96 Compile Package "ahblite_axi_bridge_pkg"
COMP96 Compile Package Body "ahblite_axi_bridge_pkg"
COMP96 Compile Entity "counter_f"
COMP96 Compile Architecture "imp" of Entity "counter_f"
COMP96 Compile Entity "time_out"
COMP96 Compile Architecture "RTL" of Entity "time_out"
COMP96 Compile Entity "axi_wchannel"
COMP96 Compile Architecture "RTL" of Entity "axi_wchannel"
COMP96 Compile Entity "axi_rchannel"
COMP96 Compile Architecture "RTL" of Entity "axi_rchannel"
COMP96 Compile Entity "ahb_if"
COMP96 Compile Architecture "RTL" of Entity "ahb_if"
COMP96 Compile Entity "ahb_data_counter"
COMP96 Compile Architecture "RTL" of Entity "ahb_data_counter"
COMP96 Compile Entity "ahblite_axi_control"
COMP96 Compile Architecture "RTL" of Entity "ahblite_axi_control"
COMP96 Compile Entity "ahblite_axi_bridge"
COMP96 Compile Architecture "RTL" of Entity "ahblite_axi_bridge"
COMP96 Compile success 0 Errors 0 Warnings  Analysis time :  0.2 [s]
