#-----------------------------------------------------------
# Vivado v2019.2 (64-bit)
# SW Build 2708876 on Wed Nov  6 21:40:23 MST 2019
# IP Build 2700528 on Thu Nov  7 00:09:20 MST 2019
# Start of session at: Thu Feb  6 00:12:43 2020
# Process ID: 20264
# Current directory: C:/Users/lucas/Documents/fpga/lab3/lab3_1_2
# Command line: vivado.exe -gui_launcher_event rodinguilauncherevent18172 C:\Users\lucas\Documents\fpga\lab3\lab3_1_2\lab3_1_2.xpr
# Log file: C:/Users/lucas/Documents/fpga/lab3/lab3_1_2/vivado.log
# Journal file: C:/Users/lucas/Documents/fpga/lab3/lab3_1_2\vivado.jou
#-----------------------------------------------------------
start_gui
open_project C:/Users/lucas/Documents/fpga/lab3/lab3_1_2/lab3_1_2.xpr
Scanning sources...
Finished scanning sources
INFO: [IP_Flow 19-234] Refreshing IP repositories
INFO: [IP_Flow 19-1704] No user IP repositories specified
INFO: [IP_Flow 19-2313] Loaded Vivado IP repository 'C:/Xilinx/Vivado/2019.2/data/ip'.
open_project: Time (s): cpu = 00:00:23 ; elapsed = 00:00:15 . Memory (MB): peak = 779.438 ; gain = 120.258
update_compile_order -fileset sources_1
exit
INFO: [Common 17-206] Exiting Vivado at Thu Feb  6 09:53:53 2020...
