#-----------------------------------------------------------
# Vivado v2019.2 (64-bit)
# SW Build 2708876 on Wed Nov  6 21:40:23 MST 2019
# IP Build 2700528 on Thu Nov  7 00:09:20 MST 2019
# Start of session at: Wed Feb 19 22:23:19 2020
# Process ID: 13144
# Current directory: C:/Users/lucas/Documents/fpga/lab3/lab3_1_2
# Command line: vivado.exe -gui_launcher_event rodinguilauncherevent21136 C:\Users\lucas\Documents\fpga\lab3\lab3_1_2\lab3_1_2.xpr
# Log file: C:/Users/lucas/Documents/fpga/lab3/lab3_1_2/vivado.log
# Journal file: C:/Users/lucas/Documents/fpga/lab3/lab3_1_2\vivado.jou
#-----------------------------------------------------------
start_gui
open_project C:/Users/lucas/Documents/fpga/lab3/lab3_1_2/lab3_1_2.xpr
Scanning sources...
Finished scanning sources
INFO: [IP_Flow 19-234] Refreshing IP repositories
INFO: [IP_Flow 19-1704] No user IP repositories specified
INFO: [IP_Flow 19-2313] Loaded Vivado IP repository 'C:/Xilinx/Vivado/2019.2/data/ip'.
open_project: Time (s): cpu = 00:00:18 ; elapsed = 00:00:08 . Memory (MB): peak = 792.816 ; gain = 150.813
update_compile_order -fileset sources_1
synth_design -rtl -name rtl_1
Command: synth_design -rtl -name rtl_1
Starting synth_design
Using part: xc7a100tcsg324-1
Top: decoder_74138_dataflow
INFO: [Device 21-403] Loading part xc7a100tcsg324-1
---------------------------------------------------------------------------------
Starting RTL Elaboration : Time (s): cpu = 00:00:06 ; elapsed = 00:00:05 . Memory (MB): peak = 1311.949 ; gain = 234.629
---------------------------------------------------------------------------------
INFO: [Synth 8-6157] synthesizing module 'decoder_74138_dataflow' [C:/Users/lucas/Documents/fpga/lab3/lab3_1_2/lab3_1_2.srcs/sources_1/new/decoder_74138_dataflow.v:23]
INFO: [Synth 8-6157] synthesizing module 'decoder_3to8_dataflow' [C:/Users/lucas/Documents/fpga/lab3/lab3_1_2/lab3_1_2.srcs/sources_1/imports/new/decoder_3to8_dataflow.v:23]
INFO: [Synth 8-6155] done synthesizing module 'decoder_3to8_dataflow' (1#1) [C:/Users/lucas/Documents/fpga/lab3/lab3_1_2/lab3_1_2.srcs/sources_1/imports/new/decoder_3to8_dataflow.v:23]
INFO: [Synth 8-6155] done synthesizing module 'decoder_74138_dataflow' (2#1) [C:/Users/lucas/Documents/fpga/lab3/lab3_1_2/lab3_1_2.srcs/sources_1/new/decoder_74138_dataflow.v:23]
---------------------------------------------------------------------------------
Finished RTL Elaboration : Time (s): cpu = 00:00:07 ; elapsed = 00:00:07 . Memory (MB): peak = 1355.191 ; gain = 277.871
---------------------------------------------------------------------------------

Report Check Netlist: 
+------+------------------+-------+---------+-------+------------------+
|      |Item              |Errors |Warnings |Status |Description       |
+------+------------------+-------+---------+-------+------------------+
|1     |multi_driven_nets |      0|        0|Passed |Multi driven nets |
+------+------------------+-------+---------+-------+------------------+
---------------------------------------------------------------------------------
Start Handling Custom Attributes
---------------------------------------------------------------------------------
---------------------------------------------------------------------------------
Finished Handling Custom Attributes : Time (s): cpu = 00:00:08 ; elapsed = 00:00:07 . Memory (MB): peak = 1355.191 ; gain = 277.871
---------------------------------------------------------------------------------
---------------------------------------------------------------------------------
Finished RTL Optimization Phase 1 : Time (s): cpu = 00:00:08 ; elapsed = 00:00:07 . Memory (MB): peak = 1355.191 ; gain = 277.871
---------------------------------------------------------------------------------
Netlist sorting complete. Time (s): cpu = 00:00:00 ; elapsed = 00:00:00 . Memory (MB): peak = 1355.191 ; gain = 0.000
INFO: [Project 1-570] Preparing netlist for logic optimization

Processing XDC Constraints
Initializing timing engine
Parsing XDC File [C:/Users/lucas/Documents/fpga/lab3/lab3_1_2/lab3_1_2.srcs/constrs_1/imports/fpga/nexys_constraint_file.xdc]
Finished Parsing XDC File [C:/Users/lucas/Documents/fpga/lab3/lab3_1_2/lab3_1_2.srcs/constrs_1/imports/fpga/nexys_constraint_file.xdc]
Completed Processing XDC Constraints

INFO: [Opt 31-138] Pushed 0 inverter(s) to 0 load pin(s).
Netlist sorting complete. Time (s): cpu = 00:00:00 ; elapsed = 00:00:00 . Memory (MB): peak = 1463.430 ; gain = 0.000
INFO: [Project 1-111] Unisim Transformation Summary:
No Unisim elements were transformed.

RTL Elaboration Complete:  : Time (s): cpu = 00:00:23 ; elapsed = 00:00:13 . Memory (MB): peak = 1510.383 ; gain = 433.063
8 Infos, 0 Warnings, 0 Critical Warnings and 0 Errors encountered.
synth_design completed successfully
synth_design: Time (s): cpu = 00:00:29 ; elapsed = 00:00:19 . Memory (MB): peak = 1510.383 ; gain = 659.152
exit
INFO: [Common 17-206] Exiting Vivado at Wed Feb 19 22:35:41 2020...
