#-----------------------------------------------------------
# Vivado v2019.2 (64-bit)
# SW Build 2708876 on Wed Nov  6 21:40:23 MST 2019
# IP Build 2700528 on Thu Nov  7 00:09:20 MST 2019
# Start of session at: Sun Mar 29 19:59:52 2020
# Process ID: 7948
# Current directory: C:/Users/lucas/Documents/fpga/lab8/lab8_1_1
# Command line: vivado.exe -gui_launcher_event rodinguilauncherevent5412 C:\Users\lucas\Documents\fpga\lab8\lab8_1_1\lab8_1_1.xpr
# Log file: C:/Users/lucas/Documents/fpga/lab8/lab8_1_1/vivado.log
# Journal file: C:/Users/lucas/Documents/fpga/lab8/lab8_1_1\vivado.jou
#-----------------------------------------------------------
start_gui
open_project C:/Users/lucas/Documents/fpga/lab8/lab8_1_1/lab8_1_1.xpr
INFO: [Project 1-313] Project file moved from 'C:/Users/lucas/Documents/fpga/lab2/Lab2_afterlab/Lab2/lab8_1_1' since last save.
Scanning sources...
Finished scanning sources
INFO: [IP_Flow 19-234] Refreshing IP repositories
INFO: [IP_Flow 19-1704] No user IP repositories specified
INFO: [IP_Flow 19-2313] Loaded Vivado IP repository 'C:/Xilinx/Vivado/2019.2/data/ip'.
open_project: Time (s): cpu = 00:00:13 ; elapsed = 00:00:06 . Memory (MB): peak = 789.133 ; gain = 121.363
update_compile_order -fileset sources_1
