MESSAGE "Pass 1. Scanning modules hierarchy."
MESSAGE_SP VCP2110 "Module axi4stream_vip_if found in library xilinx_vip."
MESSAGE_SP VCP2124 "Package axi4stream_vip_pkg found in library xilinx_vip."
MESSAGE_SP VCP2124 "Package xil_common_vip_pkg found in library xilinx_vip."
MESSAGE_SP VCP2110 "Module axi4stream_vip_axi4streampc found in library xilinx_vip."
MESSAGE_SP VCP2110 "Module axi4stream_vip_axi4streampc found in library xilinx_vip."
MESSAGE_SP VCP2129 "Class axi4stream_vip_pkg::axi4stream_transaction found in library xilinx_vip."
MESSAGE_SP VCP2129 "Class xil_common_vip_pkg::xil_sequence_item found in library xilinx_vip."
MESSAGE_SP VCP2129 "Class xil_common_vip_pkg::xil_object found in library xilinx_vip."
MESSAGE_SP VCP2129 "Class xil_common_vip_pkg::xil_void found in library xilinx_vip."
MESSAGE_SP VCP2129 "Class axi4stream_vip_pkg::axi4stream_monitor_transaction found in library xilinx_vip."
MESSAGE_SP VCP2129 "Class axi4stream_vip_pkg::axi4stream_ready_gen found in library xilinx_vip."
MESSAGE "Pass 2. Processing instantiations."
MESSAGE "Pass 3. Processing behavioral statements."
MESSAGE "Running Assertions Compiler."
MESSAGE "Running Optimizer."
MESSAGE "ELB/DAG code generating."
MESSAGE "Unit top modules: axi4stream_vip_v1_1_6_top."
MESSAGE "$root top modules: axi4stream_vip_v1_1_6_top."
SUCCESS "Compile success 0 Errors 0 Warnings  Analysis time: 1[s]."
ALOG: Warning: The source is compiled without the -dbg switch. Line breakpoints and assertion debug will not be available.
done
