MESSAGE "Pass 1. Scanning modules hierarchy."
MESSAGE "Pass 2. Processing instantiations."
MESSAGE "Pass 3. Processing behavioral statements."
WARNING VCP7060 "Argument ADDRFILE should be a 32-bit multi_channel_descriptor." "C:/Xilinx/Vivado/2019.2/data/ip/xilinx/blk_mem_gen_v8_3/simulation/blk_mem_gen_v8_3.v" 2375  37
WARNING VCP7060 "Argument ADDRFILE should be a 32-bit multi_channel_descriptor." "C:/Xilinx/Vivado/2019.2/data/ip/xilinx/blk_mem_gen_v8_3/simulation/blk_mem_gen_v8_3.v" 2503  37
WARNING VCP7060 "Argument ADDRFILE should be a 32-bit multi_channel_descriptor." "C:/Xilinx/Vivado/2019.2/data/ip/xilinx/blk_mem_gen_v8_3/simulation/blk_mem_gen_v8_3.v" 2576  37
WARNING VCP7060 "Argument ADDRFILE should be a 32-bit multi_channel_descriptor." "C:/Xilinx/Vivado/2019.2/data/ip/xilinx/blk_mem_gen_v8_3/simulation/blk_mem_gen_v8_3.v" 2618  37
WARNING VCP7060 "Argument ERRFILE should be a 32-bit multi_channel_descriptor." "C:/Xilinx/Vivado/2019.2/data/ip/xilinx/blk_mem_gen_v8_3/simulation/blk_mem_gen_v8_3.v" 2708  78
WARNING VCP7060 "Argument ERRFILE should be a 32-bit multi_channel_descriptor." "C:/Xilinx/Vivado/2019.2/data/ip/xilinx/blk_mem_gen_v8_3/simulation/blk_mem_gen_v8_3.v" 2715  49
WARNING VCP7060 "Argument ERRFILE should be a 32-bit multi_channel_descriptor." "C:/Xilinx/Vivado/2019.2/data/ip/xilinx/blk_mem_gen_v8_3/simulation/blk_mem_gen_v8_3.v" 2734  31
WARNING VCP7060 "Argument ERRFILE should be a 32-bit multi_channel_descriptor." "C:/Xilinx/Vivado/2019.2/data/ip/xilinx/blk_mem_gen_v8_3/simulation/blk_mem_gen_v8_3.v" 2741  48
WARNING VCP7060 "Argument ERRFILE should be a 32-bit multi_channel_descriptor." "C:/Xilinx/Vivado/2019.2/data/ip/xilinx/blk_mem_gen_v8_3/simulation/blk_mem_gen_v8_3.v" 2762  37
WARNING VCP7060 "Argument ERRFILE should be a 32-bit multi_channel_descriptor." "C:/Xilinx/Vivado/2019.2/data/ip/xilinx/blk_mem_gen_v8_3/simulation/blk_mem_gen_v8_3.v" 2769  58
WARNING VCP7060 "Argument COLLFILE should be a 32-bit multi_channel_descriptor." "C:/Xilinx/Vivado/2019.2/data/ip/xilinx/blk_mem_gen_v8_3/simulation/blk_mem_gen_v8_3.v" 3301  34
WARNING VCP7060 "Argument COLLFILE should be a 32-bit multi_channel_descriptor." "C:/Xilinx/Vivado/2019.2/data/ip/xilinx/blk_mem_gen_v8_3/simulation/blk_mem_gen_v8_3.v" 3304  48
WARNING VCP7060 "Argument COLLFILE should be a 32-bit multi_channel_descriptor." "C:/Xilinx/Vivado/2019.2/data/ip/xilinx/blk_mem_gen_v8_3/simulation/blk_mem_gen_v8_3.v" 3348  34
WARNING VCP7060 "Argument COLLFILE should be a 32-bit multi_channel_descriptor." "C:/Xilinx/Vivado/2019.2/data/ip/xilinx/blk_mem_gen_v8_3/simulation/blk_mem_gen_v8_3.v" 3350  55
WARNING VCP7060 "Argument COLLFILE should be a 32-bit multi_channel_descriptor." "C:/Xilinx/Vivado/2019.2/data/ip/xilinx/blk_mem_gen_v8_3/simulation/blk_mem_gen_v8_3.v" 3354  34
WARNING VCP7060 "Argument COLLFILE should be a 32-bit multi_channel_descriptor." "C:/Xilinx/Vivado/2019.2/data/ip/xilinx/blk_mem_gen_v8_3/simulation/blk_mem_gen_v8_3.v" 3356  61
WARNING VCP7060 "Argument COLLFILE should be a 32-bit multi_channel_descriptor." "C:/Xilinx/Vivado/2019.2/data/ip/xilinx/blk_mem_gen_v8_3/simulation/blk_mem_gen_v8_3.v" 3390  34
WARNING VCP7060 "Argument COLLFILE should be a 32-bit multi_channel_descriptor." "C:/Xilinx/Vivado/2019.2/data/ip/xilinx/blk_mem_gen_v8_3/simulation/blk_mem_gen_v8_3.v" 3392  55
WARNING VCP7060 "Argument COLLFILE should be a 32-bit multi_channel_descriptor." "C:/Xilinx/Vivado/2019.2/data/ip/xilinx/blk_mem_gen_v8_3/simulation/blk_mem_gen_v8_3.v" 3396  34
WARNING VCP7060 "Argument COLLFILE should be a 32-bit multi_channel_descriptor." "C:/Xilinx/Vivado/2019.2/data/ip/xilinx/blk_mem_gen_v8_3/simulation/blk_mem_gen_v8_3.v" 3398  61
WARNING VCP3005 "The implicit event expression list (@*) is empty; the process will never be executed." "C:/Xilinx/Vivado/2019.2/data/ip/xilinx/blk_mem_gen_v8_3/simulation/blk_mem_gen_v8_3.v" 4024  17
MESSAGE "Running Optimizer."
MESSAGE "ELB/DAG code generating."
MESSAGE "Unit top modules: blk_mem_gen_v8_3_6."
MESSAGE "$root top modules: blk_mem_gen_v8_3_6."
SUCCESS "Compile success 0 Errors 21 Warnings  Analysis time: 0[s]."
ALOG: Warning: The source is compiled without the -dbg switch. Line breakpoints and assertion debug will not be available.
done
