# Design: Design lab2_2_1 already active.
# 
# ELBREAD: Elaboration process.
# ELBREAD: Elaboration time 0.0 [s].
# VSIM: Stack memory: 32MB
# VSIM: Retval memory: 32MB
# 
# KERNEL: Main thread initiated.
# KERNEL: Kernel process initialization phase.
# ELAB2: Elaboration final pass...
# ELAB2: Create instances ...
# KERNEL: Time resolution set to 1ps.
# ELAB2: Create instances complete.
# SLP: Started
# SLP: Elaboration phase ...
# SLP: Warning: lab2_2_1.v (36): Length of connection (32) does not match the length of port "y" (1) on instance "/lab2_2_1_partA_tb/M1/M2".
# SLP: Elaboration phase ... done : 0.0 [s]
# SLP: Generation phase ...
# SLP: Generation phase ... done : 0.3 [s]
# SLP: Finished : 0.3 [s]
# SLP: 16 (55.17%) primitives and 13 (44.83%) other processes in SLP
# SLP: 79 (100.00%) signals in SLP and 0 interface signals
# ELAB2: Elaboration final pass complete - time: 0.3 [s].
# KERNEL: SLP loading done - time: 0.0 [s].
# KERNEL: Warning: You are using the Active-HDL EDU Edition. The performance of simulation is running at a reduced rate.
# KERNEL: Warning: Contact Aldec for available upgrade options - sales@aldec.com.
# KERNEL: SLP simulation initialization done - time: 0.0 [s].
# KERNEL: Kernel process initialization done.
# Allocation: Simulator allocated 5519 kB (elbread=1280 elab2=4106 kernel=133 sdf=0)
# KERNEL: ASDB file was created in location C:\Temp\lucaspeacock\FPGA\Lab2\lab2_2_1\lab2_2_1.sim\sim_1\behav\activehdl\lab2_2_1\src\wave.asdb
#  8:38 AM, Thursday, January 30, 2020
#  Simulation has been initialized
# 4 signal(s) traced.
# Waveform file 'untitled.awc' connected to 'C:/Temp/lucaspeacock/FPGA/Lab2/lab2_2_1/lab2_2_1.sim/sim_1/behav/activehdl/lab2_2_1/src/wave.asdb'.
# KERNEL: stopped at time: 1 us
# KERNEL: Simulation has finished. There are no more test vectors to simulate.
restart
# ELBREAD: Elaboration process.
# ELBREAD: Elaboration time 0.0 [s].
# 
# KERNEL: Main thread initiated.
# KERNEL: Kernel process initialization phase.
# ELAB2: Elaboration final pass...
# ELAB2: Create instances ...
# KERNEL: Time resolution set to 1ps.
# ELAB2: Create instances complete.
# SLP: Started
# SLP: Finished. Using existing simulator library
# SLP: 16 (55.17%) primitives and 13 (44.83%) other processes in SLP
# SLP: 79 (100.00%) signals in SLP and 0 interface signals
# ELAB2: Elaboration final pass complete - time: 0.1 [s].
# KERNEL: SLP loading done - time: 0.0 [s].
# KERNEL: Warning: You are using the Active-HDL EDU Edition. The performance of simulation is running at a reduced rate.
# KERNEL: Warning: Contact Aldec for available upgrade options - sales@aldec.com.
# KERNEL: SLP simulation initialization done - time: 0.0 [s].
# KERNEL: Kernel process initialization done.
# Allocation: Simulator allocated 5519 kB (elbread=1280 elab2=4106 kernel=133 sdf=0)
# KERNEL: ASDB file was created in location C:\Temp\lucaspeacock\FPGA\Lab2\lab2_2_1\lab2_2_1.sim\sim_1\behav\activehdl\lab2_2_1\src\wave.asdb
#  8:39 AM, Thursday, January 30, 2020
#  Simulation has been initialized
# Waveform file 'untitled.awc' connected to 'C:/Temp/lucaspeacock/FPGA/Lab2/lab2_2_1/lab2_2_1.sim/sim_1/behav/activehdl/lab2_2_1/src/wave.asdb'.
# KERNEL: stopped at time: 200 ns
# KERNEL: Simulation has finished. There are no more test vectors to simulate.
