Aldec, Inc. VHDL Compiler, build 10.5.217.6767
VLM Initialized with path: "C:\Users\lucas\Documents\fpga\lab2\Lab2_afterlab\Lab2\lab2_3_1\library.cfg".
DAGGEN WARNING DAGGEN_0523: "The source is compiled without the -dbg switch. Line breakpoints and assertion debug will not be available."
COMP96 File: C:\Xilinx\Vivado\2019.2\data\ip\xilinx\axi_cdma_v4_1\hdl\axi_cdma_v4_1_vh_rfs.vhd
COMP96 Compile Package "axi_cdma_pkg"
COMP96 Compile Package Body "axi_cdma_pkg"
COMP96 Compile Entity "axi_cdma_pulse_gen"
COMP96 Compile Architecture "implementation" of Entity "axi_cdma_pulse_gen"
COMP96 Compile Entity "axi_cdma_reset"
COMP96 Compile Architecture "implementation" of Entity "axi_cdma_reset"
COMP96 Compile Entity "axi_cdma_lite_if"
COMP96 Compile Architecture "implementation" of Entity "axi_cdma_lite_if"
COMP96 Compile Entity "axi_cdma_register"
COMP96 Compile Architecture "implementation" of Entity "axi_cdma_register"
COMP96 Compile Entity "axi_cdma_reg_module"
COMP96 Compile Architecture "implementation" of Entity "axi_cdma_reg_module"
COMP96 Compile Entity "axi_cdma_sfifo_autord"
COMP96 Compile Architecture "imp" of Entity "axi_cdma_sfifo_autord"
COMP96 Compile Entity "axi_cdma_sf"
COMP96 Compile Architecture "implementation" of Entity "axi_cdma_sf"
COMP96 Compile Entity "axi_cdma_simple_cntlr"
COMP96 Compile Architecture "implementation" of Entity "axi_cdma_simple_cntlr"
COMP96 Compile Entity "axi_cdma_simple_wrap"
COMP96 Compile Architecture "implementation" of Entity "axi_cdma_simple_wrap"
COMP96 Compile Entity "axi_cdma_sg_cntlr"
COMP96 Compile Architecture "implementation" of Entity "axi_cdma_sg_cntlr"
COMP96 Compile Entity "axi_cdma_sg_wrap"
COMP96 Compile Architecture "implementation" of Entity "axi_cdma_sg_wrap"
COMP96 Compile Entity "axi_cdma"
COMP96 Compile Architecture "implementation" of Entity "axi_cdma"
COMP96 Compile success 0 Errors 0 Warnings  Analysis time :  0.8 [s]
