Aldec, Inc. VHDL Compiler, build 10.5.217.6767
VLM Initialized with path: "C:\Users\lucas\Documents\fpga\lab2\Lab2_afterlab\Lab2\lab2_3_1\library.cfg".
DAGGEN WARNING DAGGEN_0523: "The source is compiled without the -dbg switch. Line breakpoints and assertion debug will not be available."
COMP96 File: C:\Xilinx\Vivado\2019.2\data\ip\xilinx\axi_sg_v4_1\hdl\axi_sg_v4_1_rfs.vhd
COMP96 Compile Package "axi_sg_pkg"
COMP96 Compile Package Body "axi_sg_pkg"
COMP96 Compile Entity "axi_sg_reset"
COMP96 Compile Architecture "implementation" of Entity "axi_sg_reset"
COMP96 Compile Entity "axi_sg_sfifo_autord"
COMP96 Compile Architecture "imp" of Entity "axi_sg_sfifo_autord"
COMP96 Compile Entity "axi_sg_afifo_autord"
COMP96 Compile Architecture "imp" of Entity "axi_sg_afifo_autord"
COMP96 Compile Entity "axi_sg_fifo"
COMP96 Compile Architecture "imp" of Entity "axi_sg_fifo"
COMP96 Compile Entity "axi_sg_cmd_status"
COMP96 Compile Architecture "implementation" of Entity "axi_sg_cmd_status"
COMP96 Compile Entity "axi_sg_rdmux"
COMP96 Compile Architecture "implementation" of Entity "axi_sg_rdmux"
COMP96 Compile Entity "axi_sg_addr_cntl"
COMP96 Compile Architecture "implementation" of Entity "axi_sg_addr_cntl"
COMP96 Compile Entity "axi_sg_rddata_cntl"
COMP96 Compile Architecture "implementation" of Entity "axi_sg_rddata_cntl"
COMP96 Compile Entity "axi_sg_rd_status_cntl"
COMP96 Compile Architecture "implementation" of Entity "axi_sg_rd_status_cntl"
COMP96 Compile Entity "axi_sg_scc"
COMP96 Compile Architecture "implementation" of Entity "axi_sg_scc"
COMP96 Compile Entity "axi_sg_wr_demux"
COMP96 Compile Architecture "implementation" of Entity "axi_sg_wr_demux"
COMP96 Compile Entity "axi_sg_scc_wr"
COMP96 Compile Architecture "implementation" of Entity "axi_sg_scc_wr"
COMP96 Compile Entity "axi_sg_skid2mm_buf"
COMP96 Compile Architecture "implementation" of Entity "axi_sg_skid2mm_buf"
COMP96 Compile Entity "axi_sg_wrdata_cntl"
COMP96 Compile Architecture "implementation" of Entity "axi_sg_wrdata_cntl"
COMP96 Compile Entity "axi_sg_wr_status_cntl"
COMP96 Compile Architecture "implementation" of Entity "axi_sg_wr_status_cntl"
COMP96 Compile Entity "axi_sg_skid_buf"
COMP96 Compile Architecture "implementation" of Entity "axi_sg_skid_buf"
COMP96 Compile Entity "axi_sg_mm2s_basic_wrap"
COMP96 Compile Architecture "implementation" of Entity "axi_sg_mm2s_basic_wrap"
COMP96 Compile Entity "axi_sg_s2mm_basic_wrap"
COMP96 Compile Architecture "implementation" of Entity "axi_sg_s2mm_basic_wrap"
COMP96 Compile Entity "axi_sg_datamover"
COMP96 Compile Architecture "implementation" of Entity "axi_sg_datamover"
COMP96 Compile Entity "axi_sg_ftch_sm"
COMP96 Compile Architecture "implementation" of Entity "axi_sg_ftch_sm"
COMP96 Compile Entity "axi_sg_ftch_pntr"
COMP96 Compile Architecture "implementation" of Entity "axi_sg_ftch_pntr"
COMP96 Compile Entity "axi_sg_ftch_cmdsts_if"
COMP96 Compile Architecture "implementation" of Entity "axi_sg_ftch_cmdsts_if"
COMP96 Compile Entity "axi_sg_ftch_mngr"
COMP96 Compile Architecture "implementation" of Entity "axi_sg_ftch_mngr"
COMP96 Compile Entity "axi_sg_cntrl_strm"
COMP96 Compile Architecture "implementation" of Entity "axi_sg_cntrl_strm"
COMP96 Compile Entity "axi_sg_ftch_queue"
COMP96 Compile Architecture "implementation" of Entity "axi_sg_ftch_queue"
COMP96 Compile Entity "axi_sg_ftch_noqueue"
COMP96 Compile Architecture "implementation" of Entity "axi_sg_ftch_noqueue"
COMP96 Compile Entity "axi_sg_ftch_q_mngr"
COMP96 Compile Architecture "implementation" of Entity "axi_sg_ftch_q_mngr"
COMP96 Compile Entity "axi_sg_updt_cmdsts_if"
COMP96 Compile Architecture "implementation" of Entity "axi_sg_updt_cmdsts_if"
COMP96 Compile Entity "axi_sg_updt_sm"
COMP96 Compile Architecture "implementation" of Entity "axi_sg_updt_sm"
COMP96 Compile Entity "axi_sg_updt_mngr"
COMP96 Compile Architecture "implementation" of Entity "axi_sg_updt_mngr"
COMP96 Compile Entity "axi_sg_updt_queue"
COMP96 Compile Architecture "implementation" of Entity "axi_sg_updt_queue"
COMP96 Compile Entity "axi_sg_updt_noqueue"
COMP96 Compile Architecture "implementation" of Entity "axi_sg_updt_noqueue"
COMP96 Compile Entity "axi_sg_updt_q_mngr"
COMP96 Compile Architecture "implementation" of Entity "axi_sg_updt_q_mngr"
COMP96 Compile Entity "axi_sg_intrpt"
COMP96 Compile Architecture "implementation" of Entity "axi_sg_intrpt"
COMP96 Compile Entity "axi_sg"
COMP96 Compile Architecture "implementation" of Entity "axi_sg"
COMP96 Compile success 0 Errors 0 Warnings  Analysis time :  1.0 [s]
